2018-09-13 14:30:19,636 [main] ERROR org.apache.catalina.valves.ExtendedAccessLogValve - unable to decode with rest of chars starting: %h
2018-09-13 14:30:19,639 [main] INFO  org.apache.catalina.startup.VersionLoggerListener - Server version:        Apache Tomcat/7.0.59
2018-09-13 14:30:19,639 [main] INFO  org.apache.catalina.startup.VersionLoggerListener - Server built:          Jan 28 2015 15:51:10 UTC
2018-09-13 14:30:19,639 [main] INFO  org.apache.catalina.startup.VersionLoggerListener - Server number:         7.0.59.0
2018-09-13 14:30:19,639 [main] INFO  org.apache.catalina.startup.VersionLoggerListener - OS Name:               Windows 7
2018-09-13 14:30:19,640 [main] INFO  org.apache.catalina.startup.VersionLoggerListener - OS Version:            6.1
2018-09-13 14:30:19,640 [main] INFO  org.apache.catalina.startup.VersionLoggerListener - Architecture:          amd64
2018-09-13 14:30:19,640 [main] INFO  org.apache.catalina.startup.VersionLoggerListener - Java Home:             E:\Java\jdk1.7.0_79\jre
2018-09-13 14:30:19,640 [main] INFO  org.apache.catalina.startup.VersionLoggerListener - JVM Version:           1.7.0_79-b15
2018-09-13 14:30:19,640 [main] INFO  org.apache.catalina.startup.VersionLoggerListener - JVM Vendor:            Oracle Corporation
2018-09-13 14:30:19,641 [main] INFO  org.apache.catalina.startup.VersionLoggerListener - CATALINA_BASE:         F:\apache-tomcat-7.0.59(9080)
2018-09-13 14:30:19,641 [main] INFO  org.apache.catalina.startup.VersionLoggerListener - CATALINA_HOME:         F:\apache-tomcat-7.0.59(9080)
2018-09-13 14:30:19,642 [main] INFO  org.apache.catalina.startup.VersionLoggerListener - Command line argument: -Djdk.tls.ephemeralDHKeySize=2048
2018-09-13 14:30:19,642 [main] INFO  org.apache.catalina.startup.VersionLoggerListener - Command line argument: -Dnop
2018-09-13 14:30:19,644 [main] INFO  org.apache.catalina.startup.VersionLoggerListener - Command line argument: -Djava.util.logging.manager=org.apache.juli.ClassLoaderLogManager
2018-09-13 14:30:19,645 [main] INFO  org.apache.catalina.startup.VersionLoggerListener - Command line argument: -Dcatalina.base=F:\apache-tomcat-7.0.59(9080)
2018-09-13 14:30:19,646 [main] INFO  org.apache.catalina.startup.VersionLoggerListener - Command line argument: -Dcatalina.home=F:\apache-tomcat-7.0.59(9080)
2018-09-13 14:30:19,648 [main] INFO  org.apache.catalina.startup.VersionLoggerListener - Command line argument: -Djava.io.tmpdir=F:\apache-tomcat-7.0.59(9080)\temp
2018-09-13 14:30:19,650 [main] INFO  org.apache.catalina.core.AprLifecycleListener - Loaded APR based Apache Tomcat Native library 1.1.32 using APR version 1.5.1.
2018-09-13 14:30:19,652 [main] INFO  org.apache.catalina.core.AprLifecycleListener - APR capabilities: IPv6 [true], sendfile [true], accept filters [false], random [true].
2018-09-13 14:30:20,576 [main] INFO  org.apache.catalina.core.AprLifecycleListener - OpenSSL successfully initialized (OpenSSL 1.0.1j 15 Oct 2014)
2018-09-13 14:30:20,768 [main] INFO  org.apache.coyote.http11.Http11AprProtocol - Initializing ProtocolHandler ["http-apr-9080"]
2018-09-13 14:30:20,786 [main] INFO  org.apache.coyote.ajp.AjpAprProtocol - Initializing ProtocolHandler ["ajp-apr-8010"]
2018-09-13 14:30:20,792 [main] INFO  org.apache.catalina.startup.Catalina - Initialization processed in 1765 ms
2018-09-13 14:30:20,834 [main] INFO  org.apache.catalina.core.StandardService - Starting service Catalina
2018-09-13 14:30:20,835 [main] INFO  org.apache.catalina.core.StandardEngine - Starting Servlet Engine: Apache Tomcat/7.0.59
2018-09-13 14:30:20,857 [localhost-startStop-1] INFO  org.apache.catalina.startup.HostConfig - Deploying web application directory F:\apache-tomcat-7.0.59(9080)\webapps\docs
2018-09-13 14:30:22,757 [localhost-startStop-1] INFO  org.apache.catalina.util.SessionIdGeneratorBase - Creation of SecureRandom instance for session ID generation using [SHA1PRNG] took [1,160] milliseconds.
2018-09-13 14:30:22,817 [localhost-startStop-1] INFO  org.apache.catalina.startup.HostConfig - Deployment of web application directory F:\apache-tomcat-7.0.59(9080)\webapps\docs has finished in 1,960 ms
2018-09-13 14:30:22,819 [localhost-startStop-1] INFO  org.apache.catalina.startup.HostConfig - Deploying web application directory F:\apache-tomcat-7.0.59(9080)\webapps\examples
2018-09-13 14:30:23,839 [localhost-startStop-1] INFO  org.apache.catalina.core.ContainerBase.[Catalina].[localhost].[/examples] - ContextListener: contextInitialized()
2018-09-13 14:30:23,844 [localhost-startStop-1] INFO  org.apache.catalina.core.ContainerBase.[Catalina].[localhost].[/examples] - SessionListener: contextInitialized()
2018-09-13 14:30:23,860 [localhost-startStop-1] INFO  org.apache.catalina.core.ContainerBase.[Catalina].[localhost].[/examples] - ContextListener: attributeAdded('org.apache.jasper.compiler.TldLocationsCache', 'org.apache.jasper.compiler.TldLocationsCache@6bbccfbc')
2018-09-13 14:30:23,864 [localhost-startStop-1] INFO  org.apache.catalina.startup.HostConfig - Deployment of web application directory F:\apache-tomcat-7.0.59(9080)\webapps\examples has finished in 1,045 ms
2018-09-13 14:30:23,866 [localhost-startStop-1] INFO  org.apache.catalina.startup.HostConfig - Deploying web application directory F:\apache-tomcat-7.0.59(9080)\webapps\host-manager
2018-09-13 14:30:24,035 [localhost-startStop-1] INFO  org.apache.catalina.startup.HostConfig - Deployment of web application directory F:\apache-tomcat-7.0.59(9080)\webapps\host-manager has finished in 168 ms
2018-09-13 14:30:24,044 [localhost-startStop-1] INFO  org.apache.catalina.startup.HostConfig - Deploying web application directory F:\apache-tomcat-7.0.59(9080)\webapps\manager
2018-09-13 14:30:24,238 [localhost-startStop-1] INFO  org.apache.catalina.startup.HostConfig - Deployment of web application directory F:\apache-tomcat-7.0.59(9080)\webapps\manager has finished in 194 ms
2018-09-13 14:30:24,240 [localhost-startStop-1] INFO  org.apache.catalina.startup.HostConfig - Deploying web application directory F:\apache-tomcat-7.0.59(9080)\webapps\ROOT
2018-09-13 14:30:24,424 [localhost-startStop-1] INFO  org.apache.catalina.startup.HostConfig - Deployment of web application directory F:\apache-tomcat-7.0.59(9080)\webapps\ROOT has finished in 184 ms
2018-09-13 14:30:24,427 [localhost-startStop-1] INFO  org.apache.catalina.startup.HostConfig - Deploying web application directory F:\apache-tomcat-7.0.59(9080)\webapps\test
2018-09-13 14:30:24,582 [localhost-startStop-1] INFO  org.apache.catalina.startup.HostConfig - Deployment of web application directory F:\apache-tomcat-7.0.59(9080)\webapps\test has finished in 154 ms
2018-09-13 14:30:24,585 [main] INFO  org.apache.coyote.http11.Http11AprProtocol - Starting ProtocolHandler ["http-apr-9080"]
2018-09-13 14:30:24,599 [main] INFO  org.apache.coyote.ajp.AjpAprProtocol - Starting ProtocolHandler ["ajp-apr-8010"]
2018-09-13 14:30:24,602 [main] INFO  org.apache.catalina.startup.Catalina - Server startup in 3808 ms
2018-09-13 14:39:15,651 [main] ERROR org.apache.catalina.valves.ExtendedAccessLogValve - unable to decode with rest of chars starting: %h
2018-09-13 14:39:15,654 [main] INFO  org.apache.catalina.startup.VersionLoggerListener - Server version:        Apache Tomcat/7.0.59
2018-09-13 14:39:15,654 [main] INFO  org.apache.catalina.startup.VersionLoggerListener - Server built:          Jan 28 2015 15:51:10 UTC
2018-09-13 14:39:15,655 [main] INFO  org.apache.catalina.startup.VersionLoggerListener - Server number:         7.0.59.0
2018-09-13 14:39:15,655 [main] INFO  org.apache.catalina.startup.VersionLoggerListener - OS Name:               Windows 7
2018-09-13 14:39:15,655 [main] INFO  org.apache.catalina.startup.VersionLoggerListener - OS Version:            6.1
2018-09-13 14:39:15,655 [main] INFO  org.apache.catalina.startup.VersionLoggerListener - Architecture:          amd64
2018-09-13 14:39:15,655 [main] INFO  org.apache.catalina.startup.VersionLoggerListener - Java Home:             E:\Java\jdk1.7.0_79\jre
2018-09-13 14:39:15,656 [main] INFO  org.apache.catalina.startup.VersionLoggerListener - JVM Version:           1.7.0_79-b15
2018-09-13 14:39:15,656 [main] INFO  org.apache.catalina.startup.VersionLoggerListener - JVM Vendor:            Oracle Corporation
2018-09-13 14:39:15,656 [main] INFO  org.apache.catalina.startup.VersionLoggerListener - CATALINA_BASE:         F:\apache-tomcat-7.0.59(9080)
2018-09-13 14:39:15,656 [main] INFO  org.apache.catalina.startup.VersionLoggerListener - CATALINA_HOME:         F:\apache-tomcat-7.0.59(9080)
2018-09-13 14:39:15,657 [main] INFO  org.apache.catalina.startup.VersionLoggerListener - Command line argument: -Djdk.tls.ephemeralDHKeySize=2048
2018-09-13 14:39:15,658 [main] INFO  org.apache.catalina.startup.VersionLoggerListener - Command line argument: -Dnop
2018-09-13 14:39:15,659 [main] INFO  org.apache.catalina.startup.VersionLoggerListener - Command line argument: -Djava.util.logging.manager=org.apache.juli.ClassLoaderLogManager
2018-09-13 14:39:15,661 [main] INFO  org.apache.catalina.startup.VersionLoggerListener - Command line argument: -Dcatalina.base=F:\apache-tomcat-7.0.59(9080)
2018-09-13 14:39:15,663 [main] INFO  org.apache.catalina.startup.VersionLoggerListener - Command line argument: -Dcatalina.home=F:\apache-tomcat-7.0.59(9080)
2018-09-13 14:39:15,665 [main] INFO  org.apache.catalina.startup.VersionLoggerListener - Command line argument: -Djava.io.tmpdir=F:\apache-tomcat-7.0.59(9080)\temp
2018-09-13 14:39:15,666 [main] INFO  org.apache.catalina.core.AprLifecycleListener - Loaded APR based Apache Tomcat Native library 1.1.32 using APR version 1.5.1.
2018-09-13 14:39:15,668 [main] INFO  org.apache.catalina.core.AprLifecycleListener - APR capabilities: IPv6 [true], sendfile [true], accept filters [false], random [true].
2018-09-13 14:39:16,266 [main] INFO  org.apache.catalina.core.AprLifecycleListener - OpenSSL successfully initialized (OpenSSL 1.0.1j 15 Oct 2014)
2018-09-13 14:39:16,381 [main] INFO  org.apache.coyote.http11.Http11AprProtocol - Initializing ProtocolHandler ["http-apr-9080"]
2018-09-13 14:39:16,394 [main] INFO  org.apache.coyote.ajp.AjpAprProtocol - Initializing ProtocolHandler ["ajp-apr-8010"]
2018-09-13 14:39:16,416 [main] ERROR org.apache.coyote.ajp.AjpAprProtocol - Failed to initialize end point associated with ProtocolHandler ["ajp-apr-8010"]
java.lang.Exception: Socket bind failed: [730048] ͨ³£ÿ¸öÌ׽Ó×ֵØַ(ЭÒé/ÍøÂçµØַ/¶˿Ú)ֻÔÊÐíʹÓ
	at org.apache.tomcat.util.net.AprEndpoint.bind(AprEndpoint.java:453)
	at org.apache.tomcat.util.net.AbstractEndpoint.init(AbstractEndpoint.java:646)
	at org.apache.coyote.AbstractProtocol.init(AbstractProtocol.java:434)
	at org.apache.catalina.connector.Connector.initInternal(Connector.java:978)
	at org.apache.catalina.util.LifecycleBase.init(LifecycleBase.java:102)
	at org.apache.catalina.core.StandardService.initInternal(StandardService.java:559)
	at org.apache.catalina.util.LifecycleBase.init(LifecycleBase.java:102)
	at org.apache.catalina.core.StandardServer.initInternal(StandardServer.java:821)
	at org.apache.catalina.util.LifecycleBase.init(LifecycleBase.java:102)
	at org.apache.catalina.startup.Catalina.load(Catalina.java:638)
	at org.apache.catalina.startup.Catalina.load(Catalina.java:663)
	at sun.reflect.NativeMethodAccessorImpl.invoke0(Native Method)
	at sun.reflect.NativeMethodAccessorImpl.invoke(NativeMethodAccessorImpl.java:57)
	at sun.reflect.DelegatingMethodAccessorImpl.invoke(DelegatingMethodAccessorImpl.java:43)
	at java.lang.reflect.Method.invoke(Method.java:606)
	at org.apache.catalina.startup.Bootstrap.load(Bootstrap.java:280)
	at org.apache.catalina.startup.Bootstrap.main(Bootstrap.java:454)
2018-09-13 14:39:16,429 [main] ERROR org.apache.catalina.core.StandardService - Failed to initialize connector [Connector[AJP/1.3-8010]]
org.apache.catalina.LifecycleException: Failed to initialize component [Connector[AJP/1.3-8010]]
	at org.apache.catalina.util.LifecycleBase.init(LifecycleBase.java:106)
	at org.apache.catalina.core.StandardService.initInternal(StandardService.java:559)
	at org.apache.catalina.util.LifecycleBase.init(LifecycleBase.java:102)
	at org.apache.catalina.core.StandardServer.initInternal(StandardServer.java:821)
	at org.apache.catalina.util.LifecycleBase.init(LifecycleBase.java:102)
	at org.apache.catalina.startup.Catalina.load(Catalina.java:638)
	at org.apache.catalina.startup.Catalina.load(Catalina.java:663)
	at sun.reflect.NativeMethodAccessorImpl.invoke0(Native Method)
	at sun.reflect.NativeMethodAccessorImpl.invoke(NativeMethodAccessorImpl.java:57)
	at sun.reflect.DelegatingMethodAccessorImpl.invoke(DelegatingMethodAccessorImpl.java:43)
	at java.lang.reflect.Method.invoke(Method.java:606)
	at org.apache.catalina.startup.Bootstrap.load(Bootstrap.java:280)
	at org.apache.catalina.startup.Bootstrap.main(Bootstrap.java:454)
Caused by: org.apache.catalina.LifecycleException: Protocol handler initialization failed
	at org.apache.catalina.connector.Connector.initInternal(Connector.java:980)
	at org.apache.catalina.util.LifecycleBase.init(LifecycleBase.java:102)
	... 12 more
Caused by: java.lang.Exception: Socket bind failed: [730048] ͨ³£ÿ¸öÌ׽Ó×ֵØַ(ЭÒé/ÍøÂçµØַ/¶˿Ú)ֻÔÊÐíʹÓ
	at org.apache.tomcat.util.net.AprEndpoint.bind(AprEndpoint.java:453)
	at org.apache.tomcat.util.net.AbstractEndpoint.init(AbstractEndpoint.java:646)
	at org.apache.coyote.AbstractProtocol.init(AbstractProtocol.java:434)
	at org.apache.catalina.connector.Connector.initInternal(Connector.java:978)
	... 13 more
2018-09-13 14:39:16,450 [main] INFO  org.apache.catalina.startup.Catalina - Initialization processed in 1204 ms
2018-09-13 14:39:16,478 [main] INFO  org.apache.catalina.core.StandardService - Starting service Catalina
2018-09-13 14:39:16,480 [main] INFO  org.apache.catalina.core.StandardEngine - Starting Servlet Engine: Apache Tomcat/7.0.59
2018-09-13 14:39:16,490 [localhost-startStop-1] INFO  org.apache.catalina.startup.HostConfig - Deploying web application directory F:\apache-tomcat-7.0.59(9080)\webapps\docs
2018-09-13 14:39:17,894 [localhost-startStop-1] INFO  org.apache.catalina.util.SessionIdGeneratorBase - Creation of SecureRandom instance for session ID generation using [SHA1PRNG] took [906] milliseconds.
2018-09-13 14:39:17,914 [localhost-startStop-1] INFO  org.apache.catalina.startup.HostConfig - Deployment of web application directory F:\apache-tomcat-7.0.59(9080)\webapps\docs has finished in 1,425 ms
2018-09-13 14:39:17,922 [localhost-startStop-1] INFO  org.apache.catalina.startup.HostConfig - Deploying web application directory F:\apache-tomcat-7.0.59(9080)\webapps\examples
2018-09-13 14:39:18,312 [localhost-startStop-1] INFO  org.apache.catalina.core.ContainerBase.[Catalina].[localhost].[/examples] - ContextListener: contextInitialized()
2018-09-13 14:39:18,314 [localhost-startStop-1] INFO  org.apache.catalina.core.ContainerBase.[Catalina].[localhost].[/examples] - SessionListener: contextInitialized()
2018-09-13 14:39:18,328 [localhost-startStop-1] INFO  org.apache.catalina.core.ContainerBase.[Catalina].[localhost].[/examples] - ContextListener: attributeAdded('org.apache.jasper.compiler.TldLocationsCache', 'org.apache.jasper.compiler.TldLocationsCache@7bea4ab9')
2018-09-13 14:39:18,331 [localhost-startStop-1] INFO  org.apache.catalina.startup.HostConfig - Deployment of web application directory F:\apache-tomcat-7.0.59(9080)\webapps\examples has finished in 408 ms
2018-09-13 14:39:18,332 [localhost-startStop-1] INFO  org.apache.catalina.startup.HostConfig - Deploying web application directory F:\apache-tomcat-7.0.59(9080)\webapps\host-manager
2018-09-13 14:39:18,462 [localhost-startStop-1] INFO  org.apache.catalina.startup.HostConfig - Deployment of web application directory F:\apache-tomcat-7.0.59(9080)\webapps\host-manager has finished in 130 ms
2018-09-13 14:39:18,463 [localhost-startStop-1] INFO  org.apache.catalina.startup.HostConfig - Deploying web application directory F:\apache-tomcat-7.0.59(9080)\webapps\manager
2018-09-13 14:39:18,588 [localhost-startStop-1] INFO  org.apache.catalina.startup.HostConfig - Deployment of web application directory F:\apache-tomcat-7.0.59(9080)\webapps\manager has finished in 125 ms
2018-09-13 14:39:18,589 [localhost-startStop-1] INFO  org.apache.catalina.startup.HostConfig - Deploying web application directory F:\apache-tomcat-7.0.59(9080)\webapps\ROOT
2018-09-13 14:39:18,700 [localhost-startStop-1] INFO  org.apache.catalina.startup.HostConfig - Deployment of web application directory F:\apache-tomcat-7.0.59(9080)\webapps\ROOT has finished in 111 ms
2018-09-13 14:39:18,702 [localhost-startStop-1] INFO  org.apache.catalina.startup.HostConfig - Deploying web application directory F:\apache-tomcat-7.0.59(9080)\webapps\test
2018-09-13 14:39:18,811 [localhost-startStop-1] INFO  org.apache.catalina.startup.HostConfig - Deployment of web application directory F:\apache-tomcat-7.0.59(9080)\webapps\test has finished in 109 ms
2018-09-13 14:39:18,814 [main] INFO  org.apache.coyote.http11.Http11AprProtocol - Starting ProtocolHandler ["http-apr-9080"]
2018-09-13 14:39:18,823 [main] INFO  org.apache.catalina.startup.Catalina - Server startup in 2372 ms
2018-09-13 14:39:18,856 [main] ERROR org.apache.catalina.core.StandardServer - StandardServer.await: create[localhost:8016]: 
java.net.BindException: Address already in use: JVM_Bind
	at java.net.DualStackPlainSocketImpl.bind0(Native Method)
	at java.net.DualStackPlainSocketImpl.socketBind(DualStackPlainSocketImpl.java:106)
	at java.net.AbstractPlainSocketImpl.bind(AbstractPlainSocketImpl.java:376)
	at java.net.PlainSocketImpl.bind(PlainSocketImpl.java:190)
	at java.net.ServerSocket.bind(ServerSocket.java:376)
	at java.net.ServerSocket.<init>(ServerSocket.java:237)
	at org.apache.catalina.core.StandardServer.await(StandardServer.java:427)
	at org.apache.catalina.startup.Catalina.await(Catalina.java:777)
	at org.apache.catalina.startup.Catalina.start(Catalina.java:723)
	at sun.reflect.NativeMethodAccessorImpl.invoke0(Native Method)
	at sun.reflect.NativeMethodAccessorImpl.invoke(NativeMethodAccessorImpl.java:57)
	at sun.reflect.DelegatingMethodAccessorImpl.invoke(DelegatingMethodAccessorImpl.java:43)
	at java.lang.reflect.Method.invoke(Method.java:606)
	at org.apache.catalina.startup.Bootstrap.start(Bootstrap.java:321)
	at org.apache.catalina.startup.Bootstrap.main(Bootstrap.java:455)
2018-09-13 14:39:18,862 [main] INFO  org.apache.coyote.http11.Http11AprProtocol - Pausing ProtocolHandler ["http-apr-9080"]
2018-09-13 14:39:18,920 [main] INFO  org.apache.coyote.ajp.AjpAprProtocol - Pausing ProtocolHandler ["ajp-apr-8010"]
2018-09-13 14:39:18,923 [main] INFO  org.apache.catalina.core.StandardService - Stopping service Catalina
2018-09-13 14:39:18,968 [localhost-startStop-1] INFO  org.apache.catalina.core.ContainerBase.[Catalina].[localhost].[/examples] - SessionListener: contextDestroyed()
2018-09-13 14:39:18,970 [localhost-startStop-1] INFO  org.apache.catalina.core.ContainerBase.[Catalina].[localhost].[/examples] - ContextListener: contextDestroyed()
2018-09-13 14:39:18,984 [main] INFO  org.apache.coyote.http11.Http11AprProtocol - Stopping ProtocolHandler ["http-apr-9080"]
2018-09-13 14:39:19,035 [main] INFO  org.apache.coyote.http11.Http11AprProtocol - Destroying ProtocolHandler ["http-apr-9080"]
2018-09-13 14:39:19,039 [main] INFO  org.apache.coyote.ajp.AjpAprProtocol - Stopping ProtocolHandler ["ajp-apr-8010"]
2018-09-13 14:39:19,041 [main] INFO  org.apache.coyote.ajp.AjpAprProtocol - Destroying ProtocolHandler ["ajp-apr-8010"]
2018-09-13 14:40:41,500 [main] ERROR org.apache.catalina.valves.ExtendedAccessLogValve - unable to decode with rest of chars starting: %h
2018-09-13 14:40:41,503 [main] INFO  org.apache.catalina.startup.VersionLoggerListener - Server version:        Apache Tomcat/7.0.59
2018-09-13 14:40:41,504 [main] INFO  org.apache.catalina.startup.VersionLoggerListener - Server built:          Jan 28 2015 15:51:10 UTC
2018-09-13 14:40:41,504 [main] INFO  org.apache.catalina.startup.VersionLoggerListener - Server number:         7.0.59.0
2018-09-13 14:40:41,505 [main] INFO  org.apache.catalina.startup.VersionLoggerListener - OS Name:               Windows 7
2018-09-13 14:40:41,505 [main] INFO  org.apache.catalina.startup.VersionLoggerListener - OS Version:            6.1
2018-09-13 14:40:41,505 [main] INFO  org.apache.catalina.startup.VersionLoggerListener - Architecture:          amd64
2018-09-13 14:40:41,505 [main] INFO  org.apache.catalina.startup.VersionLoggerListener - Java Home:             E:\Java\jdk1.7.0_79\jre
2018-09-13 14:40:41,506 [main] INFO  org.apache.catalina.startup.VersionLoggerListener - JVM Version:           1.7.0_79-b15
2018-09-13 14:40:41,506 [main] INFO  org.apache.catalina.startup.VersionLoggerListener - JVM Vendor:            Oracle Corporation
2018-09-13 14:40:41,506 [main] INFO  org.apache.catalina.startup.VersionLoggerListener - CATALINA_BASE:         F:\apache-tomcat-7.0.59(9080)
2018-09-13 14:40:41,506 [main] INFO  org.apache.catalina.startup.VersionLoggerListener - CATALINA_HOME:         F:\apache-tomcat-7.0.59(9080)
2018-09-13 14:40:41,507 [main] INFO  org.apache.catalina.startup.VersionLoggerListener - Command line argument: -Djdk.tls.ephemeralDHKeySize=2048
2018-09-13 14:40:41,508 [main] INFO  org.apache.catalina.startup.VersionLoggerListener - Command line argument: -Dnop
2018-09-13 14:40:41,510 [main] INFO  org.apache.catalina.startup.VersionLoggerListener - Command line argument: -Djava.util.logging.manager=org.apache.juli.ClassLoaderLogManager
2018-09-13 14:40:41,512 [main] INFO  org.apache.catalina.startup.VersionLoggerListener - Command line argument: -Dcatalina.base=F:\apache-tomcat-7.0.59(9080)
2018-09-13 14:40:41,514 [main] INFO  org.apache.catalina.startup.VersionLoggerListener - Command line argument: -Dcatalina.home=F:\apache-tomcat-7.0.59(9080)
2018-09-13 14:40:41,515 [main] INFO  org.apache.catalina.startup.VersionLoggerListener - Command line argument: -Djava.io.tmpdir=F:\apache-tomcat-7.0.59(9080)\temp
2018-09-13 14:40:41,517 [main] INFO  org.apache.catalina.core.AprLifecycleListener - Loaded APR based Apache Tomcat Native library 1.1.32 using APR version 1.5.1.
2018-09-13 14:40:41,519 [main] INFO  org.apache.catalina.core.AprLifecycleListener - APR capabilities: IPv6 [true], sendfile [true], accept filters [false], random [true].
2018-09-13 14:40:42,066 [main] INFO  org.apache.catalina.core.AprLifecycleListener - OpenSSL successfully initialized (OpenSSL 1.0.1j 15 Oct 2014)
2018-09-13 14:40:42,174 [main] INFO  org.apache.coyote.http11.Http11AprProtocol - Initializing ProtocolHandler ["http-apr-9080"]
2018-09-13 14:40:42,190 [main] INFO  org.apache.coyote.ajp.AjpAprProtocol - Initializing ProtocolHandler ["ajp-apr-8011"]
2018-09-13 14:40:42,195 [main] INFO  org.apache.catalina.startup.Catalina - Initialization processed in 1079 ms
2018-09-13 14:40:42,226 [main] INFO  org.apache.catalina.core.StandardService - Starting service Catalina
2018-09-13 14:40:42,228 [main] INFO  org.apache.catalina.core.StandardEngine - Starting Servlet Engine: Apache Tomcat/7.0.59
2018-09-13 14:40:42,239 [localhost-startStop-1] INFO  org.apache.catalina.startup.HostConfig - Deploying web application directory F:\apache-tomcat-7.0.59(9080)\webapps\docs
2018-09-13 14:40:43,640 [localhost-startStop-1] INFO  org.apache.catalina.util.SessionIdGeneratorBase - Creation of SecureRandom instance for session ID generation using [SHA1PRNG] took [887] milliseconds.
2018-09-13 14:40:43,659 [localhost-startStop-1] INFO  org.apache.catalina.startup.HostConfig - Deployment of web application directory F:\apache-tomcat-7.0.59(9080)\webapps\docs has finished in 1,420 ms
2018-09-13 14:40:43,662 [localhost-startStop-1] INFO  org.apache.catalina.startup.HostConfig - Deploying web application directory F:\apache-tomcat-7.0.59(9080)\webapps\examples
2018-09-13 14:40:44,028 [localhost-startStop-1] INFO  org.apache.catalina.core.ContainerBase.[Catalina].[localhost].[/examples] - ContextListener: contextInitialized()
2018-09-13 14:40:44,030 [localhost-startStop-1] INFO  org.apache.catalina.core.ContainerBase.[Catalina].[localhost].[/examples] - SessionListener: contextInitialized()
2018-09-13 14:40:44,043 [localhost-startStop-1] INFO  org.apache.catalina.core.ContainerBase.[Catalina].[localhost].[/examples] - ContextListener: attributeAdded('org.apache.jasper.compiler.TldLocationsCache', 'org.apache.jasper.compiler.TldLocationsCache@dcddc96')
2018-09-13 14:40:44,045 [localhost-startStop-1] INFO  org.apache.catalina.startup.HostConfig - Deployment of web application directory F:\apache-tomcat-7.0.59(9080)\webapps\examples has finished in 384 ms
2018-09-13 14:40:44,046 [localhost-startStop-1] INFO  org.apache.catalina.startup.HostConfig - Deploying web application directory F:\apache-tomcat-7.0.59(9080)\webapps\host-manager
2018-09-13 14:40:44,171 [localhost-startStop-1] INFO  org.apache.catalina.startup.HostConfig - Deployment of web application directory F:\apache-tomcat-7.0.59(9080)\webapps\host-manager has finished in 125 ms
2018-09-13 14:40:44,172 [localhost-startStop-1] INFO  org.apache.catalina.startup.HostConfig - Deploying web application directory F:\apache-tomcat-7.0.59(9080)\webapps\manager
2018-09-13 14:40:44,300 [localhost-startStop-1] INFO  org.apache.catalina.startup.HostConfig - Deployment of web application directory F:\apache-tomcat-7.0.59(9080)\webapps\manager has finished in 128 ms
2018-09-13 14:40:44,301 [localhost-startStop-1] INFO  org.apache.catalina.startup.HostConfig - Deploying web application directory F:\apache-tomcat-7.0.59(9080)\webapps\ROOT
2018-09-13 14:40:44,410 [localhost-startStop-1] INFO  org.apache.catalina.startup.HostConfig - Deployment of web application directory F:\apache-tomcat-7.0.59(9080)\webapps\ROOT has finished in 109 ms
2018-09-13 14:40:44,413 [localhost-startStop-1] INFO  org.apache.catalina.startup.HostConfig - Deploying web application directory F:\apache-tomcat-7.0.59(9080)\webapps\test
2018-09-13 14:40:44,524 [localhost-startStop-1] INFO  org.apache.catalina.startup.HostConfig - Deployment of web application directory F:\apache-tomcat-7.0.59(9080)\webapps\test has finished in 110 ms
2018-09-13 14:40:44,526 [main] INFO  org.apache.coyote.http11.Http11AprProtocol - Starting ProtocolHandler ["http-apr-9080"]
2018-09-13 14:40:44,535 [main] INFO  org.apache.coyote.ajp.AjpAprProtocol - Starting ProtocolHandler ["ajp-apr-8011"]
2018-09-13 14:40:44,537 [main] INFO  org.apache.catalina.startup.Catalina - Server startup in 2342 ms
2018-09-13 14:40:44,577 [main] ERROR org.apache.catalina.core.StandardServer - StandardServer.await: create[localhost:8016]: 
java.net.BindException: Address already in use: JVM_Bind
	at java.net.DualStackPlainSocketImpl.bind0(Native Method)
	at java.net.DualStackPlainSocketImpl.socketBind(DualStackPlainSocketImpl.java:106)
	at java.net.AbstractPlainSocketImpl.bind(AbstractPlainSocketImpl.java:376)
	at java.net.PlainSocketImpl.bind(PlainSocketImpl.java:190)
	at java.net.ServerSocket.bind(ServerSocket.java:376)
	at java.net.ServerSocket.<init>(ServerSocket.java:237)
	at org.apache.catalina.core.StandardServer.await(StandardServer.java:427)
	at org.apache.catalina.startup.Catalina.await(Catalina.java:777)
	at org.apache.catalina.startup.Catalina.start(Catalina.java:723)
	at sun.reflect.NativeMethodAccessorImpl.invoke0(Native Method)
	at sun.reflect.NativeMethodAccessorImpl.invoke(NativeMethodAccessorImpl.java:57)
	at sun.reflect.DelegatingMethodAccessorImpl.invoke(DelegatingMethodAccessorImpl.java:43)
	at java.lang.reflect.Method.invoke(Method.java:606)
	at org.apache.catalina.startup.Bootstrap.start(Bootstrap.java:321)
	at org.apache.catalina.startup.Bootstrap.main(Bootstrap.java:455)
2018-09-13 14:40:44,587 [main] INFO  org.apache.coyote.http11.Http11AprProtocol - Pausing ProtocolHandler ["http-apr-9080"]
2018-09-13 14:40:44,640 [main] INFO  org.apache.coyote.ajp.AjpAprProtocol - Pausing ProtocolHandler ["ajp-apr-8011"]
2018-09-13 14:40:44,694 [main] INFO  org.apache.catalina.core.StandardService - Stopping service Catalina
2018-09-13 14:40:44,747 [localhost-startStop-1] INFO  org.apache.catalina.core.ContainerBase.[Catalina].[localhost].[/examples] - SessionListener: contextDestroyed()
2018-09-13 14:40:44,748 [localhost-startStop-1] INFO  org.apache.catalina.core.ContainerBase.[Catalina].[localhost].[/examples] - ContextListener: contextDestroyed()
2018-09-13 14:40:44,767 [main] INFO  org.apache.coyote.http11.Http11AprProtocol - Stopping ProtocolHandler ["http-apr-9080"]
2018-09-13 14:40:44,819 [main] INFO  org.apache.coyote.ajp.AjpAprProtocol - Stopping ProtocolHandler ["ajp-apr-8011"]
2018-09-13 14:40:44,870 [main] INFO  org.apache.coyote.http11.Http11AprProtocol - Destroying ProtocolHandler ["http-apr-9080"]
2018-09-13 14:40:44,874 [main] INFO  org.apache.coyote.ajp.AjpAprProtocol - Destroying ProtocolHandler ["ajp-apr-8011"]
2018-09-13 14:41:23,405 [main] ERROR org.apache.catalina.valves.ExtendedAccessLogValve - unable to decode with rest of chars starting: %h
2018-09-13 14:41:23,408 [main] INFO  org.apache.catalina.startup.VersionLoggerListener - Server version:        Apache Tomcat/7.0.59
2018-09-13 14:41:23,409 [main] INFO  org.apache.catalina.startup.VersionLoggerListener - Server built:          Jan 28 2015 15:51:10 UTC
2018-09-13 14:41:23,409 [main] INFO  org.apache.catalina.startup.VersionLoggerListener - Server number:         7.0.59.0
2018-09-13 14:41:23,409 [main] INFO  org.apache.catalina.startup.VersionLoggerListener - OS Name:               Windows 7
2018-09-13 14:41:23,409 [main] INFO  org.apache.catalina.startup.VersionLoggerListener - OS Version:            6.1
2018-09-13 14:41:23,410 [main] INFO  org.apache.catalina.startup.VersionLoggerListener - Architecture:          amd64
2018-09-13 14:41:23,410 [main] INFO  org.apache.catalina.startup.VersionLoggerListener - Java Home:             E:\Java\jdk1.7.0_79\jre
2018-09-13 14:41:23,410 [main] INFO  org.apache.catalina.startup.VersionLoggerListener - JVM Version:           1.7.0_79-b15
2018-09-13 14:41:23,411 [main] INFO  org.apache.catalina.startup.VersionLoggerListener - JVM Vendor:            Oracle Corporation
2018-09-13 14:41:23,411 [main] INFO  org.apache.catalina.startup.VersionLoggerListener - CATALINA_BASE:         F:\apache-tomcat-7.0.59(9080)
2018-09-13 14:41:23,411 [main] INFO  org.apache.catalina.startup.VersionLoggerListener - CATALINA_HOME:         F:\apache-tomcat-7.0.59(9080)
2018-09-13 14:41:23,412 [main] INFO  org.apache.catalina.startup.VersionLoggerListener - Command line argument: -Djdk.tls.ephemeralDHKeySize=2048
2018-09-13 14:41:23,413 [main] INFO  org.apache.catalina.startup.VersionLoggerListener - Command line argument: -Dnop
2018-09-13 14:41:23,415 [main] INFO  org.apache.catalina.startup.VersionLoggerListener - Command line argument: -Djava.util.logging.manager=org.apache.juli.ClassLoaderLogManager
2018-09-13 14:41:23,417 [main] INFO  org.apache.catalina.startup.VersionLoggerListener - Command line argument: -Dcatalina.base=F:\apache-tomcat-7.0.59(9080)
2018-09-13 14:41:23,418 [main] INFO  org.apache.catalina.startup.VersionLoggerListener - Command line argument: -Dcatalina.home=F:\apache-tomcat-7.0.59(9080)
2018-09-13 14:41:23,420 [main] INFO  org.apache.catalina.startup.VersionLoggerListener - Command line argument: -Djava.io.tmpdir=F:\apache-tomcat-7.0.59(9080)\temp
2018-09-13 14:41:23,422 [main] INFO  org.apache.catalina.core.AprLifecycleListener - Loaded APR based Apache Tomcat Native library 1.1.32 using APR version 1.5.1.
2018-09-13 14:41:23,424 [main] INFO  org.apache.catalina.core.AprLifecycleListener - APR capabilities: IPv6 [true], sendfile [true], accept filters [false], random [true].
2018-09-13 14:41:24,039 [main] INFO  org.apache.catalina.core.AprLifecycleListener - OpenSSL successfully initialized (OpenSSL 1.0.1j 15 Oct 2014)
2018-09-13 14:41:24,148 [main] INFO  org.apache.coyote.http11.Http11AprProtocol - Initializing ProtocolHandler ["http-apr-9080"]
2018-09-13 14:41:24,161 [main] INFO  org.apache.coyote.ajp.AjpAprProtocol - Initializing ProtocolHandler ["ajp-apr-8011"]
2018-09-13 14:41:24,166 [main] INFO  org.apache.catalina.startup.Catalina - Initialization processed in 1162 ms
2018-09-13 14:41:24,192 [main] INFO  org.apache.catalina.core.StandardService - Starting service Catalina
2018-09-13 14:41:24,193 [main] INFO  org.apache.catalina.core.StandardEngine - Starting Servlet Engine: Apache Tomcat/7.0.59
2018-09-13 14:41:24,201 [localhost-startStop-1] INFO  org.apache.catalina.startup.HostConfig - Deploying web application directory F:\apache-tomcat-7.0.59(9080)\webapps\docs
2018-09-13 14:41:25,545 [localhost-startStop-1] INFO  org.apache.catalina.util.SessionIdGeneratorBase - Creation of SecureRandom instance for session ID generation using [SHA1PRNG] took [859] milliseconds.
2018-09-13 14:41:25,565 [localhost-startStop-1] INFO  org.apache.catalina.startup.HostConfig - Deployment of web application directory F:\apache-tomcat-7.0.59(9080)\webapps\docs has finished in 1,364 ms
2018-09-13 14:41:25,566 [localhost-startStop-1] INFO  org.apache.catalina.startup.HostConfig - Deploying web application directory F:\apache-tomcat-7.0.59(9080)\webapps\examples
2018-09-13 14:41:25,939 [localhost-startStop-1] INFO  org.apache.catalina.core.ContainerBase.[Catalina].[localhost].[/examples] - ContextListener: contextInitialized()
2018-09-13 14:41:25,940 [localhost-startStop-1] INFO  org.apache.catalina.core.ContainerBase.[Catalina].[localhost].[/examples] - SessionListener: contextInitialized()
2018-09-13 14:41:25,952 [localhost-startStop-1] INFO  org.apache.catalina.core.ContainerBase.[Catalina].[localhost].[/examples] - ContextListener: attributeAdded('org.apache.jasper.compiler.TldLocationsCache', 'org.apache.jasper.compiler.TldLocationsCache@44874910')
2018-09-13 14:41:25,954 [localhost-startStop-1] INFO  org.apache.catalina.startup.HostConfig - Deployment of web application directory F:\apache-tomcat-7.0.59(9080)\webapps\examples has finished in 388 ms
2018-09-13 14:41:25,956 [localhost-startStop-1] INFO  org.apache.catalina.startup.HostConfig - Deploying web application directory F:\apache-tomcat-7.0.59(9080)\webapps\host-manager
2018-09-13 14:41:26,080 [localhost-startStop-1] INFO  org.apache.catalina.startup.HostConfig - Deployment of web application directory F:\apache-tomcat-7.0.59(9080)\webapps\host-manager has finished in 124 ms
2018-09-13 14:41:26,081 [localhost-startStop-1] INFO  org.apache.catalina.startup.HostConfig - Deploying web application directory F:\apache-tomcat-7.0.59(9080)\webapps\manager
2018-09-13 14:41:26,199 [localhost-startStop-1] INFO  org.apache.catalina.startup.HostConfig - Deployment of web application directory F:\apache-tomcat-7.0.59(9080)\webapps\manager has finished in 118 ms
2018-09-13 14:41:26,200 [localhost-startStop-1] INFO  org.apache.catalina.startup.HostConfig - Deploying web application directory F:\apache-tomcat-7.0.59(9080)\webapps\ROOT
2018-09-13 14:41:26,309 [localhost-startStop-1] INFO  org.apache.catalina.startup.HostConfig - Deployment of web application directory F:\apache-tomcat-7.0.59(9080)\webapps\ROOT has finished in 109 ms
2018-09-13 14:41:26,311 [localhost-startStop-1] INFO  org.apache.catalina.startup.HostConfig - Deploying web application directory F:\apache-tomcat-7.0.59(9080)\webapps\test
2018-09-13 14:41:26,416 [localhost-startStop-1] INFO  org.apache.catalina.startup.HostConfig - Deployment of web application directory F:\apache-tomcat-7.0.59(9080)\webapps\test has finished in 105 ms
2018-09-13 14:41:26,419 [main] INFO  org.apache.coyote.http11.Http11AprProtocol - Starting ProtocolHandler ["http-apr-9080"]
2018-09-13 14:41:26,428 [main] INFO  org.apache.coyote.ajp.AjpAprProtocol - Starting ProtocolHandler ["ajp-apr-8011"]
2018-09-13 14:41:26,430 [main] INFO  org.apache.catalina.startup.Catalina - Server startup in 2263 ms
2018-09-13 15:25:58,328 [main] ERROR org.apache.catalina.valves.ExtendedAccessLogValve - unable to decode with rest of chars starting: %h
2018-09-13 15:25:58,333 [main] INFO  org.apache.catalina.startup.VersionLoggerListener - Server version:        Apache Tomcat/7.0.59
2018-09-13 15:25:58,333 [main] INFO  org.apache.catalina.startup.VersionLoggerListener - Server built:          Jan 28 2015 15:51:10 UTC
2018-09-13 15:25:58,333 [main] INFO  org.apache.catalina.startup.VersionLoggerListener - Server number:         7.0.59.0
2018-09-13 15:25:58,334 [main] INFO  org.apache.catalina.startup.VersionLoggerListener - OS Name:               Windows 7
2018-09-13 15:25:58,334 [main] INFO  org.apache.catalina.startup.VersionLoggerListener - OS Version:            6.1
2018-09-13 15:25:58,334 [main] INFO  org.apache.catalina.startup.VersionLoggerListener - Architecture:          amd64
2018-09-13 15:25:58,334 [main] INFO  org.apache.catalina.startup.VersionLoggerListener - Java Home:             E:\Java\jdk1.7.0_79\jre
2018-09-13 15:25:58,335 [main] INFO  org.apache.catalina.startup.VersionLoggerListener - JVM Version:           1.7.0_79-b15
2018-09-13 15:25:58,335 [main] INFO  org.apache.catalina.startup.VersionLoggerListener - JVM Vendor:            Oracle Corporation
2018-09-13 15:25:58,335 [main] INFO  org.apache.catalina.startup.VersionLoggerListener - CATALINA_BASE:         F:\apache-tomcat-7.0.59(9080)
2018-09-13 15:25:58,335 [main] INFO  org.apache.catalina.startup.VersionLoggerListener - CATALINA_HOME:         F:\apache-tomcat-7.0.59(9080)
2018-09-13 15:25:58,336 [main] INFO  org.apache.catalina.startup.VersionLoggerListener - Command line argument: -Djdk.tls.ephemeralDHKeySize=2048
2018-09-13 15:25:58,338 [main] INFO  org.apache.catalina.startup.VersionLoggerListener - Command line argument: -Dnop
2018-09-13 15:25:58,339 [main] INFO  org.apache.catalina.startup.VersionLoggerListener - Command line argument: -Djava.util.logging.manager=org.apache.juli.ClassLoaderLogManager
2018-09-13 15:25:58,342 [main] INFO  org.apache.catalina.startup.VersionLoggerListener - Command line argument: -Dcatalina.base=F:\apache-tomcat-7.0.59(9080)
2018-09-13 15:25:58,343 [main] INFO  org.apache.catalina.startup.VersionLoggerListener - Command line argument: -Dcatalina.home=F:\apache-tomcat-7.0.59(9080)
2018-09-13 15:25:58,345 [main] INFO  org.apache.catalina.startup.VersionLoggerListener - Command line argument: -Djava.io.tmpdir=F:\apache-tomcat-7.0.59(9080)\temp
2018-09-13 15:25:58,347 [main] INFO  org.apache.catalina.core.AprLifecycleListener - Loaded APR based Apache Tomcat Native library 1.1.32 using APR version 1.5.1.
2018-09-13 15:25:58,349 [main] INFO  org.apache.catalina.core.AprLifecycleListener - APR capabilities: IPv6 [true], sendfile [true], accept filters [false], random [true].
2018-09-13 15:25:58,998 [main] INFO  org.apache.catalina.core.AprLifecycleListener - OpenSSL successfully initialized (OpenSSL 1.0.1j 15 Oct 2014)
2018-09-13 15:25:59,101 [main] INFO  org.apache.coyote.http11.Http11AprProtocol - Initializing ProtocolHandler ["http-apr-9080"]
2018-09-13 15:25:59,122 [main] INFO  org.apache.coyote.ajp.AjpAprProtocol - Initializing ProtocolHandler ["ajp-apr-8011"]
2018-09-13 15:25:59,127 [main] INFO  org.apache.catalina.startup.Catalina - Initialization processed in 1206 ms
2018-09-13 15:25:59,152 [main] INFO  org.apache.catalina.core.StandardService - Starting service Catalina
2018-09-13 15:25:59,154 [main] INFO  org.apache.catalina.core.StandardEngine - Starting Servlet Engine: Apache Tomcat/7.0.59
2018-09-13 15:25:59,163 [localhost-startStop-1] INFO  org.apache.catalina.startup.HostConfig - Deploying web application directory F:\apache-tomcat-7.0.59(9080)\webapps\docs
2018-09-13 15:26:00,600 [localhost-startStop-1] INFO  org.apache.catalina.util.SessionIdGeneratorBase - Creation of SecureRandom instance for session ID generation using [SHA1PRNG] took [911] milliseconds.
2018-09-13 15:26:00,620 [localhost-startStop-1] INFO  org.apache.catalina.startup.HostConfig - Deployment of web application directory F:\apache-tomcat-7.0.59(9080)\webapps\docs has finished in 1,457 ms
2018-09-13 15:26:00,623 [localhost-startStop-1] INFO  org.apache.catalina.startup.HostConfig - Deploying web application directory F:\apache-tomcat-7.0.59(9080)\webapps\examples
2018-09-13 15:26:01,023 [localhost-startStop-1] INFO  org.apache.catalina.core.ContainerBase.[Catalina].[localhost].[/examples] - ContextListener: contextInitialized()
2018-09-13 15:26:01,025 [localhost-startStop-1] INFO  org.apache.catalina.core.ContainerBase.[Catalina].[localhost].[/examples] - SessionListener: contextInitialized()
2018-09-13 15:26:01,039 [localhost-startStop-1] INFO  org.apache.catalina.core.ContainerBase.[Catalina].[localhost].[/examples] - ContextListener: attributeAdded('org.apache.jasper.compiler.TldLocationsCache', 'org.apache.jasper.compiler.TldLocationsCache@44874910')
2018-09-13 15:26:01,042 [localhost-startStop-1] INFO  org.apache.catalina.startup.HostConfig - Deployment of web application directory F:\apache-tomcat-7.0.59(9080)\webapps\examples has finished in 419 ms
2018-09-13 15:26:01,044 [localhost-startStop-1] INFO  org.apache.catalina.startup.HostConfig - Deploying web application directory F:\apache-tomcat-7.0.59(9080)\webapps\host-manager
2018-09-13 15:26:01,176 [localhost-startStop-1] INFO  org.apache.catalina.startup.HostConfig - Deployment of web application directory F:\apache-tomcat-7.0.59(9080)\webapps\host-manager has finished in 132 ms
2018-09-13 15:26:01,178 [localhost-startStop-1] INFO  org.apache.catalina.startup.HostConfig - Deploying web application directory F:\apache-tomcat-7.0.59(9080)\webapps\manager
2018-09-13 15:26:01,306 [localhost-startStop-1] INFO  org.apache.catalina.startup.HostConfig - Deployment of web application directory F:\apache-tomcat-7.0.59(9080)\webapps\manager has finished in 128 ms
2018-09-13 15:26:01,308 [localhost-startStop-1] INFO  org.apache.catalina.startup.HostConfig - Deploying web application directory F:\apache-tomcat-7.0.59(9080)\webapps\ROOT
2018-09-13 15:26:01,425 [localhost-startStop-1] INFO  org.apache.catalina.startup.HostConfig - Deployment of web application directory F:\apache-tomcat-7.0.59(9080)\webapps\ROOT has finished in 117 ms
2018-09-13 15:26:01,426 [localhost-startStop-1] INFO  org.apache.catalina.startup.HostConfig - Deploying web application directory F:\apache-tomcat-7.0.59(9080)\webapps\test
2018-09-13 15:26:01,543 [localhost-startStop-1] INFO  org.apache.catalina.startup.HostConfig - Deployment of web application directory F:\apache-tomcat-7.0.59(9080)\webapps\test has finished in 116 ms
2018-09-13 15:26:01,545 [main] INFO  org.apache.coyote.http11.Http11AprProtocol - Starting ProtocolHandler ["http-apr-9080"]
2018-09-13 15:26:01,556 [main] INFO  org.apache.coyote.ajp.AjpAprProtocol - Starting ProtocolHandler ["ajp-apr-8011"]
2018-09-13 15:26:01,558 [main] INFO  org.apache.catalina.startup.Catalina - Server startup in 2430 ms
2018-09-13 17:49:15,307 [main] ERROR org.apache.catalina.valves.ExtendedAccessLogValve - unable to decode with rest of chars starting: %h
2018-09-13 17:49:15,325 [main] INFO  org.apache.catalina.startup.VersionLoggerListener - Server version:        Apache Tomcat/7.0.59
2018-09-13 17:49:15,325 [main] INFO  org.apache.catalina.startup.VersionLoggerListener - Server built:          Jan 28 2015 15:51:10 UTC
2018-09-13 17:49:15,325 [main] INFO  org.apache.catalina.startup.VersionLoggerListener - Server number:         7.0.59.0
2018-09-13 17:49:15,326 [main] INFO  org.apache.catalina.startup.VersionLoggerListener - OS Name:               Windows 7
2018-09-13 17:49:15,326 [main] INFO  org.apache.catalina.startup.VersionLoggerListener - OS Version:            6.1
2018-09-13 17:49:15,326 [main] INFO  org.apache.catalina.startup.VersionLoggerListener - Architecture:          amd64
2018-09-13 17:49:15,326 [main] INFO  org.apache.catalina.startup.VersionLoggerListener - Java Home:             E:\Java\jdk1.7.0_79\jre
2018-09-13 17:49:15,327 [main] INFO  org.apache.catalina.startup.VersionLoggerListener - JVM Version:           1.7.0_79-b15
2018-09-13 17:49:15,327 [main] INFO  org.apache.catalina.startup.VersionLoggerListener - JVM Vendor:            Oracle Corporation
2018-09-13 17:49:15,327 [main] INFO  org.apache.catalina.startup.VersionLoggerListener - CATALINA_BASE:         F:\apache-tomcat-7.0.59(9080)
2018-09-13 17:49:15,327 [main] INFO  org.apache.catalina.startup.VersionLoggerListener - CATALINA_HOME:         F:\apache-tomcat-7.0.59(9080)
2018-09-13 17:49:15,328 [main] INFO  org.apache.catalina.startup.VersionLoggerListener - Command line argument: -Djdk.tls.ephemeralDHKeySize=2048
2018-09-13 17:49:15,329 [main] INFO  org.apache.catalina.startup.VersionLoggerListener - Command line argument: -Dnop
2018-09-13 17:49:15,330 [main] INFO  org.apache.catalina.startup.VersionLoggerListener - Command line argument: -Djava.util.logging.manager=org.apache.juli.ClassLoaderLogManager
2018-09-13 17:49:15,332 [main] INFO  org.apache.catalina.startup.VersionLoggerListener - Command line argument: -Dcatalina.base=F:\apache-tomcat-7.0.59(9080)
2018-09-13 17:49:15,333 [main] INFO  org.apache.catalina.startup.VersionLoggerListener - Command line argument: -Dcatalina.home=F:\apache-tomcat-7.0.59(9080)
2018-09-13 17:49:15,335 [main] INFO  org.apache.catalina.startup.VersionLoggerListener - Command line argument: -Djava.io.tmpdir=F:\apache-tomcat-7.0.59(9080)\temp
2018-09-13 17:49:15,336 [main] INFO  org.apache.catalina.core.AprLifecycleListener - Loaded APR based Apache Tomcat Native library 1.1.32 using APR version 1.5.1.
2018-09-13 17:49:15,342 [main] INFO  org.apache.catalina.core.AprLifecycleListener - APR capabilities: IPv6 [true], sendfile [true], accept filters [false], random [true].
2018-09-13 17:49:15,934 [main] INFO  org.apache.catalina.core.AprLifecycleListener - OpenSSL successfully initialized (OpenSSL 1.0.1j 15 Oct 2014)
2018-09-13 17:49:16,038 [main] INFO  org.apache.coyote.http11.Http11AprProtocol - Initializing ProtocolHandler ["http-apr-9080"]
2018-09-13 17:49:16,053 [main] INFO  org.apache.coyote.ajp.AjpAprProtocol - Initializing ProtocolHandler ["ajp-apr-8011"]
2018-09-13 17:49:16,057 [main] INFO  org.apache.catalina.startup.Catalina - Initialization processed in 1158 ms
2018-09-13 17:49:16,084 [main] INFO  org.apache.catalina.core.StandardService - Starting service Catalina
2018-09-13 17:49:16,086 [main] INFO  org.apache.catalina.core.StandardEngine - Starting Servlet Engine: Apache Tomcat/7.0.59
2018-09-13 17:49:16,094 [localhost-startStop-1] INFO  org.apache.catalina.startup.HostConfig - Deploying web application directory F:\apache-tomcat-7.0.59(9080)\webapps\docs
2018-09-13 17:49:17,436 [localhost-startStop-1] INFO  org.apache.catalina.util.SessionIdGeneratorBase - Creation of SecureRandom instance for session ID generation using [SHA1PRNG] took [870] milliseconds.
2018-09-13 17:49:17,455 [localhost-startStop-1] INFO  org.apache.catalina.startup.HostConfig - Deployment of web application directory F:\apache-tomcat-7.0.59(9080)\webapps\docs has finished in 1,361 ms
2018-09-13 17:49:17,457 [localhost-startStop-1] INFO  org.apache.catalina.startup.HostConfig - Deploying web application directory F:\apache-tomcat-7.0.59(9080)\webapps\examples
2018-09-13 17:49:17,824 [localhost-startStop-1] INFO  org.apache.catalina.core.ContainerBase.[Catalina].[localhost].[/examples] - ContextListener: contextInitialized()
2018-09-13 17:49:17,826 [localhost-startStop-1] INFO  org.apache.catalina.core.ContainerBase.[Catalina].[localhost].[/examples] - SessionListener: contextInitialized()
2018-09-13 17:49:17,838 [localhost-startStop-1] INFO  org.apache.catalina.core.ContainerBase.[Catalina].[localhost].[/examples] - ContextListener: attributeAdded('org.apache.jasper.compiler.TldLocationsCache', 'org.apache.jasper.compiler.TldLocationsCache@69bf5fb1')
2018-09-13 17:49:17,841 [localhost-startStop-1] INFO  org.apache.catalina.startup.HostConfig - Deployment of web application directory F:\apache-tomcat-7.0.59(9080)\webapps\examples has finished in 384 ms
2018-09-13 17:49:17,842 [localhost-startStop-1] INFO  org.apache.catalina.startup.HostConfig - Deploying web application directory F:\apache-tomcat-7.0.59(9080)\webapps\host-manager
2018-09-13 17:49:17,966 [localhost-startStop-1] INFO  org.apache.catalina.startup.HostConfig - Deployment of web application directory F:\apache-tomcat-7.0.59(9080)\webapps\host-manager has finished in 124 ms
2018-09-13 17:49:17,967 [localhost-startStop-1] INFO  org.apache.catalina.startup.HostConfig - Deploying web application directory F:\apache-tomcat-7.0.59(9080)\webapps\manager
2018-09-13 17:49:18,088 [localhost-startStop-1] INFO  org.apache.catalina.startup.HostConfig - Deployment of web application directory F:\apache-tomcat-7.0.59(9080)\webapps\manager has finished in 121 ms
2018-09-13 17:49:18,089 [localhost-startStop-1] INFO  org.apache.catalina.startup.HostConfig - Deploying web application directory F:\apache-tomcat-7.0.59(9080)\webapps\ROOT
2018-09-13 17:49:18,202 [localhost-startStop-1] INFO  org.apache.catalina.startup.HostConfig - Deployment of web application directory F:\apache-tomcat-7.0.59(9080)\webapps\ROOT has finished in 113 ms
2018-09-13 17:49:18,204 [localhost-startStop-1] INFO  org.apache.catalina.startup.HostConfig - Deploying web application directory F:\apache-tomcat-7.0.59(9080)\webapps\test
2018-09-13 17:49:18,311 [localhost-startStop-1] INFO  org.apache.catalina.startup.HostConfig - Deployment of web application directory F:\apache-tomcat-7.0.59(9080)\webapps\test has finished in 107 ms
2018-09-13 17:49:18,313 [main] INFO  org.apache.coyote.http11.Http11AprProtocol - Starting ProtocolHandler ["http-apr-9080"]
2018-09-13 17:49:18,322 [main] INFO  org.apache.coyote.ajp.AjpAprProtocol - Starting ProtocolHandler ["ajp-apr-8011"]
2018-09-13 17:49:18,324 [main] INFO  org.apache.catalina.startup.Catalina - Server startup in 2265 ms
