2018-09-13 14:30:19,650 [main] INFO  org.apache.catalina.core.AprLifecycleListener - Loaded APR based Apache Tomcat Native library 1.1.32 using APR version 1.5.1.
2018-09-13 14:30:19,652 [main] INFO  org.apache.catalina.core.AprLifecycleListener - APR capabilities: IPv6 [true], sendfile [true], accept filters [false], random [true].
2018-09-13 14:30:20,576 [main] INFO  org.apache.catalina.core.AprLifecycleListener - OpenSSL successfully initialized (OpenSSL 1.0.1j 15 Oct 2014)
2018-09-13 14:30:20,834 [main] INFO  org.apache.catalina.core.StandardService - Starting service Catalina
2018-09-13 14:30:20,835 [main] INFO  org.apache.catalina.core.StandardEngine - Starting Servlet Engine: Apache Tomcat/7.0.59
2018-09-13 14:30:23,839 [localhost-startStop-1] INFO  org.apache.catalina.core.ContainerBase.[Catalina].[localhost].[/examples] - ContextListener: contextInitialized()
2018-09-13 14:30:23,839 [localhost-startStop-1] INFO  org.apache.catalina.core.ContainerBase.[Catalina].[localhost].[/examples] - ContextListener: contextInitialized()
2018-09-13 14:30:23,844 [localhost-startStop-1] INFO  org.apache.catalina.core.ContainerBase.[Catalina].[localhost].[/examples] - SessionListener: contextInitialized()
2018-09-13 14:30:23,844 [localhost-startStop-1] INFO  org.apache.catalina.core.ContainerBase.[Catalina].[localhost].[/examples] - SessionListener: contextInitialized()
2018-09-13 14:30:23,860 [localhost-startStop-1] INFO  org.apache.catalina.core.ContainerBase.[Catalina].[localhost].[/examples] - ContextListener: attributeAdded('org.apache.jasper.compiler.TldLocationsCache', 'org.apache.jasper.compiler.TldLocationsCache@6bbccfbc')
2018-09-13 14:30:23,860 [localhost-startStop-1] INFO  org.apache.catalina.core.ContainerBase.[Catalina].[localhost].[/examples] - ContextListener: attributeAdded('org.apache.jasper.compiler.TldLocationsCache', 'org.apache.jasper.compiler.TldLocationsCache@6bbccfbc')
2018-09-13 14:39:15,666 [main] INFO  org.apache.catalina.core.AprLifecycleListener - Loaded APR based Apache Tomcat Native library 1.1.32 using APR version 1.5.1.
2018-09-13 14:39:15,668 [main] INFO  org.apache.catalina.core.AprLifecycleListener - APR capabilities: IPv6 [true], sendfile [true], accept filters [false], random [true].
2018-09-13 14:39:16,266 [main] INFO  org.apache.catalina.core.AprLifecycleListener - OpenSSL successfully initialized (OpenSSL 1.0.1j 15 Oct 2014)
2018-09-13 14:39:16,429 [main] ERROR org.apache.catalina.core.StandardService - Failed to initialize connector [Connector[AJP/1.3-8010]]
org.apache.catalina.LifecycleException: Failed to initialize component [Connector[AJP/1.3-8010]]
	at org.apache.catalina.util.LifecycleBase.init(LifecycleBase.java:106)
	at org.apache.catalina.core.StandardService.initInternal(StandardService.java:559)
	at org.apache.catalina.util.LifecycleBase.init(LifecycleBase.java:102)
	at org.apache.catalina.core.StandardServer.initInternal(StandardServer.java:821)
	at org.apache.catalina.util.LifecycleBase.init(LifecycleBase.java:102)
	at org.apache.catalina.startup.Catalina.load(Catalina.java:638)
	at org.apache.catalina.startup.Catalina.load(Catalina.java:663)
	at sun.reflect.NativeMethodAccessorImpl.invoke0(Native Method)
	at sun.reflect.NativeMethodAccessorImpl.invoke(NativeMethodAccessorImpl.java:57)
	at sun.reflect.DelegatingMethodAccessorImpl.invoke(DelegatingMethodAccessorImpl.java:43)
	at java.lang.reflect.Method.invoke(Method.java:606)
	at org.apache.catalina.startup.Bootstrap.load(Bootstrap.java:280)
	at org.apache.catalina.startup.Bootstrap.main(Bootstrap.java:454)
Caused by: org.apache.catalina.LifecycleException: Protocol handler initialization failed
	at org.apache.catalina.connector.Connector.initInternal(Connector.java:980)
	at org.apache.catalina.util.LifecycleBase.init(LifecycleBase.java:102)
	... 12 more
Caused by: java.lang.Exception: Socket bind failed: [730048] ͨ³£ÿ¸öÌ׽Ó×ֵØַ(ЭÒé/ÍøÂçµØַ/¶˿Ú)ֻÔÊÐíʹÓ
	at org.apache.tomcat.util.net.AprEndpoint.bind(AprEndpoint.java:453)
	at org.apache.tomcat.util.net.AbstractEndpoint.init(AbstractEndpoint.java:646)
	at org.apache.coyote.AbstractProtocol.init(AbstractProtocol.java:434)
	at org.apache.catalina.connector.Connector.initInternal(Connector.java:978)
	... 13 more
2018-09-13 14:39:16,478 [main] INFO  org.apache.catalina.core.StandardService - Starting service Catalina
2018-09-13 14:39:16,480 [main] INFO  org.apache.catalina.core.StandardEngine - Starting Servlet Engine: Apache Tomcat/7.0.59
2018-09-13 14:39:18,312 [localhost-startStop-1] INFO  org.apache.catalina.core.ContainerBase.[Catalina].[localhost].[/examples] - ContextListener: contextInitialized()
2018-09-13 14:39:18,312 [localhost-startStop-1] INFO  org.apache.catalina.core.ContainerBase.[Catalina].[localhost].[/examples] - ContextListener: contextInitialized()
2018-09-13 14:39:18,314 [localhost-startStop-1] INFO  org.apache.catalina.core.ContainerBase.[Catalina].[localhost].[/examples] - SessionListener: contextInitialized()
2018-09-13 14:39:18,314 [localhost-startStop-1] INFO  org.apache.catalina.core.ContainerBase.[Catalina].[localhost].[/examples] - SessionListener: contextInitialized()
2018-09-13 14:39:18,328 [localhost-startStop-1] INFO  org.apache.catalina.core.ContainerBase.[Catalina].[localhost].[/examples] - ContextListener: attributeAdded('org.apache.jasper.compiler.TldLocationsCache', 'org.apache.jasper.compiler.TldLocationsCache@7bea4ab9')
2018-09-13 14:39:18,328 [localhost-startStop-1] INFO  org.apache.catalina.core.ContainerBase.[Catalina].[localhost].[/examples] - ContextListener: attributeAdded('org.apache.jasper.compiler.TldLocationsCache', 'org.apache.jasper.compiler.TldLocationsCache@7bea4ab9')
2018-09-13 14:39:18,856 [main] ERROR org.apache.catalina.core.StandardServer - StandardServer.await: create[localhost:8016]: 
java.net.BindException: Address already in use: JVM_Bind
	at java.net.DualStackPlainSocketImpl.bind0(Native Method)
	at java.net.DualStackPlainSocketImpl.socketBind(DualStackPlainSocketImpl.java:106)
	at java.net.AbstractPlainSocketImpl.bind(AbstractPlainSocketImpl.java:376)
	at java.net.PlainSocketImpl.bind(PlainSocketImpl.java:190)
	at java.net.ServerSocket.bind(ServerSocket.java:376)
	at java.net.ServerSocket.<init>(ServerSocket.java:237)
	at org.apache.catalina.core.StandardServer.await(StandardServer.java:427)
	at org.apache.catalina.startup.Catalina.await(Catalina.java:777)
	at org.apache.catalina.startup.Catalina.start(Catalina.java:723)
	at sun.reflect.NativeMethodAccessorImpl.invoke0(Native Method)
	at sun.reflect.NativeMethodAccessorImpl.invoke(NativeMethodAccessorImpl.java:57)
	at sun.reflect.DelegatingMethodAccessorImpl.invoke(DelegatingMethodAccessorImpl.java:43)
	at java.lang.reflect.Method.invoke(Method.java:606)
	at org.apache.catalina.startup.Bootstrap.start(Bootstrap.java:321)
	at org.apache.catalina.startup.Bootstrap.main(Bootstrap.java:455)
2018-09-13 14:39:18,923 [main] INFO  org.apache.catalina.core.StandardService - Stopping service Catalina
2018-09-13 14:39:18,968 [localhost-startStop-1] INFO  org.apache.catalina.core.ContainerBase.[Catalina].[localhost].[/examples] - SessionListener: contextDestroyed()
2018-09-13 14:39:18,968 [localhost-startStop-1] INFO  org.apache.catalina.core.ContainerBase.[Catalina].[localhost].[/examples] - SessionListener: contextDestroyed()
2018-09-13 14:39:18,970 [localhost-startStop-1] INFO  org.apache.catalina.core.ContainerBase.[Catalina].[localhost].[/examples] - ContextListener: contextDestroyed()
2018-09-13 14:39:18,970 [localhost-startStop-1] INFO  org.apache.catalina.core.ContainerBase.[Catalina].[localhost].[/examples] - ContextListener: contextDestroyed()
2018-09-13 14:40:41,517 [main] INFO  org.apache.catalina.core.AprLifecycleListener - Loaded APR based Apache Tomcat Native library 1.1.32 using APR version 1.5.1.
2018-09-13 14:40:41,519 [main] INFO  org.apache.catalina.core.AprLifecycleListener - APR capabilities: IPv6 [true], sendfile [true], accept filters [false], random [true].
2018-09-13 14:40:42,066 [main] INFO  org.apache.catalina.core.AprLifecycleListener - OpenSSL successfully initialized (OpenSSL 1.0.1j 15 Oct 2014)
2018-09-13 14:40:42,226 [main] INFO  org.apache.catalina.core.StandardService - Starting service Catalina
2018-09-13 14:40:42,228 [main] INFO  org.apache.catalina.core.StandardEngine - Starting Servlet Engine: Apache Tomcat/7.0.59
2018-09-13 14:40:44,028 [localhost-startStop-1] INFO  org.apache.catalina.core.ContainerBase.[Catalina].[localhost].[/examples] - ContextListener: contextInitialized()
2018-09-13 14:40:44,028 [localhost-startStop-1] INFO  org.apache.catalina.core.ContainerBase.[Catalina].[localhost].[/examples] - ContextListener: contextInitialized()
2018-09-13 14:40:44,030 [localhost-startStop-1] INFO  org.apache.catalina.core.ContainerBase.[Catalina].[localhost].[/examples] - SessionListener: contextInitialized()
2018-09-13 14:40:44,030 [localhost-startStop-1] INFO  org.apache.catalina.core.ContainerBase.[Catalina].[localhost].[/examples] - SessionListener: contextInitialized()
2018-09-13 14:40:44,043 [localhost-startStop-1] INFO  org.apache.catalina.core.ContainerBase.[Catalina].[localhost].[/examples] - ContextListener: attributeAdded('org.apache.jasper.compiler.TldLocationsCache', 'org.apache.jasper.compiler.TldLocationsCache@dcddc96')
2018-09-13 14:40:44,043 [localhost-startStop-1] INFO  org.apache.catalina.core.ContainerBase.[Catalina].[localhost].[/examples] - ContextListener: attributeAdded('org.apache.jasper.compiler.TldLocationsCache', 'org.apache.jasper.compiler.TldLocationsCache@dcddc96')
2018-09-13 14:40:44,577 [main] ERROR org.apache.catalina.core.StandardServer - StandardServer.await: create[localhost:8016]: 
java.net.BindException: Address already in use: JVM_Bind
	at java.net.DualStackPlainSocketImpl.bind0(Native Method)
	at java.net.DualStackPlainSocketImpl.socketBind(DualStackPlainSocketImpl.java:106)
	at java.net.AbstractPlainSocketImpl.bind(AbstractPlainSocketImpl.java:376)
	at java.net.PlainSocketImpl.bind(PlainSocketImpl.java:190)
	at java.net.ServerSocket.bind(ServerSocket.java:376)
	at java.net.ServerSocket.<init>(ServerSocket.java:237)
	at org.apache.catalina.core.StandardServer.await(StandardServer.java:427)
	at org.apache.catalina.startup.Catalina.await(Catalina.java:777)
	at org.apache.catalina.startup.Catalina.start(Catalina.java:723)
	at sun.reflect.NativeMethodAccessorImpl.invoke0(Native Method)
	at sun.reflect.NativeMethodAccessorImpl.invoke(NativeMethodAccessorImpl.java:57)
	at sun.reflect.DelegatingMethodAccessorImpl.invoke(DelegatingMethodAccessorImpl.java:43)
	at java.lang.reflect.Method.invoke(Method.java:606)
	at org.apache.catalina.startup.Bootstrap.start(Bootstrap.java:321)
	at org.apache.catalina.startup.Bootstrap.main(Bootstrap.java:455)
2018-09-13 14:40:44,694 [main] INFO  org.apache.catalina.core.StandardService - Stopping service Catalina
2018-09-13 14:40:44,747 [localhost-startStop-1] INFO  org.apache.catalina.core.ContainerBase.[Catalina].[localhost].[/examples] - SessionListener: contextDestroyed()
2018-09-13 14:40:44,747 [localhost-startStop-1] INFO  org.apache.catalina.core.ContainerBase.[Catalina].[localhost].[/examples] - SessionListener: contextDestroyed()
2018-09-13 14:40:44,748 [localhost-startStop-1] INFO  org.apache.catalina.core.ContainerBase.[Catalina].[localhost].[/examples] - ContextListener: contextDestroyed()
2018-09-13 14:40:44,748 [localhost-startStop-1] INFO  org.apache.catalina.core.ContainerBase.[Catalina].[localhost].[/examples] - ContextListener: contextDestroyed()
2018-09-13 14:41:23,422 [main] INFO  org.apache.catalina.core.AprLifecycleListener - Loaded APR based Apache Tomcat Native library 1.1.32 using APR version 1.5.1.
2018-09-13 14:41:23,424 [main] INFO  org.apache.catalina.core.AprLifecycleListener - APR capabilities: IPv6 [true], sendfile [true], accept filters [false], random [true].
2018-09-13 14:41:24,039 [main] INFO  org.apache.catalina.core.AprLifecycleListener - OpenSSL successfully initialized (OpenSSL 1.0.1j 15 Oct 2014)
2018-09-13 14:41:24,192 [main] INFO  org.apache.catalina.core.StandardService - Starting service Catalina
2018-09-13 14:41:24,193 [main] INFO  org.apache.catalina.core.StandardEngine - Starting Servlet Engine: Apache Tomcat/7.0.59
2018-09-13 14:41:25,939 [localhost-startStop-1] INFO  org.apache.catalina.core.ContainerBase.[Catalina].[localhost].[/examples] - ContextListener: contextInitialized()
2018-09-13 14:41:25,939 [localhost-startStop-1] INFO  org.apache.catalina.core.ContainerBase.[Catalina].[localhost].[/examples] - ContextListener: contextInitialized()
2018-09-13 14:41:25,940 [localhost-startStop-1] INFO  org.apache.catalina.core.ContainerBase.[Catalina].[localhost].[/examples] - SessionListener: contextInitialized()
2018-09-13 14:41:25,940 [localhost-startStop-1] INFO  org.apache.catalina.core.ContainerBase.[Catalina].[localhost].[/examples] - SessionListener: contextInitialized()
2018-09-13 14:41:25,952 [localhost-startStop-1] INFO  org.apache.catalina.core.ContainerBase.[Catalina].[localhost].[/examples] - ContextListener: attributeAdded('org.apache.jasper.compiler.TldLocationsCache', 'org.apache.jasper.compiler.TldLocationsCache@44874910')
2018-09-13 14:41:25,952 [localhost-startStop-1] INFO  org.apache.catalina.core.ContainerBase.[Catalina].[localhost].[/examples] - ContextListener: attributeAdded('org.apache.jasper.compiler.TldLocationsCache', 'org.apache.jasper.compiler.TldLocationsCache@44874910')
2018-09-13 15:25:58,347 [main] INFO  org.apache.catalina.core.AprLifecycleListener - Loaded APR based Apache Tomcat Native library 1.1.32 using APR version 1.5.1.
2018-09-13 15:25:58,349 [main] INFO  org.apache.catalina.core.AprLifecycleListener - APR capabilities: IPv6 [true], sendfile [true], accept filters [false], random [true].
2018-09-13 15:25:58,998 [main] INFO  org.apache.catalina.core.AprLifecycleListener - OpenSSL successfully initialized (OpenSSL 1.0.1j 15 Oct 2014)
2018-09-13 15:25:59,152 [main] INFO  org.apache.catalina.core.StandardService - Starting service Catalina
2018-09-13 15:25:59,154 [main] INFO  org.apache.catalina.core.StandardEngine - Starting Servlet Engine: Apache Tomcat/7.0.59
2018-09-13 15:26:01,023 [localhost-startStop-1] INFO  org.apache.catalina.core.ContainerBase.[Catalina].[localhost].[/examples] - ContextListener: contextInitialized()
2018-09-13 15:26:01,023 [localhost-startStop-1] INFO  org.apache.catalina.core.ContainerBase.[Catalina].[localhost].[/examples] - ContextListener: contextInitialized()
2018-09-13 15:26:01,025 [localhost-startStop-1] INFO  org.apache.catalina.core.ContainerBase.[Catalina].[localhost].[/examples] - SessionListener: contextInitialized()
2018-09-13 15:26:01,025 [localhost-startStop-1] INFO  org.apache.catalina.core.ContainerBase.[Catalina].[localhost].[/examples] - SessionListener: contextInitialized()
2018-09-13 15:26:01,039 [localhost-startStop-1] INFO  org.apache.catalina.core.ContainerBase.[Catalina].[localhost].[/examples] - ContextListener: attributeAdded('org.apache.jasper.compiler.TldLocationsCache', 'org.apache.jasper.compiler.TldLocationsCache@44874910')
2018-09-13 15:26:01,039 [localhost-startStop-1] INFO  org.apache.catalina.core.ContainerBase.[Catalina].[localhost].[/examples] - ContextListener: attributeAdded('org.apache.jasper.compiler.TldLocationsCache', 'org.apache.jasper.compiler.TldLocationsCache@44874910')
2018-09-13 17:49:15,336 [main] INFO  org.apache.catalina.core.AprLifecycleListener - Loaded APR based Apache Tomcat Native library 1.1.32 using APR version 1.5.1.
2018-09-13 17:49:15,342 [main] INFO  org.apache.catalina.core.AprLifecycleListener - APR capabilities: IPv6 [true], sendfile [true], accept filters [false], random [true].
2018-09-13 17:49:15,934 [main] INFO  org.apache.catalina.core.AprLifecycleListener - OpenSSL successfully initialized (OpenSSL 1.0.1j 15 Oct 2014)
2018-09-13 17:49:16,084 [main] INFO  org.apache.catalina.core.StandardService - Starting service Catalina
2018-09-13 17:49:16,086 [main] INFO  org.apache.catalina.core.StandardEngine - Starting Servlet Engine: Apache Tomcat/7.0.59
2018-09-13 17:49:17,824 [localhost-startStop-1] INFO  org.apache.catalina.core.ContainerBase.[Catalina].[localhost].[/examples] - ContextListener: contextInitialized()
2018-09-13 17:49:17,824 [localhost-startStop-1] INFO  org.apache.catalina.core.ContainerBase.[Catalina].[localhost].[/examples] - ContextListener: contextInitialized()
2018-09-13 17:49:17,826 [localhost-startStop-1] INFO  org.apache.catalina.core.ContainerBase.[Catalina].[localhost].[/examples] - SessionListener: contextInitialized()
2018-09-13 17:49:17,826 [localhost-startStop-1] INFO  org.apache.catalina.core.ContainerBase.[Catalina].[localhost].[/examples] - SessionListener: contextInitialized()
2018-09-13 17:49:17,838 [localhost-startStop-1] INFO  org.apache.catalina.core.ContainerBase.[Catalina].[localhost].[/examples] - ContextListener: attributeAdded('org.apache.jasper.compiler.TldLocationsCache', 'org.apache.jasper.compiler.TldLocationsCache@69bf5fb1')
2018-09-13 17:49:17,838 [localhost-startStop-1] INFO  org.apache.catalina.core.ContainerBase.[Catalina].[localhost].[/examples] - ContextListener: attributeAdded('org.apache.jasper.compiler.TldLocationsCache', 'org.apache.jasper.compiler.TldLocationsCache@69bf5fb1')
