2018-08-09 14:12:50,790 INFO [org.jasig.cas.services.DefaultServicesManagerImpl] - Loaded 1 services.
2018-08-09 14:12:52,031 INFO [org.jasig.cas.util.AutowiringSchedulerFactoryBean] - Starting Quartz Scheduler now
2018-08-09 14:14:00,796 INFO [org.jasig.cas.web.flow.InitialFlowSetupAction] - Setting path for cookies to: /cas/
2018-08-09 14:14:00,796 INFO [org.jasig.cas.web.flow.InitialFlowSetupAction] - Setting path for cookies to: /cas/
2018-08-09 14:14:50,933 INFO [org.jasig.cas.services.DefaultServicesManagerImpl] - Reloading registered services.
2018-08-09 14:14:50,934 INFO [org.jasig.cas.services.DefaultServicesManagerImpl] - Loaded 1 services.
2018-08-09 14:16:50,904 INFO [org.jasig.cas.services.DefaultServicesManagerImpl] - Reloading registered services.
2018-08-09 14:16:50,905 INFO [org.jasig.cas.services.DefaultServicesManagerImpl] - Loaded 1 services.
2018-08-09 14:17:06,177 INFO [org.jasig.cas.authentication.PolicyBasedAuthenticationManager] - QueryMongoDbUserAuthenticationHandler failed authenticating uamadmin+password+null
2018-08-09 14:17:06,183 INFO [com.github.inspektr.audit.support.Slf4jLoggingAuditTrailManager] - Audit trail record BEGIN
=============================================================
WHO: audit:unknown
WHAT: supplied credentials: [uamadmin+password+null]
ACTION: AUTHENTICATION_FAILED
APPLICATION: CAS
WHEN: Thu Aug 09 14:17:06 CST 2018
CLIENT IP ADDRESS: 127.0.0.1
SERVER IP ADDRESS: 127.0.0.1
=============================================================


2018-08-09 14:17:06,184 INFO [com.github.inspektr.audit.support.Slf4jLoggingAuditTrailManager] - Audit trail record BEGIN
=============================================================
WHO: audit:unknown
WHAT: 1 errors, 0 successes
ACTION: TICKET_GRANTING_TICKET_NOT_CREATED
APPLICATION: CAS
WHEN: Thu Aug 09 14:17:06 CST 2018
CLIENT IP ADDRESS: 127.0.0.1
SERVER IP ADDRESS: 127.0.0.1
=============================================================


2018-08-09 14:17:17,338 INFO [org.jasig.cas.authentication.PolicyBasedAuthenticationManager] - QueryMongoDbUserAuthenticationHandler successfully authenticated sysadmin+password+F12EB1181DD86029D62EE5936C1D07E9
2018-08-09 14:17:17,340 INFO [org.jasig.cas.authentication.PolicyBasedAuthenticationManager] - Authenticated 00b5a17e26ee4ceea0b09079bdfb67c9 with credentials [sysadmin+password+F12EB1181DD86029D62EE5936C1D07E9].
2018-08-09 14:17:17,341 INFO [com.github.inspektr.audit.support.Slf4jLoggingAuditTrailManager] - Audit trail record BEGIN
=============================================================
WHO: audit:unknown
WHAT: supplied credentials: [sysadmin+password+F12EB1181DD86029D62EE5936C1D07E9]
ACTION: AUTHENTICATION_SUCCESS
APPLICATION: CAS
WHEN: Thu Aug 09 14:17:17 CST 2018
CLIENT IP ADDRESS: 127.0.0.1
SERVER IP ADDRESS: 127.0.0.1
=============================================================


2018-08-09 14:17:17,368 INFO [com.github.inspektr.audit.support.Slf4jLoggingAuditTrailManager] - Audit trail record BEGIN
=============================================================
WHO: audit:unknown
WHAT: TGT-1-ixoIlTBQjr2c0NddpjciXtuiSf1LEZvMK2NhGCp1deQleoJbpE-cas.linewell.com
ACTION: TICKET_GRANTING_TICKET_CREATED
APPLICATION: CAS
WHEN: Thu Aug 09 14:17:17 CST 2018
CLIENT IP ADDRESS: 127.0.0.1
SERVER IP ADDRESS: 127.0.0.1
=============================================================


2018-08-09 14:17:17,394 INFO [org.jasig.cas.CentralAuthenticationServiceImpl] - Granted service ticket [ST-1-qLOmEQt6SzmGM0dwoXJP-cas.linewell.com] for service [http://127.0.0.1:8080/ccip-ucap/] for user [00b5a17e26ee4ceea0b09079bdfb67c9]
2018-08-09 14:17:17,397 INFO [com.github.inspektr.audit.support.Slf4jLoggingAuditTrailManager] - Audit trail record BEGIN
=============================================================
WHO: 00b5a17e26ee4ceea0b09079bdfb67c9
WHAT: ST-1-qLOmEQt6SzmGM0dwoXJP-cas.linewell.com for http://127.0.0.1:8080/ccip-ucap/
ACTION: SERVICE_TICKET_CREATED
APPLICATION: CAS
WHEN: Thu Aug 09 14:17:17 CST 2018
CLIENT IP ADDRESS: 127.0.0.1
SERVER IP ADDRESS: 127.0.0.1
=============================================================


2018-08-09 14:17:17,428 INFO [com.github.inspektr.audit.support.Slf4jLoggingAuditTrailManager] - Audit trail record BEGIN
=============================================================
WHO: audit:unknown
WHAT: ST-1-qLOmEQt6SzmGM0dwoXJP-cas.linewell.com
ACTION: SERVICE_TICKET_VALIDATED
APPLICATION: CAS
WHEN: Thu Aug 09 14:17:17 CST 2018
CLIENT IP ADDRESS: 127.0.0.1
SERVER IP ADDRESS: 127.0.0.1
=============================================================


2018-08-09 14:18:50,902 INFO [org.jasig.cas.services.DefaultServicesManagerImpl] - Reloading registered services.
2018-08-09 14:18:50,903 INFO [org.jasig.cas.services.DefaultServicesManagerImpl] - Loaded 1 services.
2018-08-09 14:20:50,902 INFO [org.jasig.cas.services.DefaultServicesManagerImpl] - Reloading registered services.
2018-08-09 14:20:50,903 INFO [org.jasig.cas.services.DefaultServicesManagerImpl] - Loaded 1 services.
2018-08-09 14:22:50,901 INFO [org.jasig.cas.services.DefaultServicesManagerImpl] - Reloading registered services.
2018-08-09 14:22:50,901 INFO [org.jasig.cas.services.DefaultServicesManagerImpl] - Loaded 1 services.
2018-08-09 14:24:50,901 INFO [org.jasig.cas.services.DefaultServicesManagerImpl] - Reloading registered services.
2018-08-09 14:24:50,901 INFO [org.jasig.cas.services.DefaultServicesManagerImpl] - Loaded 1 services.
2018-08-09 14:26:50,901 INFO [org.jasig.cas.services.DefaultServicesManagerImpl] - Reloading registered services.
2018-08-09 14:26:50,901 INFO [org.jasig.cas.services.DefaultServicesManagerImpl] - Loaded 1 services.
2018-08-09 14:28:50,901 INFO [org.jasig.cas.services.DefaultServicesManagerImpl] - Reloading registered services.
2018-08-09 14:28:50,903 INFO [org.jasig.cas.services.DefaultServicesManagerImpl] - Loaded 1 services.
2018-08-09 14:30:50,902 INFO [org.jasig.cas.services.DefaultServicesManagerImpl] - Reloading registered services.
2018-08-09 14:30:50,903 INFO [org.jasig.cas.services.DefaultServicesManagerImpl] - Loaded 1 services.
2018-08-09 14:32:50,901 INFO [org.jasig.cas.services.DefaultServicesManagerImpl] - Reloading registered services.
2018-08-09 14:32:50,901 INFO [org.jasig.cas.services.DefaultServicesManagerImpl] - Loaded 1 services.
2018-08-09 14:34:50,901 INFO [org.jasig.cas.services.DefaultServicesManagerImpl] - Reloading registered services.
2018-08-09 14:34:50,901 INFO [org.jasig.cas.services.DefaultServicesManagerImpl] - Loaded 1 services.
2018-08-09 14:36:50,901 INFO [org.jasig.cas.services.DefaultServicesManagerImpl] - Reloading registered services.
2018-08-09 14:36:50,901 INFO [org.jasig.cas.services.DefaultServicesManagerImpl] - Loaded 1 services.
2018-08-09 14:38:50,901 INFO [org.jasig.cas.services.DefaultServicesManagerImpl] - Reloading registered services.
2018-08-09 14:38:50,901 INFO [org.jasig.cas.services.DefaultServicesManagerImpl] - Loaded 1 services.
2018-08-09 14:40:50,901 INFO [org.jasig.cas.services.DefaultServicesManagerImpl] - Reloading registered services.
2018-08-09 14:40:50,901 INFO [org.jasig.cas.services.DefaultServicesManagerImpl] - Loaded 1 services.
2018-08-09 14:42:50,900 INFO [org.jasig.cas.services.DefaultServicesManagerImpl] - Reloading registered services.
2018-08-09 14:42:50,900 INFO [org.jasig.cas.services.DefaultServicesManagerImpl] - Loaded 1 services.
2018-08-09 14:44:50,912 INFO [org.jasig.cas.services.DefaultServicesManagerImpl] - Reloading registered services.
2018-08-09 14:44:50,913 INFO [org.jasig.cas.services.DefaultServicesManagerImpl] - Loaded 1 services.
2018-08-09 14:46:50,900 INFO [org.jasig.cas.services.DefaultServicesManagerImpl] - Reloading registered services.
2018-08-09 14:46:50,900 INFO [org.jasig.cas.services.DefaultServicesManagerImpl] - Loaded 1 services.
2018-08-09 14:48:50,900 INFO [org.jasig.cas.services.DefaultServicesManagerImpl] - Reloading registered services.
2018-08-09 14:48:50,900 INFO [org.jasig.cas.services.DefaultServicesManagerImpl] - Loaded 1 services.
2018-08-09 14:50:50,900 INFO [org.jasig.cas.services.DefaultServicesManagerImpl] - Reloading registered services.
2018-08-09 14:50:50,900 INFO [org.jasig.cas.services.DefaultServicesManagerImpl] - Loaded 1 services.
2018-08-09 14:52:50,900 INFO [org.jasig.cas.services.DefaultServicesManagerImpl] - Reloading registered services.
2018-08-09 14:52:50,900 INFO [org.jasig.cas.services.DefaultServicesManagerImpl] - Loaded 1 services.
2018-08-09 14:54:52,630 INFO [org.jasig.cas.services.DefaultServicesManagerImpl] - Reloading registered services.
2018-08-09 14:54:52,630 INFO [org.jasig.cas.services.DefaultServicesManagerImpl] - Loaded 1 services.
2018-08-09 14:56:50,901 INFO [org.jasig.cas.services.DefaultServicesManagerImpl] - Reloading registered services.
2018-08-09 14:56:50,901 INFO [org.jasig.cas.services.DefaultServicesManagerImpl] - Loaded 1 services.
2018-08-09 14:58:50,901 INFO [org.jasig.cas.services.DefaultServicesManagerImpl] - Reloading registered services.
2018-08-09 14:58:50,901 INFO [org.jasig.cas.services.DefaultServicesManagerImpl] - Loaded 1 services.
2018-08-09 15:00:50,900 INFO [org.jasig.cas.services.DefaultServicesManagerImpl] - Reloading registered services.
2018-08-09 15:00:50,900 INFO [org.jasig.cas.services.DefaultServicesManagerImpl] - Loaded 1 services.
2018-08-09 15:02:50,900 INFO [org.jasig.cas.services.DefaultServicesManagerImpl] - Reloading registered services.
2018-08-09 15:02:50,900 INFO [org.jasig.cas.services.DefaultServicesManagerImpl] - Loaded 1 services.
2018-08-09 15:04:50,901 INFO [org.jasig.cas.services.DefaultServicesManagerImpl] - Reloading registered services.
2018-08-09 15:04:50,901 INFO [org.jasig.cas.services.DefaultServicesManagerImpl] - Loaded 1 services.
2018-08-09 15:06:50,901 INFO [org.jasig.cas.services.DefaultServicesManagerImpl] - Reloading registered services.
2018-08-09 15:06:50,901 INFO [org.jasig.cas.services.DefaultServicesManagerImpl] - Loaded 1 services.
2018-08-09 15:08:50,900 INFO [org.jasig.cas.services.DefaultServicesManagerImpl] - Reloading registered services.
2018-08-09 15:08:50,900 INFO [org.jasig.cas.services.DefaultServicesManagerImpl] - Loaded 1 services.
2018-08-09 15:10:50,901 INFO [org.jasig.cas.services.DefaultServicesManagerImpl] - Reloading registered services.
2018-08-09 15:10:50,901 INFO [org.jasig.cas.services.DefaultServicesManagerImpl] - Loaded 1 services.
2018-08-09 15:12:50,900 INFO [org.jasig.cas.services.DefaultServicesManagerImpl] - Reloading registered services.
2018-08-09 15:12:50,900 INFO [org.jasig.cas.services.DefaultServicesManagerImpl] - Loaded 1 services.
2018-08-09 15:14:50,901 INFO [org.jasig.cas.services.DefaultServicesManagerImpl] - Reloading registered services.
2018-08-09 15:14:50,901 INFO [org.jasig.cas.services.DefaultServicesManagerImpl] - Loaded 1 services.
2018-08-09 15:16:50,900 INFO [org.jasig.cas.services.DefaultServicesManagerImpl] - Reloading registered services.
2018-08-09 15:16:50,901 INFO [org.jasig.cas.services.DefaultServicesManagerImpl] - Loaded 1 services.
2018-08-09 15:18:50,900 INFO [org.jasig.cas.services.DefaultServicesManagerImpl] - Reloading registered services.
2018-08-09 15:18:50,900 INFO [org.jasig.cas.services.DefaultServicesManagerImpl] - Loaded 1 services.
2018-08-09 15:20:50,926 INFO [org.jasig.cas.services.DefaultServicesManagerImpl] - Reloading registered services.
2018-08-09 15:20:50,926 INFO [org.jasig.cas.services.DefaultServicesManagerImpl] - Loaded 1 services.
2018-08-09 15:22:50,901 INFO [org.jasig.cas.services.DefaultServicesManagerImpl] - Reloading registered services.
2018-08-09 15:22:50,901 INFO [org.jasig.cas.services.DefaultServicesManagerImpl] - Loaded 1 services.
2018-08-09 15:24:50,918 INFO [org.jasig.cas.services.DefaultServicesManagerImpl] - Reloading registered services.
2018-08-09 15:24:50,918 INFO [org.jasig.cas.services.DefaultServicesManagerImpl] - Loaded 1 services.
2018-08-09 15:26:50,901 INFO [org.jasig.cas.services.DefaultServicesManagerImpl] - Reloading registered services.
2018-08-09 15:26:50,901 INFO [org.jasig.cas.services.DefaultServicesManagerImpl] - Loaded 1 services.
2018-08-09 15:28:50,903 INFO [org.jasig.cas.services.DefaultServicesManagerImpl] - Reloading registered services.
2018-08-09 15:28:50,903 INFO [org.jasig.cas.services.DefaultServicesManagerImpl] - Loaded 1 services.
2018-08-09 15:30:50,901 INFO [org.jasig.cas.services.DefaultServicesManagerImpl] - Reloading registered services.
2018-08-09 15:30:50,901 INFO [org.jasig.cas.services.DefaultServicesManagerImpl] - Loaded 1 services.
2018-08-09 15:32:50,900 INFO [org.jasig.cas.services.DefaultServicesManagerImpl] - Reloading registered services.
2018-08-09 15:32:50,900 INFO [org.jasig.cas.services.DefaultServicesManagerImpl] - Loaded 1 services.
2018-08-09 15:34:50,900 INFO [org.jasig.cas.services.DefaultServicesManagerImpl] - Reloading registered services.
2018-08-09 15:34:50,900 INFO [org.jasig.cas.services.DefaultServicesManagerImpl] - Loaded 1 services.
2018-08-09 15:36:50,901 INFO [org.jasig.cas.services.DefaultServicesManagerImpl] - Reloading registered services.
2018-08-09 15:36:50,901 INFO [org.jasig.cas.services.DefaultServicesManagerImpl] - Loaded 1 services.
2018-08-09 15:38:50,901 INFO [org.jasig.cas.services.DefaultServicesManagerImpl] - Reloading registered services.
2018-08-09 15:38:50,901 INFO [org.jasig.cas.services.DefaultServicesManagerImpl] - Loaded 1 services.
2018-08-22 16:41:56,933 ERROR [org.jasig.cas.web.init.SafeContextLoaderListener] - SafeContextLoaderListener: 
The Spring ContextLoaderListener we wrap threw on contextInitialized.
But for our having caught this error, the web application context would not have initialized.
org.springframework.beans.factory.BeanDefinitionStoreException: Unexpected exception parsing XML document from ServletContext resource [/WEB-INF/dubbo/dubbo-consumer.xml]; nested exception is java.lang.UnsupportedClassVersionError: javax/annotation/ManagedBean : Unsupported major.minor version 52.0 (unable to load class javax.annotation.ManagedBean)
	at org.springframework.beans.factory.xml.XmlBeanDefinitionReader.doLoadBeanDefinitions(XmlBeanDefinitionReader.java:412)
	at org.springframework.beans.factory.xml.XmlBeanDefinitionReader.loadBeanDefinitions(XmlBeanDefinitionReader.java:334)
	at org.springframework.beans.factory.xml.XmlBeanDefinitionReader.loadBeanDefinitions(XmlBeanDefinitionReader.java:302)
	at org.springframework.beans.factory.support.AbstractBeanDefinitionReader.loadBeanDefinitions(AbstractBeanDefinitionReader.java:174)
	at org.springframework.beans.factory.support.AbstractBeanDefinitionReader.loadBeanDefinitions(AbstractBeanDefinitionReader.java:209)
	at org.springframework.beans.factory.support.AbstractBeanDefinitionReader.loadBeanDefinitions(AbstractBeanDefinitionReader.java:180)
	at org.springframework.web.context.support.XmlWebApplicationContext.loadBeanDefinitions(XmlWebApplicationContext.java:125)
	at org.springframework.web.context.support.XmlWebApplicationContext.loadBeanDefinitions(XmlWebApplicationContext.java:94)
	at org.springframework.context.support.AbstractRefreshableApplicationContext.refreshBeanFactory(AbstractRefreshableApplicationContext.java:130)
	at org.springframework.context.support.AbstractApplicationContext.obtainFreshBeanFactory(AbstractApplicationContext.java:537)
	at org.springframework.context.support.AbstractApplicationContext.refresh(AbstractApplicationContext.java:451)
	at org.springframework.web.context.ContextLoader.configureAndRefreshWebApplicationContext(ContextLoader.java:389)
	at org.springframework.web.context.ContextLoader.initWebApplicationContext(ContextLoader.java:294)
	at org.springframework.web.context.ContextLoaderListener.contextInitialized(ContextLoaderListener.java:112)
	at org.jasig.cas.web.init.SafeContextLoaderListener.contextInitialized(SafeContextLoaderListener.java:75)
	at org.apache.catalina.core.StandardContext.listenerStart(StandardContext.java:5016)
	at org.apache.catalina.core.StandardContext.startInternal(StandardContext.java:5524)
	at org.apache.catalina.util.LifecycleBase.start(LifecycleBase.java:150)
	at org.apache.catalina.core.ContainerBase.addChildInternal(ContainerBase.java:901)
	at org.apache.catalina.core.ContainerBase.addChild(ContainerBase.java:877)
	at org.apache.catalina.core.StandardHost.addChild(StandardHost.java:649)
	at org.apache.catalina.startup.HostConfig.manageApp(HostConfig.java:1760)
	at sun.reflect.NativeMethodAccessorImpl.invoke0(Native Method)
	at sun.reflect.NativeMethodAccessorImpl.invoke(NativeMethodAccessorImpl.java:57)
	at sun.reflect.DelegatingMethodAccessorImpl.invoke(DelegatingMethodAccessorImpl.java:43)
	at java.lang.reflect.Method.invoke(Method.java:606)
	at org.apache.tomcat.util.modeler.BaseModelMBean.invoke(BaseModelMBean.java:301)
	at com.sun.jmx.interceptor.DefaultMBeanServerInterceptor.invoke(DefaultMBeanServerInterceptor.java:819)
	at com.sun.jmx.mbeanserver.JmxMBeanServer.invoke(JmxMBeanServer.java:801)
	at org.apache.catalina.mbeans.MBeanFactory.createStandardContext(MBeanFactory.java:618)
	at org.apache.catalina.mbeans.MBeanFactory.createStandardContext(MBeanFactory.java:565)
	at sun.reflect.NativeMethodAccessorImpl.invoke0(Native Method)
	at sun.reflect.NativeMethodAccessorImpl.invoke(NativeMethodAccessorImpl.java:57)
	at sun.reflect.DelegatingMethodAccessorImpl.invoke(DelegatingMethodAccessorImpl.java:43)
	at java.lang.reflect.Method.invoke(Method.java:606)
	at org.apache.tomcat.util.modeler.BaseModelMBean.invoke(BaseModelMBean.java:301)
	at com.sun.jmx.interceptor.DefaultMBeanServerInterceptor.invoke(DefaultMBeanServerInterceptor.java:819)
	at com.sun.jmx.mbeanserver.JmxMBeanServer.invoke(JmxMBeanServer.java:801)
	at javax.management.remote.rmi.RMIConnectionImpl.doOperation(RMIConnectionImpl.java:1487)
	at javax.management.remote.rmi.RMIConnectionImpl.access$300(RMIConnectionImpl.java:97)
	at javax.management.remote.rmi.RMIConnectionImpl$PrivilegedOperation.run(RMIConnectionImpl.java:1328)
	at javax.management.remote.rmi.RMIConnectionImpl.doPrivilegedOperation(RMIConnectionImpl.java:1420)
	at javax.management.remote.rmi.RMIConnectionImpl.invoke(RMIConnectionImpl.java:848)
	at sun.reflect.NativeMethodAccessorImpl.invoke0(Native Method)
	at sun.reflect.NativeMethodAccessorImpl.invoke(NativeMethodAccessorImpl.java:57)
	at sun.reflect.DelegatingMethodAccessorImpl.invoke(DelegatingMethodAccessorImpl.java:43)
	at java.lang.reflect.Method.invoke(Method.java:606)
	at sun.rmi.server.UnicastServerRef.dispatch(UnicastServerRef.java:322)
	at sun.rmi.transport.Transport$2.run(Transport.java:202)
	at sun.rmi.transport.Transport$2.run(Transport.java:199)
	at java.security.AccessController.doPrivileged(Native Method)
	at sun.rmi.transport.Transport.serviceCall(Transport.java:198)
	at sun.rmi.transport.tcp.TCPTransport.handleMessages(TCPTransport.java:567)
	at sun.rmi.transport.tcp.TCPTransport$ConnectionHandler.run0(TCPTransport.java:828)
	at sun.rmi.transport.tcp.TCPTransport$ConnectionHandler.access$400(TCPTransport.java:619)
	at sun.rmi.transport.tcp.TCPTransport$ConnectionHandler$1.run(TCPTransport.java:684)
	at sun.rmi.transport.tcp.TCPTransport$ConnectionHandler$1.run(TCPTransport.java:681)
	at java.security.AccessController.doPrivileged(Native Method)
	at sun.rmi.transport.tcp.TCPTransport$ConnectionHandler.run(TCPTransport.java:681)
	at java.util.concurrent.ThreadPoolExecutor.runWorker(ThreadPoolExecutor.java:1145)
	at java.util.concurrent.ThreadPoolExecutor$Worker.run(ThreadPoolExecutor.java:615)
	at java.lang.Thread.run(Thread.java:745)
Caused by: java.lang.UnsupportedClassVersionError: javax/annotation/ManagedBean : Unsupported major.minor version 52.0 (unable to load class javax.annotation.ManagedBean)
	at org.apache.catalina.loader.WebappClassLoader.findClassInternal(WebappClassLoader.java:2961)
	at org.apache.catalina.loader.WebappClassLoader.findClass(WebappClassLoader.java:1210)
	at org.apache.catalina.loader.WebappClassLoader.loadClass(WebappClassLoader.java:1690)
	at org.apache.catalina.loader.WebappClassLoader.loadClass(WebappClassLoader.java:1571)
	at org.springframework.context.annotation.ClassPathScanningCandidateComponentProvider.registerDefaultFilters(ClassPathScanningCandidateComponentProvider.java:229)
	at org.springframework.context.annotation.ClassPathScanningCandidateComponentProvider.<init>(ClassPathScanningCandidateComponentProvider.java:115)
	at org.springframework.context.annotation.ClassPathBeanDefinitionScanner.<init>(ClassPathBeanDefinitionScanner.java:138)
	at org.springframework.context.annotation.ClassPathBeanDefinitionScanner.<init>(ClassPathBeanDefinitionScanner.java:112)
	at org.springframework.context.annotation.ComponentScanBeanDefinitionParser.createScanner(ComponentScanBeanDefinitionParser.java:129)
	at org.springframework.context.annotation.ComponentScanBeanDefinitionParser.configureScanner(ComponentScanBeanDefinitionParser.java:99)
	at org.springframework.context.annotation.ComponentScanBeanDefinitionParser.parse(ComponentScanBeanDefinitionParser.java:83)
	at org.springframework.beans.factory.xml.NamespaceHandlerSupport.parse(NamespaceHandlerSupport.java:73)
	at org.springframework.beans.factory.xml.BeanDefinitionParserDelegate.parseCustomElement(BeanDefinitionParserDelegate.java:1438)
	at org.springframework.beans.factory.xml.BeanDefinitionParserDelegate.parseCustomElement(BeanDefinitionParserDelegate.java:1428)
	at org.springframework.beans.factory.xml.DefaultBeanDefinitionDocumentReader.parseBeanDefinitions(DefaultBeanDefinitionDocumentReader.java:195)
	at org.springframework.beans.factory.xml.DefaultBeanDefinitionDocumentReader.doRegisterBeanDefinitions(DefaultBeanDefinitionDocumentReader.java:139)
	at org.springframework.beans.factory.xml.DefaultBeanDefinitionDocumentReader.registerBeanDefinitions(DefaultBeanDefinitionDocumentReader.java:108)
	at org.springframework.beans.factory.xml.XmlBeanDefinitionReader.registerBeanDefinitions(XmlBeanDefinitionReader.java:493)
	at org.springframework.beans.factory.xml.XmlBeanDefinitionReader.doLoadBeanDefinitions(XmlBeanDefinitionReader.java:390)
	... 61 more
