#
# A fatal error has been detected by the Java Runtime Environment:
#
#  Internal Error (constantPoolOop.cpp:91), pid=10996, tid=2216
#  guarantee(error != (Symbol*)NULL) failed: tag mismatch with resolution error table
#
# JRE version: Java(TM) SE Runtime Environment (7.0_75-b13) (build 1.7.0_75-b13)
# Java VM: Java HotSpot(TM) 64-Bit Server VM (24.75-b04 mixed mode windows-amd64 compressed oops)
# Failed to write core dump. Minidumps are not enabled by default on client versions of Windows
#
# If you would like to submit a bug report, please visit:
#   http://bugreport.sun.com/bugreport/crash.jsp
#

---------------  T H R E A D  ---------------

Current thread (0x000000000e06e000):  JavaThread "http-apr-8080-exec-3" daemon [_thread_in_vm, id=2216, stack(0x000000000f020000,0x000000000f120000)]

Stack: [0x000000000f020000,0x000000000f120000]
[error occurred during error reporting (printing stack bounds), id 0xc0000005]


[error occurred during error reporting (printing native stack), id 0xc0000005]

Java frames: (J=compiled Java code, j=interpreted, Vv=VM code)
j  com.linewell.odoc.leaderworks.AgentsettinAction.execute()Ljava/lang/String;+59
v  ~StubRoutines::call_stub
j  sun.reflect.NativeMethodAccessorImpl.invoke0(Ljava/lang/reflect/Method;Ljava/lang/Object;[Ljava/lang/Object;)Ljava/lang/Object;+0
j  sun.reflect.NativeMethodAccessorImpl.invoke(Ljava/lang/Object;[Ljava/lang/Object;)Ljava/lang/Object;+87
j  sun.reflect.DelegatingMethodAccessorImpl.invoke(Ljava/lang/Object;[Ljava/lang/Object;)Ljava/lang/Object;+6
j  java.lang.reflect.Method.invoke(Ljava/lang/Object;[Ljava/lang/Object;)Ljava/lang/Object;+57
j  com.opensymphony.xwork2.DefaultActionInvocation.invokeAction(Ljava/lang/Object;Lcom/opensymphony/xwork2/config/entities/ActionConfig;)Ljava/lang/String;+228
j  com.opensymphony.xwork2.DefaultActionInvocation.invokeActionOnly()Ljava/lang/String;+14
j  com.opensymphony.xwork2.DefaultActionInvocation.invoke()Ljava/lang/String;+111
j  org.apache.struts2.interceptor.DeprecationInterceptor.intercept(Lcom/opensymphony/xwork2/ActionInvocation;)Ljava/lang/String;+30
j  com.opensymphony.xwork2.DefaultActionInvocation.invoke()Ljava/lang/String;+82
j  org.apache.struts2.interceptor.debugging.DebuggingInterceptor.intercept(Lcom/opensymphony/xwork2/ActionInvocation;)Ljava/lang/String;+342
j  com.opensymphony.xwork2.DefaultActionInvocation.invoke()Ljava/lang/String;+82
j  com.opensymphony.xwork2.interceptor.DefaultWorkflowInterceptor.doIntercept(Lcom/opensymphony/xwork2/ActionInvocation;)Ljava/lang/String;+112
j  com.opensymphony.xwork2.interceptor.MethodFilterInterceptor.intercept(Lcom/opensymphony/xwork2/ActionInvocation;)Ljava/lang/String;+10
j  com.opensymphony.xwork2.DefaultActionInvocation.invoke()Ljava/lang/String;+82
j  com.opensymphony.xwork2.validator.ValidationInterceptor.doIntercept(Lcom/opensymphony/xwork2/ActionInvocation;)Ljava/lang/String;+6
j  org.apache.struts2.interceptor.validation.AnnotationValidationInterceptor.doIntercept(Lcom/opensymphony/xwork2/ActionInvocation;)Ljava/lang/String;+202
j  com.opensymphony.xwork2.interceptor.MethodFilterInterceptor.intercept(Lcom/opensymphony/xwork2/ActionInvocation;)Ljava/lang/String;+10
j  com.opensymphony.xwork2.DefaultActionInvocation.invoke()Ljava/lang/String;+82
j  com.opensymphony.xwork2.interceptor.ConversionErrorInterceptor.intercept(Lcom/opensymphony/xwork2/ActionInvocation;)Ljava/lang/String;+200
j  com.opensymphony.xwork2.DefaultActionInvocation.invoke()Ljava/lang/String;+82
j  com.opensymphony.xwork2.interceptor.ParametersInterceptor.doIntercept(Lcom/opensymphony/xwork2/ActionInvocation;)Ljava/lang/String;+164
j  com.opensymphony.xwork2.interceptor.MethodFilterInterceptor.intercept(Lcom/opensymphony/xwork2/ActionInvocation;)Ljava/lang/String;+10
j  com.opensymphony.xwork2.DefaultActionInvocation.invoke()Ljava/lang/String;+82
j  com.opensymphony.xwork2.interceptor.ParametersInterceptor.doIntercept(Lcom/opensymphony/xwork2/ActionInvocation;)Ljava/lang/String;+164
j  com.opensymphony.xwork2.interceptor.MethodFilterInterceptor.intercept(Lcom/opensymphony/xwork2/ActionInvocation;)Ljava/lang/String;+10
j  com.opensymphony.xwork2.DefaultActionInvocation.invoke()Ljava/lang/String;+82
j  com.opensymphony.xwork2.interceptor.StaticParametersInterceptor.intercept(Lcom/opensymphony/xwork2/ActionInvocation;)Ljava/lang/String;+525
j  com.opensymphony.xwork2.DefaultActionInvocation.invoke()Ljava/lang/String;+82
j  org.apache.struts2.interceptor.MultiselectInterceptor.intercept(Lcom/opensymphony/xwork2/ActionInvocation;)Ljava/lang/String;+121
j  com.opensymphony.xwork2.DefaultActionInvocation.invoke()Ljava/lang/String;+82
j  org.apache.struts2.interceptor.CheckboxInterceptor.intercept(Lcom/opensymphony/xwork2/ActionInvocation;)Ljava/lang/String;+208
j  com.opensymphony.xwork2.DefaultActionInvocation.invoke()Ljava/lang/String;+82
j  org.apache.struts2.interceptor.FileUploadInterceptor.intercept(Lcom/opensymphony/xwork2/ActionInvocation;)Ljava/lang/String;+86
j  com.opensymphony.xwork2.DefaultActionInvocation.invoke()Ljava/lang/String;+82
j  com.opensymphony.xwork2.interceptor.ModelDrivenInterceptor.intercept(Lcom/opensymphony/xwork2/ActionInvocation;)Ljava/lang/String;+73
j  com.opensymphony.xwork2.DefaultActionInvocation.invoke()Ljava/lang/String;+82
j  com.opensymphony.xwork2.interceptor.ScopedModelDrivenInterceptor.intercept(Lcom/opensymphony/xwork2/ActionInvocation;)Ljava/lang/String;+179
j  com.opensymphony.xwork2.DefaultActionInvocation.invoke()Ljava/lang/String;+82
j  com.opensymphony.xwork2.interceptor.ChainingInterceptor.intercept(Lcom/opensymphony/xwork2/ActionInvocation;)Ljava/lang/String;+30
j  com.opensymphony.xwork2.DefaultActionInvocation.invoke()Ljava/lang/String;+82
j  com.opensymphony.xwork2.interceptor.PrepareInterceptor.doIntercept(Lcom/opensymphony/xwork2/ActionInvocation;)Ljava/lang/String;+116
j  com.opensymphony.xwork2.interceptor.MethodFilterInterceptor.intercept(Lcom/opensymphony/xwork2/ActionInvocation;)Ljava/lang/String;+10
j  com.opensymphony.xwork2.DefaultActionInvocation.invoke()Ljava/lang/String;+82
j  com.opensymphony.xwork2.interceptor.I18nInterceptor.intercept(Lcom/opensymphony/xwork2/ActionInvocation;)Ljava/lang/String;+131
j  com.opensymphony.xwork2.DefaultActionInvocation.invoke()Ljava/lang/String;+82
j  org.apache.struts2.interceptor.ServletConfigInterceptor.intercept(Lcom/opensymphony/xwork2/ActionInvocation;)Ljava/lang/String;+228
j  com.opensymphony.xwork2.DefaultActionInvocation.invoke()Ljava/lang/String;+82
j  com.opensymphony.xwork2.interceptor.AliasInterceptor.intercept(Lcom/opensymphony/xwork2/ActionInvocation;)Ljava/lang/String;+536
j  com.opensymphony.xwork2.DefaultActionInvocation.invoke()Ljava/lang/String;+82
j  com.opensymphony.xwork2.interceptor.ExceptionMappingInterceptor.intercept(Lcom/opensymphony/xwork2/ActionInvocation;)Ljava/lang/String;+1
j  com.opensymphony.xwork2.DefaultActionInvocation.invoke()Ljava/lang/String;+82
j  org.apache.struts2.impl.StrutsActionProxy.execute()Ljava/lang/String;+20
j  org.apache.struts2.dispatcher.Dispatcher.serviceAction(Ljavax/servlet/http/HttpServletRequest;Ljavax/servlet/http/HttpServletResponse;Ljavax/servlet/ServletContext;Lorg/apache/struts2/dispatcher/mapper/ActionMapping;)V+212
j  org.apache.struts2.dispatcher.ng.ExecuteOperations.executeAction(Ljavax/servlet/http/HttpServletRequest;Ljavax/servlet/http/HttpServletResponse;Lorg/apache/struts2/dispatcher/mapper/ActionMapping;)V+11
j  org.apache.struts2.dispatcher.ng.filter.StrutsPrepareAndExecuteFilter.doFilter(Ljavax/servlet/ServletRequest;Ljavax/servlet/ServletResponse;Ljavax/servlet/FilterChain;)V+149
j  com.linewell.core.web.struts.ExtendStrutsFilter.doFilter(Ljavax/servlet/ServletRequest;Ljavax/servlet/ServletResponse;Ljavax/servlet/FilterChain;)V+64
j  org.apache.catalina.core.ApplicationFilterChain.internalDoFilter(Ljavax/servlet/ServletRequest;Ljavax/servlet/ServletResponse;)V+151
j  org.apache.catalina.core.ApplicationFilterChain.doFilter(Ljavax/servlet/ServletRequest;Ljavax/servlet/ServletResponse;)V+101
j  org.jwebap.plugin.tracer.http.DetectFilter.doFilter(Ljavax/servlet/ServletRequest;Ljavax/servlet/ServletResponse;Ljavax/servlet/FilterChain;)V+81
j  org.apache.catalina.core.ApplicationFilterChain.internalDoFilter(Ljavax/servlet/ServletRequest;Ljavax/servlet/ServletResponse;)V+151
j  org.apache.catalina.core.ApplicationFilterChain.doFilter(Ljavax/servlet/ServletRequest;Ljavax/servlet/ServletResponse;)V+101
j  com.linewell.core.db.JdbcFilter.doFilter(Ljavax/servlet/ServletRequest;Ljavax/servlet/ServletResponse;Ljavax/servlet/FilterChain;)V+3
j  org.apache.catalina.core.ApplicationFilterChain.internalDoFilter(Ljavax/servlet/ServletRequest;Ljavax/servlet/ServletResponse;)V+151
j  org.apache.catalina.core.ApplicationFilterChain.doFilter(Ljavax/servlet/ServletRequest;Ljavax/servlet/ServletResponse;)V+101
j  com.linewell.core.filter.SessionFilter.doFilter(Ljavax/servlet/ServletRequest;Ljavax/servlet/ServletResponse;Ljavax/servlet/FilterChain;)V+137
j  org.apache.catalina.core.ApplicationFilterChain.internalDoFilter(Ljavax/servlet/ServletRequest;Ljavax/servlet/ServletResponse;)V+151
j  org.apache.catalina.core.ApplicationFilterChain.doFilter(Ljavax/servlet/ServletRequest;Ljavax/servlet/ServletResponse;)V+101
j  com.linewell.core.filter.CharacterEncodingFilter.doFilter(Ljavax/servlet/ServletRequest;Ljavax/servlet/ServletResponse;Ljavax/servlet/FilterChain;)V+32
j  org.apache.catalina.core.ApplicationFilterChain.internalDoFilter(Ljavax/servlet/ServletRequest;Ljavax/servlet/ServletResponse;)V+151
j  org.apache.catalina.core.ApplicationFilterChain.doFilter(Ljavax/servlet/ServletRequest;Ljavax/servlet/ServletResponse;)V+101
j  org.apache.catalina.core.StandardWrapperValve.invoke(Lorg/apache/catalina/connector/Request;Lorg/apache/catalina/connector/Response;)V+783
j  org.apache.catalina.core.StandardContextValve.invoke(Lorg/apache/catalina/connector/Request;Lorg/apache/catalina/connector/Response;)V+166
j  org.apache.catalina.authenticator.AuthenticatorBase.invoke(Lorg/apache/catalina/connector/Request;Lorg/apache/catalina/connector/Response;)V+449
j  org.apache.catalina.core.StandardHostValve.invoke(Lorg/apache/catalina/connector/Request;Lorg/apache/catalina/connector/Response;)V+158
j  org.apache.catalina.valves.ErrorReportValve.invoke(Lorg/apache/catalina/connector/Request;Lorg/apache/catalina/connector/Response;)V+6
j  org.apache.catalina.valves.AccessLogValve.invoke(Lorg/apache/catalina/connector/Request;Lorg/apache/catalina/connector/Response;)V+6
j  org.apache.catalina.core.StandardEngineValve.invoke(Lorg/apache/catalina/connector/Request;Lorg/apache/catalina/connector/Response;)V+71
j  org.apache.catalina.connector.CoyoteAdapter.service(Lorg/apache/coyote/Request;Lorg/apache/coyote/Response;)V+196
j  org.apache.coyote.http11.AbstractHttp11Processor.process(Lorg/apache/tomcat/util/net/SocketWrapper;)Lorg/apache/tomcat/util/net/AbstractEndpoint$Handler$SocketState;+632
j  org.apache.coyote.AbstractProtocol$AbstractConnectionHandler.process(Lorg/apache/tomcat/util/net/SocketWrapper;Lorg/apache/tomcat/util/net/SocketStatus;)Lorg/apache/tomcat/util/net/AbstractEndpoint$Handler$SocketState;+239
j  org.apache.tomcat.util.net.AprEndpoint$SocketProcessor.doRun()V+26
j  org.apache.tomcat.util.net.AprEndpoint$SocketProcessor.run()V+55
j  java.util.concurrent.ThreadPoolExecutor.runWorker(Ljava/util/concurrent/ThreadPoolExecutor$Worker;)V+95
j  java.util.concurrent.ThreadPoolExecutor$Worker.run()V+5
j  org.apache.tomcat.util.threads.TaskThread$WrappingRunnable.run()V+4
j  java.lang.Thread.run()V+11
v  ~StubRoutines::call_stub

---------------  P R O C E S S  ---------------

Java Threads: ( => current thread )
  0x000000001152a000 JavaThread "Thread-8" daemon [_thread_blocked, id=7440, stack(0x0000000029e50000,0x0000000029f50000)]
  0x000000001151d000 JavaThread "http-apr-8080-exec-10" daemon [_thread_blocked, id=1668, stack(0x000000002cf00000,0x000000002d000000)]
  0x000000000e073000 JavaThread "pool-1-thread-1" [_thread_blocked, id=10024, stack(0x000000002ce00000,0x000000002cf00000)]
  0x000000000e072800 JavaThread "http-apr-8080-exec-9" daemon [_thread_blocked, id=10340, stack(0x000000002cc20000,0x000000002cd20000)]
  0x000000000e071800 JavaThread "http-apr-8080-exec-8" daemon [_thread_blocked, id=9460, stack(0x000000002b970000,0x000000002ba70000)]
  0x000000000e071000 JavaThread "http-apr-8080-exec-7" daemon [_thread_blocked, id=9388, stack(0x000000002baa0000,0x000000002bba0000)]
  0x000000000e070000 JavaThread "http-apr-8080-exec-6" daemon [_thread_blocked, id=8992, stack(0x000000002b490000,0x000000002b590000)]
  0x000000000e06f800 JavaThread "http-apr-8080-exec-5" daemon [_thread_blocked, id=7268, stack(0x000000002b840000,0x000000002b940000)]
  0x000000000e06e800 JavaThread "http-apr-8080-exec-4" daemon [_thread_blocked, id=9180, stack(0x000000002b710000,0x000000002b810000)]
=>0x000000000e06e000 JavaThread "http-apr-8080-exec-3" daemon [_thread_in_vm, id=2216, stack(0x000000000f020000,0x000000000f120000)]
  0x000000000e06d000 JavaThread "http-apr-8080-exec-2" daemon [_thread_blocked, id=5988, stack(0x000000002b2d0000,0x000000002b3d0000)]
  0x000000000d9f1800 JavaThread "http-apr-8080-exec-1" daemon [_thread_blocked, id=10768, stack(0x000000000ead0000,0x000000000ebd0000)]
  0x000000000db66000 JavaThread "ajp-apr-8010-AsyncTimeout" daemon [_thread_blocked, id=7484, stack(0x000000002b0f0000,0x000000002b1f0000)]
  0x000000000db65800 JavaThread "ajp-apr-8010-Acceptor-0" daemon [_thread_in_native, id=7480, stack(0x000000002af30000,0x000000002b030000)]
  0x000000000db64800 JavaThread "ajp-apr-8010-Poller" daemon [_thread_blocked, id=7476, stack(0x000000002ad40000,0x000000002ae40000)]
  0x000000000db64000 JavaThread "http-apr-8080-AsyncTimeout" daemon [_thread_blocked, id=7472, stack(0x000000002abc0000,0x000000002acc0000)]
  0x000000000db63000 JavaThread "http-apr-8080-Acceptor-0" daemon [_thread_in_native, id=7468, stack(0x0000000024310000,0x0000000024410000)]
  0x000000000db62800 JavaThread "http-apr-8080-Sendfile" daemon [_thread_blocked, id=7464, stack(0x000000002aa50000,0x000000002ab50000)]
  0x000000000db61800 JavaThread "http-apr-8080-Poller" daemon [_thread_in_native, id=7460, stack(0x000000002a8a0000,0x000000002a9a0000)]
  0x000000000db61000 JavaThread "ContainerBackgroundProcessor[StandardEngine[Catalina]]" daemon [_thread_blocked, id=7456, stack(0x000000002a500000,0x000000002a600000)]
  0x000000000db60000 JavaThread "Timer-1" daemon [_thread_blocked, id=1100, stack(0x0000000028bf0000,0x0000000028cf0000)]
  0x000000000db5f800 JavaThread "Sched1_QuartzSchedulerThread" [_thread_blocked, id=5112, stack(0x000000002a090000,0x000000002a190000)]
  0x000000000db5e800 JavaThread "Sched1_Worker-300" [_thread_blocked, id=6888, stack(0x000000002a1c0000,0x000000002a2c0000)]
  0x000000000db5e000 JavaThread "Sched1_Worker-299" [_thread_blocked, id=6104, stack(0x0000000029f60000,0x000000002a060000)]
  0x000000000db5d000 JavaThread "Sched1_Worker-298" [_thread_blocked, id=4364, stack(0x0000000029990000,0x0000000029a90000)]
  0x000000000db5c800 JavaThread "Sched1_Worker-297" [_thread_blocked, id=5192, stack(0x0000000029d50000,0x0000000029e50000)]
  0x000000000db5b800 JavaThread "Sched1_Worker-296" [_thread_blocked, id=7100, stack(0x0000000029bf0000,0x0000000029cf0000)]
  0x000000000db5b000 JavaThread "Sched1_Worker-295" [_thread_blocked, id=3756, stack(0x0000000029ae0000,0x0000000029be0000)]
  0x000000000db5a000 JavaThread "Sched1_Worker-294" [_thread_blocked, id=9804, stack(0x0000000028740000,0x0000000028840000)]
  0x000000000db59800 JavaThread "Sched1_Worker-293" [_thread_blocked, id=7128, stack(0x0000000029830000,0x0000000029930000)]
  0x000000000db58800 JavaThread "Sched1_Worker-292" [_thread_blocked, id=6188, stack(0x0000000029660000,0x0000000029760000)]
  0x000000000db58000 JavaThread "Sched1_Worker-291" [_thread_blocked, id=6128, stack(0x0000000029480000,0x0000000029580000)]
  0x000000000db57000 JavaThread "Sched1_Worker-290" [_thread_blocked, id=6520, stack(0x00000000292e0000,0x00000000293e0000)]
  0x000000000d85b800 JavaThread "Sched1_Worker-289" [_thread_blocked, id=4000, stack(0x00000000290f0000,0x00000000291f0000)]
  0x000000000d85b000 JavaThread "Sched1_Worker-288" [_thread_blocked, id=1660, stack(0x0000000028f80000,0x0000000029080000)]
  0x000000000d85a000 JavaThread "Sched1_Worker-287" [_thread_blocked, id=3176, stack(0x0000000028e20000,0x0000000028f20000)]
  0x000000000d859800 JavaThread "Sched1_Worker-286" [_thread_blocked, id=2824, stack(0x0000000028cf0000,0x0000000028df0000)]
  0x000000000d858800 JavaThread "Sched1_Worker-285" [_thread_blocked, id=3912, stack(0x0000000028990000,0x0000000028a90000)]
  0x000000000d858000 JavaThread "Sched1_Worker-284" [_thread_blocked, id=6496, stack(0x0000000028ad0000,0x0000000028bd0000)]
  0x000000000d857000 JavaThread "Sched1_Worker-283" [_thread_blocked, id=5708, stack(0x0000000028860000,0x0000000028960000)]
  0x000000000d856800 JavaThread "Sched1_Worker-282" [_thread_blocked, id=4148, stack(0x00000000281d0000,0x00000000282d0000)]
  0x000000000d855800 JavaThread "Sched1_Worker-281" [_thread_blocked, id=10600, stack(0x0000000028630000,0x0000000028730000)]
  0x000000000d855000 JavaThread "Sched1_Worker-280" [_thread_blocked, id=3940, stack(0x0000000028470000,0x0000000028570000)]
  0x000000000d854000 JavaThread "Sched1_Worker-279" [_thread_blocked, id=4120, stack(0x0000000028350000,0x0000000028450000)]
  0x000000000d853800 JavaThread "Sched1_Worker-278" [_thread_blocked, id=3016, stack(0x0000000028070000,0x0000000028170000)]
  0x000000000d852800 JavaThread "Sched1_Worker-277" [_thread_blocked, id=6868, stack(0x0000000027eb0000,0x0000000027fb0000)]
  0x000000000d852000 JavaThread "Sched1_Worker-276" [_thread_blocked, id=10984, stack(0x0000000027d70000,0x0000000027e70000)]
  0x000000000d851000 JavaThread "Sched1_Worker-275" [_thread_blocked, id=10220, stack(0x0000000026480000,0x0000000026580000)]
  0x000000000d850800 JavaThread "Sched1_Worker-274" [_thread_blocked, id=10420, stack(0x0000000027a90000,0x0000000027b90000)]
  0x000000000d84f800 JavaThread "Sched1_Worker-273" [_thread_blocked, id=10392, stack(0x0000000027be0000,0x0000000027ce0000)]
  0x000000000d84f000 JavaThread "Sched1_Worker-272" [_thread_blocked, id=3488, stack(0x0000000027740000,0x0000000027840000)]
  0x000000000d84e000 JavaThread "Sched1_Worker-271" [_thread_blocked, id=9644, stack(0x0000000027940000,0x0000000027a40000)]
  0x000000000d84d800 JavaThread "Sched1_Worker-270" [_thread_blocked, id=9504, stack(0x0000000027340000,0x0000000027440000)]
  0x000000000d84c800 JavaThread "Sched1_Worker-269" [_thread_blocked, id=10952, stack(0x0000000027840000,0x0000000027940000)]
  0x000000000c42d800 JavaThread "Sched1_Worker-268" [_thread_blocked, id=10508, stack(0x0000000027600000,0x0000000027700000)]
  0x000000000c42c800 JavaThread "Sched1_Worker-267" [_thread_blocked, id=10516, stack(0x0000000027450000,0x0000000027550000)]
  0x000000000c42c000 JavaThread "Sched1_Worker-266" [_thread_blocked, id=10488, stack(0x0000000027200000,0x0000000027300000)]
  0x000000000c42b000 JavaThread "Sched1_Worker-265" [_thread_blocked, id=10724, stack(0x00000000270c0000,0x00000000271c0000)]
  0x000000000c42a800 JavaThread "Sched1_Worker-264" [_thread_blocked, id=9664, stack(0x0000000026fa0000,0x00000000270a0000)]
  0x000000000c429800 JavaThread "Sched1_Worker-263" [_thread_blocked, id=9996, stack(0x0000000026e30000,0x0000000026f30000)]
  0x000000000c429000 JavaThread "Sched1_Worker-262" [_thread_blocked, id=8616, stack(0x0000000026c80000,0x0000000026d80000)]
  0x000000000c428000 JavaThread "Sched1_Worker-261" [_thread_blocked, id=9844, stack(0x0000000026ac0000,0x0000000026bc0000)]
  0x000000000c427800 JavaThread "Sched1_Worker-260" [_thread_blocked, id=8784, stack(0x0000000026910000,0x0000000026a10000)]
  0x000000000c426800 JavaThread "Sched1_Worker-259" [_thread_blocked, id=10812, stack(0x0000000026760000,0x0000000026860000)]
  0x000000000c426000 JavaThread "Sched1_Worker-258" [_thread_blocked, id=10064, stack(0x0000000026260000,0x0000000026360000)]
  0x000000000c425000 JavaThread "Sched1_Worker-257" [_thread_blocked, id=9012, stack(0x0000000026590000,0x0000000026690000)]
  0x000000000c424800 JavaThread "Sched1_Worker-256" [_thread_blocked, id=6980, stack(0x0000000026370000,0x0000000026470000)]
  0x000000000c423800 JavaThread "Sched1_Worker-255" [_thread_blocked, id=10860, stack(0x0000000025ee0000,0x0000000025fe0000)]
  0x000000000c423000 JavaThread "Sched1_Worker-254" [_thread_blocked, id=10856, stack(0x0000000026100000,0x0000000026200000)]
  0x000000000c422000 JavaThread "Sched1_Worker-253" [_thread_blocked, id=8740, stack(0x0000000025ff0000,0x00000000260f0000)]
  0x000000000c421800 JavaThread "Sched1_Worker-252" [_thread_blocked, id=9900, stack(0x0000000022dc0000,0x0000000022ec0000)]
  0x000000000c420800 JavaThread "Sched1_Worker-251" [_thread_blocked, id=10816, stack(0x0000000025da0000,0x0000000025ea0000)]
  0x000000000c420000 JavaThread "Sched1_Worker-250" [_thread_blocked, id=724, stack(0x0000000025c50000,0x0000000025d50000)]
  0x000000000c41f000 JavaThread "Sched1_Worker-249" [_thread_blocked, id=10836, stack(0x0000000025940000,0x0000000025a40000)]
  0x000000000c41e800 JavaThread "Sched1_Worker-248" [_thread_blocked, id=10056, stack(0x0000000025ae0000,0x0000000025be0000)]
  0x000000000d615800 JavaThread "Sched1_Worker-247" [_thread_blocked, id=10832, stack(0x0000000025840000,0x0000000025940000)]
  0x000000000d614800 JavaThread "Sched1_Worker-246" [_thread_blocked, id=10824, stack(0x00000000256f0000,0x00000000257f0000)]
  0x000000000d614000 JavaThread "Sched1_Worker-245" [_thread_blocked, id=10256, stack(0x0000000024d90000,0x0000000024e90000)]
  0x000000000d613000 JavaThread "Sched1_Worker-244" [_thread_blocked, id=10748, stack(0x0000000025190000,0x0000000025290000)]
  0x000000000d612800 JavaThread "Sched1_Worker-243" [_thread_blocked, id=11220, stack(0x0000000025550000,0x0000000025650000)]
  0x000000000d611800 JavaThread "Sched1_Worker-242" [_thread_blocked, id=6260, stack(0x0000000025450000,0x0000000025550000)]
  0x000000000d611000 JavaThread "Sched1_Worker-241" [_thread_blocked, id=10840, stack(0x00000000252a0000,0x00000000253a0000)]
  0x000000000d610000 JavaThread "Sched1_Worker-240" [_thread_blocked, id=10820, stack(0x0000000025090000,0x0000000025190000)]
  0x000000000d60f800 JavaThread "Sched1_Worker-239" [_thread_blocked, id=10804, stack(0x0000000024ea0000,0x0000000024fa0000)]
  0x000000000d60e800 JavaThread "Sched1_Worker-238" [_thread_blocked, id=10828, stack(0x0000000023d00000,0x0000000023e00000)]
  0x000000000d60e000 JavaThread "Sched1_Worker-237" [_thread_blocked, id=10604, stack(0x0000000024c40000,0x0000000024d40000)]
  0x000000000d60d000 JavaThread "Sched1_Worker-236" [_thread_blocked, id=9156, stack(0x0000000024aa0000,0x0000000024ba0000)]
  0x000000000d60c800 JavaThread "Sched1_Worker-235" [_thread_blocked, id=7548, stack(0x0000000024840000,0x0000000024940000)]
  0x000000000d60b800 JavaThread "Sched1_Worker-234" [_thread_blocked, id=11040, stack(0x0000000024950000,0x0000000024a50000)]
  0x000000000d60b000 JavaThread "Sched1_Worker-233" [_thread_blocked, id=10704, stack(0x00000000246e0000,0x00000000247e0000)]
  0x000000000d60a000 JavaThread "Sched1_Worker-232" [_thread_blocked, id=7204, stack(0x00000000245b0000,0x00000000246b0000)]
  0x000000000d609800 JavaThread "Sched1_Worker-231" [_thread_blocked, id=10680, stack(0x00000000240f0000,0x00000000241f0000)]
  0x000000000d608800 JavaThread "Sched1_Worker-230" [_thread_blocked, id=6528, stack(0x0000000024410000,0x0000000024510000)]
  0x000000000d608000 JavaThread "Sched1_Worker-229" [_thread_blocked, id=1504, stack(0x0000000024210000,0x0000000024310000)]
  0x000000000d607000 JavaThread "Sched1_Worker-228" [_thread_blocked, id=10684, stack(0x0000000023fd0000,0x00000000240d0000)]
  0x000000000d606800 JavaThread "Sched1_Worker-227" [_thread_blocked, id=10696, stack(0x0000000023e10000,0x0000000023f10000)]
  0x000000000dda3800 JavaThread "Sched1_Worker-226" [_thread_blocked, id=5816, stack(0x0000000023bc0000,0x0000000023cc0000)]
  0x000000000dda3000 JavaThread "Sched1_Worker-225" [_thread_blocked, id=10864, stack(0x0000000023a20000,0x0000000023b20000)]
  0x000000000dda2000 JavaThread "Sched1_Worker-224" [_thread_blocked, id=10872, stack(0x00000000238e0000,0x00000000239e0000)]
  0x000000000dda1800 JavaThread "Sched1_Worker-223" [_thread_blocked, id=11036, stack(0x0000000022fc0000,0x00000000230c0000)]
  0x000000000dda0800 JavaThread "Sched1_Worker-222" [_thread_blocked, id=11240, stack(0x0000000023700000,0x0000000023800000)]
  0x000000000dda0000 JavaThread "Sched1_Worker-221" [_thread_blocked, id=9916, stack(0x0000000023200000,0x0000000023300000)]
  0x000000000dd9f000 JavaThread "Sched1_Worker-220" [_thread_blocked, id=9768, stack(0x0000000023510000,0x0000000023610000)]
  0x000000000dd9e800 JavaThread "Sched1_Worker-219" [_thread_blocked, id=10900, stack(0x0000000023360000,0x0000000023460000)]
  0x000000000dd9d800 JavaThread "Sched1_Worker-218" [_thread_blocked, id=10144, stack(0x00000000230c0000,0x00000000231c0000)]
  0x000000000dd9d000 JavaThread "Sched1_Worker-217" [_thread_blocked, id=10852, stack(0x0000000022b80000,0x0000000022c80000)]
  0x000000000dd9c000 JavaThread "Sched1_Worker-216" [_thread_blocked, id=9304, stack(0x000000001e060000,0x000000001e160000)]
  0x000000000dd9b800 JavaThread "Sched1_Worker-215" [_thread_blocked, id=10904, stack(0x0000000021eb0000,0x0000000021fb0000)]
  0x000000000dd9a800 JavaThread "Sched1_Worker-214" [_thread_blocked, id=10848, stack(0x0000000022ec0000,0x0000000022fc0000)]
  0x000000000dd9a000 JavaThread "Sched1_Worker-213" [_thread_blocked, id=9740, stack(0x0000000022cc0000,0x0000000022dc0000)]
  0x000000000dd99000 JavaThread "Sched1_Worker-212" [_thread_blocked, id=10532, stack(0x0000000022a30000,0x0000000022b30000)]
  0x000000000dd98800 JavaThread "Sched1_Worker-211" [_thread_blocked, id=10544, stack(0x00000000228f0000,0x00000000229f0000)]
  0x000000000dd97800 JavaThread "Sched1_Worker-210" [_thread_blocked, id=6604, stack(0x0000000022600000,0x0000000022700000)]
  0x000000000dd97000 JavaThread "Sched1_Worker-209" [_thread_blocked, id=10156, stack(0x0000000022760000,0x0000000022860000)]
  0x000000000dd96000 JavaThread "Sched1_Worker-208" [_thread_blocked, id=9828, stack(0x00000000224c0000,0x00000000225c0000)]
  0x000000000dd95800 JavaThread "Sched1_Worker-207" [_thread_blocked, id=10940, stack(0x00000000210b0000,0x00000000211b0000)]
  0x000000000dd94800 JavaThread "Sched1_Worker-206" [_thread_blocked, id=10436, stack(0x0000000022330000,0x0000000022430000)]
  0x000000000d492800 JavaThread "Sched1_Worker-205" [_thread_blocked, id=10612, stack(0x00000000220f0000,0x00000000221f0000)]
  0x000000000d491800 JavaThread "Sched1_Worker-204" [_thread_blocked, id=10580, stack(0x00000000221f0000,0x00000000222f0000)]
  0x000000000d491000 JavaThread "Sched1_Worker-203" [_thread_blocked, id=10376, stack(0x0000000021a30000,0x0000000021b30000)]
  0x000000000d490000 JavaThread "Sched1_Worker-202" [_thread_blocked, id=11104, stack(0x0000000021fb0000,0x00000000220b0000)]
  0x000000000d48f800 JavaThread "Sched1_Worker-201" [_thread_blocked, id=11248, stack(0x0000000021d90000,0x0000000021e90000)]
  0x000000000d48e800 JavaThread "Sched1_Worker-200" [_thread_blocked, id=11256, stack(0x0000000021ba0000,0x0000000021ca0000)]
  0x000000000d48e000 JavaThread "Sched1_Worker-199" [_thread_blocked, id=9564, stack(0x0000000021530000,0x0000000021630000)]
  0x000000000d48d000 JavaThread "Sched1_Worker-198" [_thread_blocked, id=10656, stack(0x0000000021930000,0x0000000021a30000)]
  0x000000000d48c800 JavaThread "Sched1_Worker-197" [_thread_blocked, id=10576, stack(0x0000000021810000,0x0000000021910000)]
  0x000000000d48b800 JavaThread "Sched1_Worker-196" [_thread_blocked, id=10592, stack(0x0000000021650000,0x0000000021750000)]
  0x000000000d48b000 JavaThread "Sched1_Worker-195" [_thread_blocked, id=10588, stack(0x0000000021410000,0x0000000021510000)]
  0x000000000d48a000 JavaThread "Sched1_Worker-194" [_thread_blocked, id=10520, stack(0x0000000020b40000,0x0000000020c40000)]
  0x000000000d489800 JavaThread "Sched1_Worker-193" [_thread_blocked, id=10632, stack(0x00000000212b0000,0x00000000213b0000)]
  0x000000000d488800 JavaThread "Sched1_Worker-192" [_thread_blocked, id=11208, stack(0x00000000211b0000,0x00000000212b0000)]
  0x000000000d488000 JavaThread "Sched1_Worker-191" [_thread_blocked, id=11244, stack(0x0000000020fb0000,0x00000000210b0000)]
  0x000000000d487000 JavaThread "Sched1_Worker-190" [_thread_blocked, id=9556, stack(0x0000000020dd0000,0x0000000020ed0000)]
  0x000000000d486800 JavaThread "Sched1_Worker-189" [_thread_blocked, id=6768, stack(0x00000000202a0000,0x00000000203a0000)]
  0x000000000d485800 JavaThread "Sched1_Worker-188" [_thread_blocked, id=8444, stack(0x0000000020c80000,0x0000000020d80000)]
  0x000000000d485000 JavaThread "Sched1_Worker-187" [_thread_blocked, id=4664, stack(0x0000000020a10000,0x0000000020b10000)]
  0x000000000d484000 JavaThread "Sched1_Worker-186" [_thread_blocked, id=8280, stack(0x0000000020860000,0x0000000020960000)]
  0x000000000d483800 JavaThread "Sched1_Worker-185" [_thread_blocked, id=8272, stack(0x0000000020720000,0x0000000020820000)]
  0x000000000d42f000 JavaThread "Sched1_Worker-184" [_thread_blocked, id=10608, stack(0x0000000020570000,0x0000000020670000)]
  0x000000000d42e000 JavaThread "Sched1_Worker-183" [_thread_blocked, id=10616, stack(0x000000001ff30000,0x0000000020030000)]
  0x000000000d42d800 JavaThread "Sched1_Worker-182" [_thread_blocked, id=10112, stack(0x00000000203f0000,0x00000000204f0000)]
  0x000000000d42c800 JavaThread "Sched1_Worker-181" [_thread_blocked, id=10628, stack(0x0000000020190000,0x0000000020290000)]
  0x000000000d42c000 JavaThread "Sched1_Worker-180" [_thread_blocked, id=10624, stack(0x0000000020060000,0x0000000020160000)]
  0x000000000d42b000 JavaThread "Sched1_Worker-179" [_thread_blocked, id=9696, stack(0x000000001f700000,0x000000001f800000)]
  0x000000000d42a800 JavaThread "Sched1_Worker-178" [_thread_blocked, id=10944, stack(0x000000001fc90000,0x000000001fd90000)]
  0x000000000d429800 JavaThread "Sched1_Worker-177" [_thread_blocked, id=1384, stack(0x000000001fe00000,0x000000001ff00000)]
  0x000000000d429000 JavaThread "Sched1_Worker-176" [_thread_blocked, id=4212, stack(0x000000001fb90000,0x000000001fc90000)]
  0x000000000d428000 JavaThread "Sched1_Worker-175" [_thread_blocked, id=6708, stack(0x000000001fa40000,0x000000001fb40000)]
  0x000000000c3eb000 JavaThread "Sched1_Worker-174" [_thread_blocked, id=4116, stack(0x000000001f850000,0x000000001f950000)]
  0x000000000c3ea000 JavaThread "Sched1_Worker-173" [_thread_blocked, id=6620, stack(0x000000001f5f0000,0x000000001f6f0000)]
  0x000000000c3e9800 JavaThread "Sched1_Worker-172" [_thread_blocked, id=1452, stack(0x000000001ecd0000,0x000000001edd0000)]
  0x000000000c3e8800 JavaThread "Sched1_Worker-171" [_thread_blocked, id=1988, stack(0x000000001f470000,0x000000001f570000)]
  0x000000000c3e8000 JavaThread "Sched1_Worker-170" [_thread_blocked, id=4496, stack(0x000000001f2d0000,0x000000001f3d0000)]
  0x000000000c3e7000 JavaThread "Sched1_Worker-169" [_thread_blocked, id=4540, stack(0x000000001f0e0000,0x000000001f1e0000)]
  0x000000000c3e6800 JavaThread "Sched1_Worker-168" [_thread_blocked, id=364, stack(0x000000001ef50000,0x000000001f050000)]
  0x000000000c3e5800 JavaThread "Sched1_Worker-167" [_thread_blocked, id=6676, stack(0x000000001ea50000,0x000000001eb50000)]
  0x000000000c3e5000 JavaThread "Sched1_Worker-166" [_thread_blocked, id=5472, stack(0x000000001edf0000,0x000000001eef0000)]
  0x000000000c3e4000 JavaThread "Sched1_Worker-165" [_thread_blocked, id=6408, stack(0x000000001eb50000,0x000000001ec50000)]
  0x000000000df86000 JavaThread "Sched1_Worker-164" [_thread_blocked, id=4160, stack(0x000000001e950000,0x000000001ea50000)]
  0x000000000df85800 JavaThread "Sched1_Worker-163" [_thread_blocked, id=5756, stack(0x000000001e7c0000,0x000000001e8c0000)]
  0x000000000df84800 JavaThread "Sched1_Worker-162" [_thread_blocked, id=6508, stack(0x000000001e650000,0x000000001e750000)]
  0x000000000df84000 JavaThread "Sched1_Worker-161" [_thread_blocked, id=4384, stack(0x000000001e530000,0x000000001e630000)]
  0x000000000df83000 JavaThread "Sched1_Worker-160" [_thread_blocked, id=5788, stack(0x000000001e340000,0x000000001e440000)]
  0x000000000df82800 JavaThread "Sched1_Worker-159" [_thread_blocked, id=6700, stack(0x000000001e160000,0x000000001e260000)]
  0x000000000df81800 JavaThread "Sched1_Worker-158" [_thread_blocked, id=3560, stack(0x000000001de10000,0x000000001df10000)]
  0x000000000df81000 JavaThread "Sched1_Worker-157" [_thread_blocked, id=6840, stack(0x000000001df60000,0x000000001e060000)]
  0x000000000df80000 JavaThread "Sched1_Worker-156" [_thread_blocked, id=6784, stack(0x000000001c980000,0x000000001ca80000)]
  0x000000000df7f800 JavaThread "Sched1_Worker-155" [_thread_blocked, id=6832, stack(0x000000001dc90000,0x000000001dd90000)]
  0x000000000e985800 JavaThread "Sched1_Worker-154" [_thread_blocked, id=2304, stack(0x000000001daf0000,0x000000001dbf0000)]
  0x000000000e984800 JavaThread "Sched1_Worker-153" [_thread_blocked, id=3780, stack(0x000000001d8f0000,0x000000001d9f0000)]
  0x000000000e984000 JavaThread "Sched1_Worker-152" [_thread_blocked, id=6480, stack(0x000000001d460000,0x000000001d560000)]
  0x000000000e983000 JavaThread "Sched1_Worker-151" [_thread_blocked, id=2584, stack(0x000000001d720000,0x000000001d820000)]
  0x000000000e982800 JavaThread "Sched1_Worker-150" [_thread_blocked, id=6484, stack(0x000000001cd80000,0x000000001ce80000)]
  0x000000000e981800 JavaThread "Sched1_Worker-149" [_thread_blocked, id=4240, stack(0x000000001d560000,0x000000001d660000)]
  0x000000000e981000 JavaThread "Sched1_Worker-148" [_thread_blocked, id=4376, stack(0x000000001d320000,0x000000001d420000)]
  0x000000000e980000 JavaThread "Sched1_Worker-147" [_thread_blocked, id=6732, stack(0x000000001c770000,0x000000001c870000)]
  0x000000000e97f800 JavaThread "Sched1_Worker-146" [_thread_blocked, id=4176, stack(0x000000001d220000,0x000000001d320000)]
  0x000000000e97e800 JavaThread "Sched1_Worker-145" [_thread_blocked, id=8732, stack(0x000000001d040000,0x000000001d140000)]
  0x000000000d96a800 JavaThread "Sched1_Worker-144" [_thread_blocked, id=9400, stack(0x000000001ce80000,0x000000001cf80000)]
  0x000000000d96a000 JavaThread "Sched1_Worker-143" [_thread_blocked, id=11188, stack(0x000000001cc50000,0x000000001cd50000)]
  0x000000000d969000 JavaThread "Sched1_Worker-142" [_thread_blocked, id=11192, stack(0x000000001cac0000,0x000000001cbc0000)]
  0x000000000d968800 JavaThread "Sched1_Worker-141" [_thread_blocked, id=6024, stack(0x000000001c870000,0x000000001c970000)]
  0x000000000d967800 JavaThread "Sched1_Worker-140" [_thread_blocked, id=1952, stack(0x000000001c380000,0x000000001c480000)]
  0x000000000d967000 JavaThread "Sched1_Worker-139" [_thread_blocked, id=4608, stack(0x000000001c670000,0x000000001c770000)]
  0x000000000d966000 JavaThread "Sched1_Worker-138" [_thread_blocked, id=6760, stack(0x000000001c4a0000,0x000000001c5a0000)]
  0x000000000d965800 JavaThread "Sched1_Worker-137" [_thread_blocked, id=6756, stack(0x000000001c0f0000,0x000000001c1f0000)]
  0x000000000d964800 JavaThread "Sched1_Worker-136" [_thread_blocked, id=4932, stack(0x000000001c230000,0x000000001c330000)]
  0x000000000d964000 JavaThread "Sched1_Worker-135" [_thread_blocked, id=1072, stack(0x000000001bfe0000,0x000000001c0e0000)]
  0x000000000e146000 JavaThread "Sched1_Worker-134" [_thread_blocked, id=5092, stack(0x000000001b8a0000,0x000000001b9a0000)]
  0x000000000e145000 JavaThread "Sched1_Worker-133" [_thread_blocked, id=2896, stack(0x000000001bac0000,0x000000001bbc0000)]
  0x000000000e144800 JavaThread "Sched1_Worker-132" [_thread_blocked, id=5268, stack(0x000000001bd10000,0x000000001be10000)]
  0x000000000e143800 JavaThread "Sched1_Worker-131" [_thread_blocked, id=3456, stack(0x000000001be40000,0x000000001bf40000)]
  0x000000000e143000 JavaThread "Sched1_Worker-130" [_thread_blocked, id=5168, stack(0x000000001bbd0000,0x000000001bcd0000)]
  0x000000000e142000 JavaThread "Sched1_Worker-129" [_thread_blocked, id=5764, stack(0x000000001b210000,0x000000001b310000)]
  0x000000000e141800 JavaThread "Sched1_Worker-128" [_thread_blocked, id=6320, stack(0x000000001b9b0000,0x000000001bab0000)]
  0x000000000e140800 JavaThread "Sched1_Worker-127" [_thread_blocked, id=2804, stack(0x000000001b7a0000,0x000000001b8a0000)]
  0x000000000e140000 JavaThread "Sched1_Worker-126" [_thread_blocked, id=6264, stack(0x000000001b470000,0x000000001b570000)]
  0x000000000e13f000 JavaThread "Sched1_Worker-125" [_thread_blocked, id=3128, stack(0x000000001b5f0000,0x000000001b6f0000)]
  0x000000000d9e3000 JavaThread "Sched1_Worker-124" [_thread_blocked, id=5272, stack(0x000000001b350000,0x000000001b450000)]
  0x000000000d9e2800 JavaThread "Sched1_Worker-123" [_thread_blocked, id=4296, stack(0x000000001b110000,0x000000001b210000)]
  0x000000000d9e1800 JavaThread "Sched1_Worker-122" [_thread_blocked, id=4300, stack(0x000000001ac50000,0x000000001ad50000)]
  0x000000000d9e1000 JavaThread "Sched1_Worker-121" [_thread_blocked, id=4752, stack(0x000000001aed0000,0x000000001afd0000)]
  0x000000000d9e0000 JavaThread "Sched1_Worker-120" [_thread_blocked, id=6824, stack(0x000000001afe0000,0x000000001b0e0000)]
  0x000000000d9df800 JavaThread "Sched1_Worker-119" [_thread_blocked, id=3388, stack(0x000000001a580000,0x000000001a680000)]
  0x000000000d9de800 JavaThread "Sched1_Worker-118" [_thread_blocked, id=4588, stack(0x000000001add0000,0x000000001aed0000)]
  0x000000000d9de000 JavaThread "Sched1_Worker-117" [_thread_blocked, id=2396, stack(0x000000001a7f0000,0x000000001a8f0000)]
  0x000000000d9dd000 JavaThread "Sched1_Worker-116" [_thread_blocked, id=7568, stack(0x000000001ab30000,0x000000001ac30000)]
  0x000000000d9dc800 JavaThread "Sched1_Worker-115" [_thread_blocked, id=9000, stack(0x0000000019670000,0x0000000019770000)]
  0x000000000d9ab000 JavaThread "Sched1_Worker-114" [_thread_blocked, id=11144, stack(0x000000001a940000,0x000000001aa40000)]
  0x000000000d9aa000 JavaThread "Sched1_Worker-113" [_thread_blocked, id=9728, stack(0x000000001a6b0000,0x000000001a7b0000)]
  0x000000000d9a9800 JavaThread "Sched1_Worker-112" [_thread_blocked, id=1056, stack(0x00000000185c0000,0x00000000186c0000)]
  0x000000000d9a8800 JavaThread "Sched1_Worker-111" [_thread_blocked, id=6196, stack(0x0000000019a10000,0x0000000019b10000)]
  0x000000000d9a8000 JavaThread "Sched1_Worker-110" [_thread_blocked, id=10740, stack(0x000000001a470000,0x000000001a570000)]
  0x000000000d9a7000 JavaThread "Sched1_Worker-109" [_thread_blocked, id=9120, stack(0x0000000019e20000,0x0000000019f20000)]
  0x000000000d9a6800 JavaThread "Sched1_Worker-108" [_thread_blocked, id=7028, stack(0x000000001a320000,0x000000001a420000)]
  0x000000000d9a5800 JavaThread "Sched1_Worker-107" [_thread_blocked, id=5264, stack(0x000000001a1e0000,0x000000001a2e0000)]
  0x000000000d9a5000 JavaThread "Sched1_Worker-106" [_thread_blocked, id=5312, stack(0x000000001a040000,0x000000001a140000)]
  0x000000000d9a4000 JavaThread "Sched1_Worker-105" [_thread_blocked, id=7092, stack(0x0000000019f40000,0x000000001a040000)]
  0x000000000decd800 JavaThread "Sched1_Worker-104" [_thread_blocked, id=10880, stack(0x0000000019cf0000,0x0000000019df0000)]
  0x000000000decc800 JavaThread "Sched1_Worker-103" [_thread_blocked, id=10876, stack(0x0000000019b10000,0x0000000019c10000)]
  0x000000000decc000 JavaThread "Sched1_Worker-102" [_thread_blocked, id=10728, stack(0x0000000019450000,0x0000000019550000)]
  0x000000000decb000 JavaThread "Sched1_Worker-101" [_thread_blocked, id=10756, stack(0x00000000198d0000,0x00000000199d0000)]
  0x000000000deca800 JavaThread "Sched1_Worker-100" [_thread_blocked, id=10720, stack(0x0000000019770000,0x0000000019870000)]
  0x000000000dec9800 JavaThread "Sched1_Worker-99" [_thread_blocked, id=10752, stack(0x0000000019570000,0x0000000019670000)]
  0x000000000dec9000 JavaThread "Sched1_Worker-98" [_thread_blocked, id=10416, stack(0x00000000191a0000,0x00000000192a0000)]
  0x000000000dec8000 JavaThread "Sched1_Worker-97" [_thread_blocked, id=10668, stack(0x0000000019350000,0x0000000019450000)]
  0x000000000dec7800 JavaThread "Sched1_Worker-96" [_thread_blocked, id=10016, stack(0x0000000018360000,0x0000000018460000)]
  0x000000000dec6800 JavaThread "Sched1_Worker-95" [_thread_blocked, id=8932, stack(0x0000000019090000,0x0000000019190000)]
  0x000000000e4db000 JavaThread "Sched1_Worker-94" [_thread_blocked, id=3064, stack(0x0000000018eb0000,0x0000000018fb0000)]
  0x000000000e4da800 JavaThread "Sched1_Worker-93" [_thread_blocked, id=7064, stack(0x0000000018cc0000,0x0000000018dc0000)]
  0x000000000e4d9800 JavaThread "Sched1_Worker-92" [_thread_blocked, id=8868, stack(0x0000000018b60000,0x0000000018c60000)]
  0x000000000e4d9000 JavaThread "Sched1_Worker-91" [_thread_blocked, id=10052, stack(0x0000000018a10000,0x0000000018b10000)]
  0x000000000e4d8000 JavaThread "Sched1_Worker-90" [_thread_blocked, id=8912, stack(0x00000000187d0000,0x00000000188d0000)]
  0x000000000e4d7800 JavaThread "Sched1_Worker-89" [_thread_blocked, id=8380, stack(0x00000000188d0000,0x00000000189d0000)]
  0x000000000e4d6800 JavaThread "Sched1_Worker-88" [_thread_blocked, id=10464, stack(0x00000000186d0000,0x00000000187d0000)]
  0x000000000e4d6000 JavaThread "Sched1_Worker-87" [_thread_blocked, id=8572, stack(0x00000000169d0000,0x0000000016ad0000)]
  0x000000000e4d5000 JavaThread "Sched1_Worker-86" [_thread_blocked, id=10172, stack(0x00000000184b0000,0x00000000185b0000)]
  0x000000000e4d4800 JavaThread "Sched1_Worker-85" [_thread_blocked, id=9268, stack(0x0000000018250000,0x0000000018350000)]
  0x000000000e311000 JavaThread "Sched1_Worker-84" [_thread_blocked, id=6960, stack(0x0000000017fa0000,0x00000000180a0000)]
  0x000000000e310800 JavaThread "Sched1_Worker-83" [_thread_blocked, id=3116, stack(0x00000000180c0000,0x00000000181c0000)]
  0x000000000e30f800 JavaThread "Sched1_Worker-82" [_thread_blocked, id=10176, stack(0x0000000017620000,0x0000000017720000)]
  0x000000000e30f000 JavaThread "Sched1_Worker-81" [_thread_blocked, id=10160, stack(0x0000000017e50000,0x0000000017f50000)]
  0x000000000e30e000 JavaThread "Sched1_Worker-80" [_thread_blocked, id=9528, stack(0x0000000017ca0000,0x0000000017da0000)]
  0x000000000e30d800 JavaThread "Sched1_Worker-79" [_thread_blocked, id=5000, stack(0x00000000172d0000,0x00000000173d0000)]
  0x000000000e30c800 JavaThread "Sched1_Worker-78" [_thread_blocked, id=6184, stack(0x0000000017ac0000,0x0000000017bc0000)]
  0x000000000e30c000 JavaThread "Sched1_Worker-77" [_thread_blocked, id=9628, stack(0x00000000179c0000,0x0000000017ac0000)]
  0x000000000e30b000 JavaThread "Sched1_Worker-76" [_thread_blocked, id=6940, stack(0x00000000178a0000,0x00000000179a0000)]
  0x000000000e30a800 JavaThread "Sched1_Worker-75" [_thread_blocked, id=9264, stack(0x0000000017730000,0x0000000017830000)]
  0x000000000da90800 JavaThread "Sched1_Worker-74" [_thread_blocked, id=8352, stack(0x00000000174d0000,0x00000000175d0000)]
  0x000000000da90000 JavaThread "Sched1_Worker-73" [_thread_blocked, id=1004, stack(0x00000000173d0000,0x00000000174d0000)]
  0x000000000da8f000 JavaThread "Sched1_Worker-72" [_thread_blocked, id=228, stack(0x00000000171a0000,0x00000000172a0000)]
  0x000000000da8e800 JavaThread "Sched1_Worker-71" [_thread_blocked, id=9372, stack(0x0000000017090000,0x0000000017190000)]
  0x000000000da8d800 JavaThread "Sched1_Worker-70" [_thread_blocked, id=8632, stack(0x0000000016c00000,0x0000000016d00000)]
  0x000000000da8d000 JavaThread "Sched1_Worker-69" [_thread_blocked, id=9540, stack(0x0000000016f30000,0x0000000017030000)]
  0x000000000da8c000 JavaThread "Sched1_Worker-68" [_thread_blocked, id=5200, stack(0x0000000016d50000,0x0000000016e50000)]
  0x000000000da8b800 JavaThread "Sched1_Worker-67" [_thread_blocked, id=5032, stack(0x0000000016ad0000,0x0000000016bd0000)]
  0x000000000da8a800 JavaThread "Sched1_Worker-66" [_thread_blocked, id=9552, stack(0x00000000168b0000,0x00000000169b0000)]
  0x000000000da8a000 JavaThread "Sched1_Worker-65" [_thread_blocked, id=9340, stack(0x0000000016770000,0x0000000016870000)]
  0x000000000dbeb000 JavaThread "Sched1_Worker-64" [_thread_blocked, id=10196, stack(0x0000000016650000,0x0000000016750000)]
  0x000000000dbea800 JavaThread "Sched1_Worker-63" [_thread_blocked, id=6124, stack(0x0000000016520000,0x0000000016620000)]
  0x000000000dbe9800 JavaThread "Sched1_Worker-62" [_thread_blocked, id=8836, stack(0x00000000163b0000,0x00000000164b0000)]
  0x000000000dbe9000 JavaThread "Sched1_Worker-61" [_thread_blocked, id=9612, stack(0x0000000016260000,0x0000000016360000)]
  0x000000000dbe8000 JavaThread "Sched1_Worker-60" [_thread_blocked, id=10012, stack(0x00000000160b0000,0x00000000161b0000)]
  0x000000000dbe7800 JavaThread "Sched1_Worker-59" [_thread_blocked, id=9928, stack(0x0000000015cd0000,0x0000000015dd0000)]
  0x000000000dbe6800 JavaThread "Sched1_Worker-58" [_thread_blocked, id=9856, stack(0x0000000015fb0000,0x00000000160b0000)]
  0x000000000dbe6000 JavaThread "Sched1_Worker-57" [_thread_blocked, id=8580, stack(0x0000000015dd0000,0x0000000015ed0000)]
  0x000000000dbe5000 JavaThread "Sched1_Worker-56" [_thread_blocked, id=6776, stack(0x0000000015bd0000,0x0000000015cd0000)]
  0x000000000dbe4800 JavaThread "Sched1_Worker-55" [_thread_blocked, id=9572, stack(0x00000000159e0000,0x0000000015ae0000)]
  0x000000000e6ff800 JavaThread "Sched1_Worker-54" [_thread_blocked, id=6176, stack(0x00000000150b0000,0x00000000151b0000)]
  0x000000000e6fe800 JavaThread "Sched1_Worker-53" [_thread_blocked, id=9820, stack(0x0000000015850000,0x0000000015950000)]
  0x000000000e6fe000 JavaThread "Sched1_Worker-52" [_thread_blocked, id=7188, stack(0x0000000015410000,0x0000000015510000)]
  0x000000000e6fd000 JavaThread "Sched1_Worker-51" [_thread_blocked, id=10028, stack(0x00000000156b0000,0x00000000157b0000)]
  0x000000000e6fc800 JavaThread "Sched1_Worker-50" [_thread_blocked, id=9680, stack(0x00000000155a0000,0x00000000156a0000)]
  0x000000000e6fb800 JavaThread "Sched1_Worker-49" [_thread_blocked, id=9052, stack(0x00000000152c0000,0x00000000153c0000)]
  0x000000000e6fb000 JavaThread "Sched1_Worker-48" [_thread_blocked, id=2904, stack(0x0000000014b70000,0x0000000014c70000)]
  0x000000000e6fa000 JavaThread "Sched1_Worker-47" [_thread_blocked, id=3732, stack(0x00000000144e0000,0x00000000145e0000)]
  0x000000000e6f9000 JavaThread "Sched1_Worker-46" [_thread_blocked, id=9904, stack(0x00000000151b0000,0x00000000152b0000)]
  0x000000000e6f8800 JavaThread "Sched1_Worker-45" [_thread_blocked, id=9640, stack(0x0000000014d90000,0x0000000014e90000)]
  0x000000000df63000 JavaThread "Sched1_Worker-44" [_thread_blocked, id=720, stack(0x0000000014fb0000,0x00000000150b0000)]
  0x000000000df62000 JavaThread "Sched1_Worker-43" [_thread_blocked, id=9792, stack(0x0000000014e90000,0x0000000014f90000)]
  0x000000000df61800 JavaThread "Sched1_Worker-42" [_thread_blocked, id=9744, stack(0x0000000014c90000,0x0000000014d90000)]
  0x000000000df60800 JavaThread "Sched1_Worker-41" [_thread_blocked, id=9404, stack(0x0000000014a20000,0x0000000014b20000)]
  0x000000000df60000 JavaThread "Sched1_Worker-40" [_thread_blocked, id=10004, stack(0x0000000014850000,0x0000000014950000)]
  0x000000000df5f000 JavaThread "Sched1_Worker-39" [_thread_blocked, id=10184, stack(0x00000000146f0000,0x00000000147f0000)]
  0x000000000df5e800 JavaThread "Sched1_Worker-38" [_thread_blocked, id=7860, stack(0x0000000013f10000,0x0000000014010000)]
  0x000000000df5d800 JavaThread "Sched1_Worker-37" [_thread_blocked, id=8676, stack(0x00000000145f0000,0x00000000146f0000)]
  0x000000000df5d000 JavaThread "Sched1_Worker-36" [_thread_blocked, id=5660, stack(0x00000000143a0000,0x00000000144a0000)]
  0x000000000df5c000 JavaThread "Sched1_Worker-35" [_thread_blocked, id=9096, stack(0x0000000012800000,0x0000000012900000)]
  0x000000000de1a800 JavaThread "Sched1_Worker-34" [_thread_blocked, id=9296, stack(0x00000000141c0000,0x00000000142c0000)]
  0x000000000de1a000 JavaThread "Sched1_Worker-33" [_thread_blocked, id=9308, stack(0x0000000014040000,0x0000000014140000)]
  0x000000000de19000 JavaThread "Sched1_Worker-32" [_thread_blocked, id=1332, stack(0x0000000013de0000,0x0000000013ee0000)]
  0x000000000de18800 JavaThread "Sched1_Worker-31" [_thread_blocked, id=1536, stack(0x0000000013c90000,0x0000000013d90000)]
  0x000000000de17800 JavaThread "Sched1_Worker-30" [_thread_blocked, id=10672, stack(0x0000000013b50000,0x0000000013c50000)]
  0x000000000de17000 JavaThread "Sched1_Worker-29" [_thread_blocked, id=5308, stack(0x0000000013790000,0x0000000013890000)]
  0x000000000de16000 JavaThread "Sched1_Worker-28" [_thread_blocked, id=9508, stack(0x0000000013a20000,0x0000000013b20000)]
  0x000000000de15800 JavaThread "Sched1_Worker-27" [_thread_blocked, id=3728, stack(0x00000000138a0000,0x00000000139a0000)]
  0x000000000de14800 JavaThread "Sched1_Worker-26" [_thread_blocked, id=1908, stack(0x0000000013600000,0x0000000013700000)]
  0x000000000de14000 JavaThread "Sched1_Worker-25" [_thread_blocked, id=8568, stack(0x00000000134b0000,0x00000000135b0000)]
  0x000000000da00800 JavaThread "Sched1_Worker-24" [_thread_blocked, id=3768, stack(0x0000000013300000,0x0000000013400000)]
  0x000000000d9ff800 JavaThread "Sched1_Worker-23" [_thread_blocked, id=10372, stack(0x00000000131a0000,0x00000000132a0000)]
  0x000000000d9ff000 JavaThread "Sched1_Worker-22" [_thread_blocked, id=4744, stack(0x0000000012ea0000,0x0000000012fa0000)]
  0x000000000d9fe000 JavaThread "Sched1_Worker-21" [_thread_blocked, id=9560, stack(0x0000000013030000,0x0000000013130000)]
  0x000000000d9fd800 JavaThread "Sched1_Worker-20" [_thread_blocked, id=10060, stack(0x0000000012d90000,0x0000000012e90000)]
  0x000000000d9fc800 JavaThread "Sched1_Worker-19" [_thread_blocked, id=3652, stack(0x0000000012bb0000,0x0000000012cb0000)]
  0x000000000d9fc000 JavaThread "Sched1_Worker-18" [_thread_blocked, id=2944, stack(0x00000000124a0000,0x00000000125a0000)]
  0x000000000d9fb000 JavaThread "Sched1_Worker-17" [_thread_blocked, id=3136, stack(0x0000000012ab0000,0x0000000012bb0000)]
  0x000000000d9fa800 JavaThread "Sched1_Worker-16" [_thread_blocked, id=968, stack(0x0000000012910000,0x0000000012a10000)]
  0x000000000d9f9800 JavaThread "Sched1_Worker-15" [_thread_blocked, id=9488, stack(0x00000000122a0000,0x00000000123a0000)]
  0x000000000d9f9000 JavaThread "Sched1_Worker-14" [_thread_blocked, id=6384, stack(0x00000000126f0000,0x00000000127f0000)]
  0x000000000d9f8000 JavaThread "Sched1_Worker-13" [_thread_blocked, id=6716, stack(0x00000000125e0000,0x00000000126e0000)]
  0x000000000d9f7800 JavaThread "Sched1_Worker-12" [_thread_blocked, id=5040, stack(0x000000000f580000,0x000000000f680000)]
  0x000000000d9f6800 JavaThread "Sched1_Worker-11" [_thread_blocked, id=10512, stack(0x00000000123a0000,0x00000000124a0000)]
  0x000000000d9f6000 JavaThread "Sched1_Worker-10" [_thread_blocked, id=4888, stack(0x0000000012030000,0x0000000012130000)]
  0x000000000d9f5000 JavaThread "Sched1_Worker-9" [_thread_blocked, id=10664, stack(0x0000000012130000,0x0000000012230000)]
  0x000000000d9f4800 JavaThread "Sched1_Worker-8" [_thread_blocked, id=9648, stack(0x000000000fe80000,0x000000000ff80000)]
  0x000000000d9f3800 JavaThread "Sched1_Worker-7" [_thread_blocked, id=8664, stack(0x000000000fcc0000,0x000000000fdc0000)]
  0x000000000d9f3000 JavaThread "Sched1_Worker-6" [_thread_blocked, id=2340, stack(0x000000000fae0000,0x000000000fbe0000)]
  0x000000000d9f2000 JavaThread "Sched1_Worker-5" [_thread_blocked, id=204, stack(0x000000000f150000,0x000000000f250000)]
  0x000000000c4f1000 JavaThread "Sched1_Worker-4" [_thread_blocked, id=9736, stack(0x000000000eef0000,0x000000000eff0000)]
  0x000000000d45e800 JavaThread "Sched1_Worker-3" [_thread_blocked, id=9760, stack(0x000000000f930000,0x000000000fa30000)]
  0x000000000d45e000 JavaThread "Sched1_Worker-2" [_thread_blocked, id=6728, stack(0x000000000ebe0000,0x000000000ece0000)]
  0x000000000e03e800 JavaThread "Sched1_Worker-1" [_thread_blocked, id=6964, stack(0x000000000f7c0000,0x000000000f8c0000)]
  0x000000000ea6d800 JavaThread "Prototyper" daemon [_thread_blocked, id=8728, stack(0x000000000f470000,0x000000000f570000)]
  0x000000000e400800 JavaThread "Timer-0" daemon [_thread_blocked, id=10244, stack(0x000000000f370000,0x000000000f470000)]
  0x000000000e1a1000 JavaThread "HouseKeeper" daemon [_thread_blocked, id=10248, stack(0x000000000f250000,0x000000000f350000)]
  0x000000000d8bb000 JavaThread "GC Daemon" daemon [_thread_blocked, id=10948, stack(0x000000000ed40000,0x000000000ee40000)]
  0x000000000c1ce800 JavaThread "Service Thread" daemon [_thread_blocked, id=11120, stack(0x000000000d010000,0x000000000d110000)]
  0x000000000c1ca800 JavaThread "C2 CompilerThread1" daemon [_thread_blocked, id=11124, stack(0x000000000c5e0000,0x000000000c6e0000)]
  0x000000000c1c1000 JavaThread "C2 CompilerThread0" daemon [_thread_blocked, id=11084, stack(0x000000000cb30000,0x000000000cc30000)]
  0x000000000c1b1800 JavaThread "JDWP Command Reader" daemon [_thread_in_native, id=5948, stack(0x000000000ce60000,0x000000000cf60000)]
  0x000000000c1ae800 JavaThread "JDWP Event Helper Thread" daemon [_thread_blocked, id=9888, stack(0x000000000cd20000,0x000000000ce20000)]
  0x000000000c1a2800 JavaThread "JDWP Transport Listener: dt_socket" daemon [_thread_blocked, id=9072, stack(0x000000000c900000,0x000000000ca00000)]
  0x000000000aaaa000 JavaThread "Attach Listener" daemon [_thread_blocked, id=9300, stack(0x000000000b9b0000,0x000000000bab0000)]
  0x000000000aacb000 JavaThread "Signal Dispatcher" daemon [_thread_blocked, id=11112, stack(0x000000000c0a0000,0x000000000c1a0000)]
  0x000000000aa55000 JavaThread "Finalizer" daemon [_thread_blocked, id=9660, stack(0x000000000beb0000,0x000000000bfb0000)]
  0x000000000aa4d800 JavaThread "Reference Handler" daemon [_thread_blocked, id=10044, stack(0x000000000bc60000,0x000000000bd60000)]
  0x0000000002598000 JavaThread "main" [_thread_in_native, id=11032, stack(0x0000000002840000,0x0000000002940000)]

Other Threads:
  0x000000000aa4a000 VMThread [stack: 0x000000000bad0000,0x000000000bbd0000] [id=9676]
  0x000000000c1e8800 WatcherThread [stack: 0x000000000d1e0000,0x000000000d2e0000] [id=424]

VM state:not at safepoint (normal execution)

VM Mutex/Monitor currently owned by a thread: None

Heap
 PSYoungGen      total 452608K, used 268145K [0x00000007d6f00000, 0x00000007f8000000, 0x0000000800000000)
  eden space 419840K, 56% used [0x00000007d6f00000,0x00000007e56d4658,0x00000007f0900000)
  from space 32768K, 93% used [0x00000007f6000000,0x00000007f7e08180,0x00000007f8000000)
  to   space 60928K, 0% used [0x00000007f0900000,0x00000007f0900000,0x00000007f4480000)
 ParOldGen       total 169472K, used 108743K [0x0000000784e00000, 0x000000078f380000, 0x00000007d6f00000)
  object space 169472K, 64% used [0x0000000784e00000,0x000000078b831d20,0x000000078f380000)
 PSPermGen       total 79872K, used 51973K [0x000000077fc00000, 0x0000000784a00000, 0x0000000784e00000)
  object space 79872K, 65% used [0x000000077fc00000,0x0000000782ec17d0,0x0000000784a00000)

Card table byte_map: [0x0000000005940000,0x0000000005d50000] byte_map_base: 0x0000000001d42000

Polling page: 0x0000000000150000

Code Cache  [0x0000000002940000, 0x0000000003170000, 0x0000000005940000)
 total_blobs=2091 nmethods=1653 adapters=397 free_code_cache=40897Kb largest_free_block=41794240

Compilation events (10 events):
Event: 18039.691 Thread 0x000000000c1c1000 nmethod 1847 0x0000000002b088d0 code [0x0000000002b08a40, 0x0000000002b08ff8]
Event: 18039.693 Thread 0x000000000c1ca800 nmethod 1848 0x000000000315c0d0 code [0x000000000315c220, 0x000000000315c578]
Event: 18039.697 Thread 0x000000000c1c1000 1849 % !         sun.nio.cs.ISO_8859_1$Encoder::encodeArrayLoop @ 129 (356 bytes)
Event: 18039.710 Thread 0x000000000c1c1000 nmethod 1849% 0x0000000003161f50 code [0x00000000031621e0, 0x0000000003163238]
Event: 18046.611 Thread 0x000000000c1ca800 1850             sun.security.provider.ByteArrayAccess::i2bBig (204 bytes)
Event: 18046.618 Thread 0x000000000c1ca800 nmethod 1850 0x0000000003160010 code [0x0000000003160160, 0x0000000003160418]
Event: 18100.388 Thread 0x000000000c1c1000 1851   !         sun.nio.cs.ISO_8859_1$Encoder::encodeArrayLoop (356 bytes)
Event: 18100.400 Thread 0x000000000c1c1000 nmethod 1851 0x0000000003160590 code [0x00000000031607e0, 0x0000000003161258]
Event: 18420.612 Thread 0x000000000c1ca800 1852   !         org.apache.lucene.util.IOUtils::close (108 bytes)
Event: 18420.614 Thread 0x000000000c1ca800 nmethod 1852 0x000000000315bc50 code [0x000000000315bda0, 0x000000000315bf28]

GC Heap History (10 events):
Event: 8400.628 GC heap before
{Heap before GC invocations=18 (full 2):
 PSYoungGen      total 539136K, used 538812K [0x00000007d6f00000, 0x00000007fe680000, 0x0000000800000000)
  eden space 530944K, 100% used [0x00000007d6f00000,0x00000007f7580000,0x00000007f7580000)
  from space 8192K, 96% used [0x00000007f8f00000,0x00000007f96af240,0x00000007f9700000)
  to   space 57856K, 0% used [0x00000007fae00000,0x00000007fae00000,0x00000007fe680000)
 ParOldGen       total 169472K, used 103602K [0x0000000784e00000, 0x000000078f380000, 0x00000007d6f00000)
  object space 169472K, 61% used [0x0000000784e00000,0x000000078b32cbe0,0x000000078f380000)
 PSPermGen       total 79872K, used 47390K [0x000000077fc00000, 0x0000000784a00000, 0x0000000784e00000)
  object space 79872K, 59% used [0x000000077fc00000,0x0000000782a47988,0x0000000784a00000)
Event: 8400.676 GC heap after
Heap after GC invocations=18 (full 2):
 PSYoungGen      total 538624K, used 7529K [0x00000007d6f00000, 0x00000007fcd80000, 0x0000000800000000)
  eden space 506368K, 0% used [0x00000007d6f00000,0x00000007d6f00000,0x00000007f5d80000)
  from space 32256K, 23% used [0x00000007fae00000,0x00000007fb55a6a8,0x00000007fcd80000)
  to   space 57344K, 0% used [0x00000007f5d80000,0x00000007f5d80000,0x00000007f9580000)
 ParOldGen       total 169472K, used 104918K [0x0000000784e00000, 0x000000078f380000, 0x00000007d6f00000)
  object space 169472K, 61% used [0x0000000784e00000,0x000000078b475b80,0x000000078f380000)
 PSPermGen       total 79872K, used 47390K [0x000000077fc00000, 0x0000000784a00000, 0x0000000784e00000)
  object space 79872K, 59% used [0x000000077fc00000,0x0000000782a47988,0x0000000784a00000)
}
Event: 12139.709 GC heap before
{Heap before GC invocations=19 (full 2):
 PSYoungGen      total 538624K, used 513897K [0x00000007d6f00000, 0x00000007fcd80000, 0x0000000800000000)
  eden space 506368K, 100% used [0x00000007d6f00000,0x00000007f5d80000,0x00000007f5d80000)
  from space 32256K, 23% used [0x00000007fae00000,0x00000007fb55a6a8,0x00000007fcd80000)
  to   space 57344K, 0% used [0x00000007f5d80000,0x00000007f5d80000,0x00000007f9580000)
 ParOldGen       total 169472K, used 104918K [0x0000000784e00000, 0x000000078f380000, 0x00000007d6f00000)
  object space 169472K, 61% used [0x0000000784e00000,0x000000078b475b80,0x000000078f380000)
 PSPermGen       total 79872K, used 47650K [0x000000077fc00000, 0x0000000784a00000, 0x0000000784e00000)
  object space 79872K, 59% used [0x000000077fc00000,0x0000000782a88a60,0x0000000784a00000)
Event: 12139.788 GC heap after
Heap after GC invocations=19 (full 2):
 PSYoungGen      total 491520K, used 8223K [0x00000007d6f00000, 0x00000007fb480000, 0x0000000800000000)
  eden space 482816K, 0% used [0x00000007d6f00000,0x00000007d6f00000,0x00000007f4680000)
  from space 8704K, 94% used [0x00000007f5d80000,0x00000007f6587e40,0x00000007f6600000)
  to   space 56320K, 0% used [0x00000007f7d80000,0x00000007f7d80000,0x00000007fb480000)
 ParOldGen       total 169472K, used 105928K [0x0000000784e00000, 0x000000078f380000, 0x00000007d6f00000)
  object space 169472K, 62% used [0x0000000784e00000,0x000000078b572340,0x000000078f380000)
 PSPermGen       total 79872K, used 47650K [0x000000077fc00000, 0x0000000784a00000, 0x0000000784e00000)
  object space 79872K, 59% used [0x000000077fc00000,0x0000000782a88a60,0x0000000784a00000)
}
Event: 14940.374 GC heap before
{Heap before GC invocations=20 (full 2):
 PSYoungGen      total 491520K, used 491039K [0x00000007d6f00000, 0x00000007fb480000, 0x0000000800000000)
  eden space 482816K, 100% used [0x00000007d6f00000,0x00000007f4680000,0x00000007f4680000)
  from space 8704K, 94% used [0x00000007f5d80000,0x00000007f6587e40,0x00000007f6600000)
  to   space 56320K, 0% used [0x00000007f7d80000,0x00000007f7d80000,0x00000007fb480000)
 ParOldGen       total 169472K, used 105928K [0x0000000784e00000, 0x000000078f380000, 0x00000007d6f00000)
  object space 169472K, 62% used [0x0000000784e00000,0x000000078b572340,0x000000078f380000)
 PSPermGen       total 79872K, used 48037K [0x000000077fc00000, 0x0000000784a00000, 0x0000000784e00000)
  object space 79872K, 60% used [0x000000077fc00000,0x0000000782ae96c0,0x0000000784a00000)
Event: 14940.431 GC heap after
Heap after GC invocations=20 (full 2):
 PSYoungGen      total 492032K, used 8936K [0x00000007d6f00000, 0x00000007f9c00000, 0x0000000800000000)
  eden space 460800K, 0% used [0x00000007d6f00000,0x00000007d6f00000,0x00000007f3100000)
  from space 31232K, 28% used [0x00000007f7d80000,0x00000007f863a028,0x00000007f9c00000)
  to   space 54784K, 0% used [0x00000007f3100000,0x00000007f3100000,0x00000007f6680000)
 ParOldGen       total 169472K, used 107101K [0x0000000784e00000, 0x000000078f380000, 0x00000007d6f00000)
  object space 169472K, 63% used [0x0000000784e00000,0x000000078b697610,0x000000078f380000)
 PSPermGen       total 79872K, used 48037K [0x000000077fc00000, 0x0000000784a00000, 0x0000000784e00000)
  object space 79872K, 60% used [0x000000077fc00000,0x0000000782ae96c0,0x0000000784a00000)
}
Event: 16322.789 GC heap before
{Heap before GC invocations=21 (full 2):
 PSYoungGen      total 492032K, used 469736K [0x00000007d6f00000, 0x00000007f9c00000, 0x0000000800000000)
  eden space 460800K, 100% used [0x00000007d6f00000,0x00000007f3100000,0x00000007f3100000)
  from space 31232K, 28% used [0x00000007f7d80000,0x00000007f863a028,0x00000007f9c00000)
  to   space 54784K, 0% used [0x00000007f3100000,0x00000007f3100000,0x00000007f6680000)
 ParOldGen       total 169472K, used 107101K [0x0000000784e00000, 0x000000078f380000, 0x00000007d6f00000)
  object space 169472K, 63% used [0x0000000784e00000,0x000000078b697610,0x000000078f380000)
 PSPermGen       total 79872K, used 50039K [0x000000077fc00000, 0x0000000784a00000, 0x0000000784e00000)
  object space 79872K, 62% used [0x000000077fc00000,0x0000000782cddfb8,0x0000000784a00000)
Event: 16322.941 GC heap after
Heap after GC invocations=21 (full 2):
 PSYoungGen      total 487936K, used 48064K [0x00000007d6f00000, 0x00000007f9580000, 0x0000000800000000)
  eden space 439808K, 0% used [0x00000007d6f00000,0x00000007d6f00000,0x00000007f1c80000)
  from space 48128K, 99% used [0x00000007f3100000,0x00000007f5ff0190,0x00000007f6000000)
  to   space 54784K, 0% used [0x00000007f6000000,0x00000007f6000000,0x00000007f9580000)
 ParOldGen       total 169472K, used 108441K [0x0000000784e00000, 0x000000078f380000, 0x00000007d6f00000)
  object space 169472K, 63% used [0x0000000784e00000,0x000000078b7e6608,0x000000078f380000)
 PSPermGen       total 79872K, used 50039K [0x000000077fc00000, 0x0000000784a00000, 0x0000000784e00000)
  object space 79872K, 62% used [0x000000077fc00000,0x0000000782cddfb8,0x0000000784a00000)
}
Event: 17759.629 GC heap before
{Heap before GC invocations=22 (full 2):
 PSYoungGen      total 487936K, used 487872K [0x00000007d6f00000, 0x00000007f9580000, 0x0000000800000000)
  eden space 439808K, 100% used [0x00000007d6f00000,0x00000007f1c80000,0x00000007f1c80000)
  from space 48128K, 99% used [0x00000007f3100000,0x00000007f5ff0190,0x00000007f6000000)
  to   space 54784K, 0% used [0x00000007f6000000,0x00000007f6000000,0x00000007f9580000)
 ParOldGen       total 169472K, used 108441K [0x0000000784e00000, 0x000000078f380000, 0x00000007d6f00000)
  object space 169472K, 63% used [0x0000000784e00000,0x000000078b7e6608,0x000000078f380000)
 PSPermGen       total 79872K, used 50181K [0x000000077fc00000, 0x0000000784a00000, 0x0000000784e00000)
  object space 79872K, 62% used [0x000000077fc00000,0x0000000782d01690,0x0000000784a00000)
Event: 17759.710 GC heap after
Heap after GC invocations=22 (full 2):
 PSYoungGen      total 452608K, used 30752K [0x00000007d6f00000, 0x00000007f8000000, 0x0000000800000000)
  eden space 419840K, 0% used [0x00000007d6f00000,0x00000007d6f00000,0x00000007f0900000)
  from space 32768K, 93% used [0x00000007f6000000,0x00000007f7e08180,0x00000007f8000000)
  to   space 60928K, 0% used [0x00000007f0900000,0x00000007f0900000,0x00000007f4480000)
 ParOldGen       total 169472K, used 108743K [0x0000000784e00000, 0x000000078f380000, 0x00000007d6f00000)
  object space 169472K, 64% used [0x0000000784e00000,0x000000078b831d20,0x000000078f380000)
 PSPermGen       total 79872K, used 50181K [0x000000077fc00000, 0x0000000784a00000, 0x0000000784e00000)
  object space 79872K, 62% used [0x000000077fc00000,0x0000000782d01690,0x0000000784a00000)
}

Deoptimization events (10 events):
Event: 18754.014 Thread 0x000000000e1a1000 Uncommon trap: reason=unhandled action=none pc=0x0000000002e73cb4 method=java.util.ArrayList.rangeCheck(I)V @ 20
Event: 18759.018 Thread 0x000000000e1a1000 Uncommon trap: reason=unhandled action=none pc=0x0000000002e73cb4 method=java.util.ArrayList.rangeCheck(I)V @ 20
Event: 18764.018 Thread 0x000000000e1a1000 Uncommon trap: reason=unhandled action=none pc=0x0000000002e73cb4 method=java.util.ArrayList.rangeCheck(I)V @ 20
Event: 18774.019 Thread 0x000000000e1a1000 Uncommon trap: reason=unhandled action=none pc=0x0000000002e73cb4 method=java.util.ArrayList.rangeCheck(I)V @ 20
Event: 18779.019 Thread 0x000000000e1a1000 Uncommon trap: reason=unhandled action=none pc=0x0000000002e73cb4 method=java.util.ArrayList.rangeCheck(I)V @ 20
Event: 18784.018 Thread 0x000000000e1a1000 Uncommon trap: reason=unhandled action=none pc=0x0000000002e73cb4 method=java.util.ArrayList.rangeCheck(I)V @ 20
Event: 18789.028 Thread 0x000000000e1a1000 Uncommon trap: reason=unhandled action=none pc=0x0000000002e73cb4 method=java.util.ArrayList.rangeCheck(I)V @ 20
Event: 18794.027 Thread 0x000000000e1a1000 Uncommon trap: reason=unhandled action=none pc=0x0000000002e73cb4 method=java.util.ArrayList.rangeCheck(I)V @ 20
Event: 18799.037 Thread 0x000000000e1a1000 Uncommon trap: reason=unhandled action=none pc=0x0000000002e73cb4 method=java.util.ArrayList.rangeCheck(I)V @ 20
Event: 18804.038 Thread 0x000000000e1a1000 Uncommon trap: reason=unhandled action=none pc=0x0000000002e73cb4 method=java.util.ArrayList.rangeCheck(I)V @ 20

Internal exceptions (10 events):
Event: 18039.695 Thread 0x000000000e06f800 Threw 0x00000007e08e4660 at C:\re\jdk7u75\1940\hotspot\src\share\vm\prims\jvm.cpp:1281
Event: 18039.695 Thread 0x000000000e06f800 Threw 0x00000007e08e53c0 at C:\re\jdk7u75\1940\hotspot\src\share\vm\prims\jvm.cpp:1281
Event: 18039.695 Thread 0x000000000e06f800 Threw 0x00000007e08e5ee0 at C:\re\jdk7u75\1940\hotspot\src\share\vm\prims\jvm.cpp:1281
Event: 18039.695 Thread 0x000000000e06f800 Threw 0x00000007e08e8aa8 at C:\re\jdk7u75\1940\hotspot\src\share\vm\prims\jvm.cpp:1281
Event: 18039.695 Thread 0x000000000e06f800 Threw 0x00000007e08e9170 at C:\re\jdk7u75\1940\hotspot\src\share\vm\classfile\systemDictionary.cpp:185
Event: 18039.695 Thread 0x000000000e06f800 Threw 0x00000007e08ecab8 at C:\re\jdk7u75\1940\hotspot\src\share\vm\interpreter\interpreterRuntime.cpp:347
Event: 18100.367 Thread 0x000000000d9f1800 Threw 0x00000007e175cf70 at C:\re\jdk7u75\1940\hotspot\src\share\vm\oops\constantPoolOop.cpp:95
Event: 18100.376 Thread 0x000000000d9f1800 Threw 0x00000007e17dfe38 at C:\re\jdk7u75\1940\hotspot\src\share\vm\runtime\reflection.cpp:1030
Event: 18679.177 Thread 0x000000000e072800 Threw 0x00000007e3e171a0 at C:\re\jdk7u75\1940\hotspot\src\share\vm\oops\constantPoolOop.cpp:95
Event: 18679.183 Thread 0x000000000e072800 Threw 0x00000007e3e174c0 at C:\re\jdk7u75\1940\hotspot\src\share\vm\runtime\reflection.cpp:1030

Events (10 events):
Event: 18804.563 Executing VM operation: ChangeBreakpoints
Event: 18804.563 Executing VM operation: ChangeBreakpoints done
Event: 18804.564 Executing VM operation: ChangeBreakpoints
Event: 18804.565 Executing VM operation: ChangeBreakpoints done
Event: 18804.566 Executing VM operation: ChangeBreakpoints
Event: 18804.566 Executing VM operation: ChangeBreakpoints done
Event: 18804.568 Executing VM operation: ChangeBreakpoints
Event: 18804.568 Executing VM operation: ChangeBreakpoints done
Event: 18804.570 Executing VM operation: ChangeBreakpoints
Event: 18804.571 Executing VM operation: ChangeBreakpoints done


Dynamic libraries:
0x000000013f8f0000 - 0x000000013f923000 	E:\Java\jre7\bin\javaw.exe
0x00000000777d0000 - 0x000000007797a000 	C:\Windows\SYSTEM32\ntdll.dll
0x00000000775b0000 - 0x00000000776cf000 	C:\Windows\system32\kernel32.dll
0x000007fefd990000 - 0x000007fefd9fa000 	C:\Windows\system32\KERNELBASE.dll
0x000007fefe330000 - 0x000007fefe40b000 	C:\Windows\system32\ADVAPI32.dll
0x000007fefdaf0000 - 0x000007fefdb8f000 	C:\Windows\system32\msvcrt.dll
0x000007fefe130000 - 0x000007fefe14f000 	C:\Windows\SYSTEM32\sechost.dll
0x000007fefddf0000 - 0x000007fefdf1d000 	C:\Windows\system32\RPCRT4.dll
0x00000000776d0000 - 0x00000000777ca000 	C:\Windows\system32\USER32.dll
0x000007fefe0c0000 - 0x000007fefe127000 	C:\Windows\system32\GDI32.dll
0x000007fefe0b0000 - 0x000007fefe0be000 	C:\Windows\system32\LPK.dll
0x000007fefe4b0000 - 0x000007fefe57a000 	C:\Windows\system32\USP10.dll
0x000007fefc0f0000 - 0x000007fefc2e4000 	C:\Windows\WinSxS\amd64_microsoft.windows.common-controls_6595b64144ccf1df_6.0.7601.18837_none_fa3b1e3d17594757\COMCTL32.dll
0x000007feffa60000 - 0x000007feffad1000 	C:\Windows\system32\SHLWAPI.dll
0x000007feff6f0000 - 0x000007feff71e000 	C:\Windows\system32\IMM32.DLL
0x000007fefdb90000 - 0x000007fefdc99000 	C:\Windows\system32\MSCTF.dll
0x000007fefd690000 - 0x000007fefd6c2000 	C:\Windows\system32\nvinitx.dll
0x000007fefd680000 - 0x000007fefd68c000 	C:\Windows\system32\VERSION.dll
0x000000000f000000 - 0x000000000f006000 	C:\Program Files\NVIDIA Corporation\CoProcManager\detoured.dll
0x000007fefab40000 - 0x000007fefab72000 	C:\Program Files\NVIDIA Corporation\CoProcManager\nvd3d9wrapx.dll
0x000007fefe150000 - 0x000007fefe327000 	C:\Windows\system32\SETUPAPI.dll
0x000007fefda00000 - 0x000007fefda36000 	C:\Windows\system32\CFGMGR32.dll
0x000007feff610000 - 0x000007feff6e8000 	C:\Windows\system32\OLEAUT32.dll
0x000007feff3b0000 - 0x000007feff5b3000 	C:\Windows\system32\ole32.dll
0x000007fefd930000 - 0x000007fefd94a000 	C:\Windows\system32\DEVOBJ.dll
0x000007fefab10000 - 0x000007fefab32000 	C:\Program Files\NVIDIA Corporation\CoProcManager\nvdxgiwrapx.dll
0x0000000064f60000 - 0x0000000065032000 	E:\Java\jre7\bin\msvcr100.dll
0x0000000063740000 - 0x0000000063f14000 	E:\Java\jre7\bin\server\jvm.dll
0x000007fef8050000 - 0x000007fef8059000 	C:\Windows\system32\WSOCK32.dll
0x000007feff5c0000 - 0x000007feff60d000 	C:\Windows\system32\WS2_32.dll
0x000007fefdae0000 - 0x000007fefdae8000 	C:\Windows\system32\NSI.dll
0x000007fefb3b0000 - 0x000007fefb3eb000 	C:\Windows\system32\WINMM.dll
0x00000000779a0000 - 0x00000000779a7000 	C:\Windows\system32\PSAPI.DLL
0x000000006ad50000 - 0x000000006ad5f000 	E:\Java\jre7\bin\verify.dll
0x0000000066840000 - 0x0000000066868000 	E:\Java\jre7\bin\java.dll
0x0000000066790000 - 0x00000000667c5000 	E:\Java\jre7\bin\jdwp.dll
0x0000000066c50000 - 0x0000000066c58000 	E:\Java\jre7\bin\npt.dll
0x0000000066770000 - 0x0000000066785000 	E:\Java\jre7\bin\zip.dll
0x0000000066c40000 - 0x0000000066c49000 	E:\Java\jre7\bin\dt_socket.dll
0x000007fefb180000 - 0x000007fefb195000 	C:\Windows\system32\NLAapi.dll
0x000007feee030000 - 0x000007feee045000 	C:\Windows\system32\napinsp.dll
0x000007feee010000 - 0x000007feee029000 	C:\Windows\system32\pnrpnsp.dll
0x000007fefcef0000 - 0x000007fefcf45000 	C:\Windows\System32\mswsock.dll
0x000007fefcd70000 - 0x000007fefcdcb000 	C:\Windows\system32\DNSAPI.dll
0x000007feee000000 - 0x000007feee00b000 	C:\Windows\System32\winrnr.dll
0x000007feedff0000 - 0x000007feee000000 	C:\Windows\system32\wshbth.dll
0x000007fefc870000 - 0x000007fefc897000 	C:\Windows\system32\IPHLPAPI.DLL
0x000007fefc860000 - 0x000007fefc86b000 	C:\Windows\system32\WINNSI.DLL
0x000007fefa000000 - 0x000007fefa053000 	C:\Windows\System32\fwpuclnt.dll
0x000007feeda40000 - 0x000007feeda48000 	C:\Windows\system32\rasadhlp.dll
0x0000000010000000 - 0x0000000010030000 	C:\Windows\system32\xunyount64.dll
0x000007fef9f60000 - 0x000007fef9f78000 	C:\Windows\system32\dhcpcsvc.DLL
0x000007fefc840000 - 0x000007fefc847000 	C:\Windows\System32\wshtcpip.dll
0x0000000066800000 - 0x000000006680b000 	E:\Java\jre7\bin\management.dll
0x0000000066370000 - 0x0000000066389000 	E:\Java\jre7\bin\net.dll
0x000007fefcee0000 - 0x000007fefcee7000 	C:\Windows\System32\wship6.dll
0x0000000066270000 - 0x0000000066281000 	E:\Java\jre7\bin\nio.dll
0x0000000180000000 - 0x000000018018f000 	E:\apache-tomcat-7.0.59\bin\tcnative-1.dll
0x000007fefcf50000 - 0x000007fefcf67000 	C:\Windows\system32\CRYPTSP.dll
0x000007fefcc50000 - 0x000007fefcc97000 	C:\Windows\system32\rsaenh.dll
0x000007fefd5b0000 - 0x000007fefd5bf000 	C:\Windows\system32\CRYPTBASE.dll
0x0000000066240000 - 0x0000000066264000 	E:\Java\jre7\bin\sunec.dll
0x0000000066360000 - 0x000000006636b000 	E:\Java\jre7\bin\sunmscapi.dll
0x000007fefd7c0000 - 0x000007fefd92c000 	C:\Windows\system32\CRYPT32.dll
0x000007fefd770000 - 0x000007fefd77f000 	C:\Windows\system32\MSASN1.dll
0x000007fefc9d0000 - 0x000007fefc9ee000 	C:\Windows\system32\USERENV.dll
0x000007fefd6d0000 - 0x000007fefd6df000 	C:\Windows\system32\profapi.dll
0x000007fef9f40000 - 0x000007fef9f51000 	C:\Windows\system32\dhcpcsvc6.DLL

VM Arguments:
jvm_args: -agentlib:jdwp=transport=dt_socket,suspend=y,address=localhost:50952 -Dcatalina.home=E:\apache-tomcat-7.0.59 -Dcatalina.base=E:\apache-tomcat-7.0.59 -Djava.endorsed.dirs=E:\apache-tomcat-7.0.59/common/endorsed -Djava.io.tmpdir=E:\apache-tomcat-7.0.59\temp -Djava.library.path=E:\Java\jre7\bin;E:\apache-tomcat-7.0.59\bin -Dsun.io.useCanonCaches=false 
java_command: org.apache.catalina.startup.Bootstrap start
Launcher Type: SUN_STANDARD

Environment Variables:
JAVA_HOME=E:\Java\jdk1.7.0_75
PATH=E:\oracle\product\10.2.0\db_2\bin;C:\Program Files (x86)\NVIDIA Corporation\PhysX\Common;C:\Windows\system32;C:\Windows;C:\Windows\System32\Wbem;C:\Windows\System32\WindowsPowerShell\v1.0\;C:\Program Files\Intel\WiFi\bin\;C:\Program Files\Common Files\Intel\WirelessCommon\;E:\apache-maven-3.2.5\bin;e:\Oracle\Instant Client\bin;e:\mysql_5.6.24_winx64\mysql-5.6.24-winx64\bin;C:\Program Files\Intel\WiFi\bin\;C:\Program Files\Common Files\Intel\WirelessCommon\
USERNAME=Administrator
OS=Windows_NT
PROCESSOR_IDENTIFIER=Intel64 Family 6 Model 60 Stepping 3, GenuineIntel



---------------  S Y S T E M  ---------------

OS: Windows 7 , 64 bit Build 7601 Service Pack 1

CPU:total 4 (2 cores per cpu, 2 threads per core) family 6 model 60 stepping 3, cmov, cx8, fxsr, mmx, sse, sse2, sse3, ssse3, sse4.1, sse4.2, popcnt, avx, avx2, erms, ht, tsc, tscinvbit

Memory: 4k page, physical 8068048k(1481180k free), swap 16134240k(6754416k free)

vm_info: Java HotSpot(TM) 64-Bit Server VM (24.75-b04) for windows-amd64 JRE (1.7.0_75-b13), built on Dec 18 2014 17:15:01 by "java_re" with unknown MS VC++:1600

time: Tue May 31 15:00:25 2016
elapsed time: 18804 seconds

