#
# A fatal error has been detected by the Java Runtime Environment:
#
#  EXCEPTION_ACCESS_VIOLATION (0xc0000005) at pc=0x00000001800118f8, pid=6288, tid=2328
#
# JRE version: Java(TM) SE Runtime Environment (7.0_75-b13) (build 1.7.0_75-b13)
# Java VM: Java HotSpot(TM) 64-Bit Server VM (24.75-b04 mixed mode windows-amd64 compressed oops)
# Problematic frame:
# C  [tcnative-1.dll+0x118f8]
#
# Failed to write core dump. Minidumps are not enabled by default on client versions of Windows
#
# If you would like to submit a bug report, please visit:
#   http://bugreport.sun.com/bugreport/crash.jsp
# The crash happened outside the Java Virtual Machine in native code.
# See problematic frame for where to report the bug.
#

---------------  T H R E A D  ---------------

Current thread (0x000000000e2b3000):  JavaThread "http-apr-8080-exec-5" daemon [_thread_in_native, id=2328, stack(0x0000000018990000,0x0000000018a90000)]

siginfo: ExceptionCode=0xc0000005, reading address 0x0000000000000040

Registers:
RAX=0x00000001800011c0, RBX=0x0000000000000000, RCX=0x0000000018a8ba58, RDX=0x0000000000000000
RSP=0x0000000018a8b9f0, RBP=0x0000000018a8bac8, RSI=0x00000000eff91655, RDI=0x0000000018a8ba58
R8 =0x0000000000000000, R9 =0x0000000016fdb4f0, R10=0x00000000023a9a7d, R11=0x00000000622b3aa0
R12=0x0000000000000000, R13=0x000000078069f9a8, R14=0x0000000018a8baf8, R15=0x000000000e2b3000
RIP=0x00000001800118f8, EFLAGS=0x0000000000010246

Top of Stack: (sp=0x0000000018a8b9f0)
0x0000000018a8b9f0:   000000000000003a 000000000e2b3000
0x0000000018a8ba00:   000000000e2b3000 0000000062195278
0x0000000018a8ba10:   0000000000000038 00000001800011e7
0x0000000018a8ba20:   000000000e2b31e8 000000000e2b3000
0x0000000018a8ba30:   00000007d7eb63d8 00000000621a2911
0x0000000018a8ba40:   000000078069f9b0 00000000023a9aa9
0x0000000018a8ba50:   00000007d7eb89d0 0000000000000000
0x0000000018a8ba60:   000000a8000000a8 000000a8000000a8
0x0000000018a8ba70:   0000000786b8cce8 00000007d7eb89a0
0x0000000018a8ba80:   00000007d7eb89d0 0000000018a8ba88
0x0000000018a8ba90:   0000000000000000 0000000018a8baf8
0x0000000018a8baa0:   000000078069fd78 0000000000000000
0x0000000018a8bab0:   000000078069f9b0 0000000000000000
0x0000000018a8bac0:   0000000018a8bae8 0000000018a8bb40
0x0000000018a8bad0:   00000000023962b5 0000000784e2e7a8
0x0000000018a8bae0:   00000000023a3a57 0000000016fdb4f0 

Instructions: (pc=0x00000001800118f8)
0x00000001800118d8:   c3 cc cc cc cc cc cc cc 48 89 5c 24 08 57 48 83
0x00000001800118e8:   ec 20 49 8b d8 48 8b f9 85 d2 0f 85 85 00 00 00
0x00000001800118f8:   41 39 50 40 75 06 41 39 50 3c 74 65 49 8b 40 18
0x0000000180011908:   c7 40 20 1c 00 00 00 49 8b 50 18 48 8b 4b 08 4c 


Register to memory mapping:

RAX=0x00000001800011c0 is an unknown value
RBX=0x0000000000000000 is an unknown value
RCX=0x0000000018a8ba58 is pointing into the stack for thread: 0x000000000e2b3000
RDX=0x0000000000000000 is an unknown value
RSP=0x0000000018a8b9f0 is pointing into the stack for thread: 0x000000000e2b3000
RBP=0x0000000018a8bac8 is pointing into the stack for thread: 0x000000000e2b3000
RSI=0x00000000eff91655 is an unknown value
RDI=0x0000000018a8ba58 is pointing into the stack for thread: 0x000000000e2b3000
R8 =0x0000000000000000 is an unknown value
R9 =0x0000000016fdb4f0 is an unknown value
R10=0x00000000023a9a7d is at code_begin+1277 in an Interpreter codelet
method entry point (kind = native)  [0x00000000023a9580, 0x00000000023aa440]  3776 bytes
R11=0x00000000622b3aa0 is an unknown value
R12=0x0000000000000000 is an unknown value
R13=0x000000078069f9a8 is pointing into object: 0x000000078069f968
{constMethod} 
 - klass: {other class}
 - constants:       0x000000078069f198 constant pool [40] for 'org/apache/tomcat/jni/Address' cache=0x000000078069fd78
R14=0x0000000018a8baf8 is pointing into the stack for thread: 0x000000000e2b3000
R15=0x000000000e2b3000 is a thread


Stack: [0x0000000018990000,0x0000000018a90000],  sp=0x0000000018a8b9f0,  free space=1006k
Native frames: (J=compiled Java code, j=interpreted, Vv=VM code, C=native code)
C  [tcnative-1.dll+0x118f8]
j  org.apache.coyote.http11.Http11AprProcessor.actionInternal(Lorg/apache/coyote/ActionCode;Ljava/lang/Object;)V+340
j  org.apache.coyote.http11.AbstractHttp11Processor.action(Lorg/apache/coyote/ActionCode;Ljava/lang/Object;)V+587
j  org.apache.coyote.Request.action(Lorg/apache/coyote/ActionCode;Ljava/lang/Object;)V+56
j  org.apache.catalina.connector.Request.getLocalAddr()Ljava/lang/String;+18
j  org.apache.catalina.connector.RequestFacade.getLocalAddr()Ljava/lang/String;+27
j  javax.servlet.ServletRequestWrapper.getLocalAddr()Ljava/lang/String;+4
j  javax.servlet.ServletRequestWrapper.getLocalAddr()Ljava/lang/String;+4
j  com.linewell.ccip.appcommon.utils.ClientInfoUtils.get(Ljavax/servlet/http/HttpServletRequest;)Lcom/linewell/ccip/api/logbean/bean/ClientInfo;+57
j  com.linewell.ccip.app.action.DocAction.execute(Ljavax/servlet/http/HttpServletRequest;Ljavax/servlet/http/HttpServletResponse;Ljava/lang/String;)Ljava/lang/Object;+414
j  com.linewell.ccip.struts.action.AppCommonAction.execute()Ljava/lang/String;+108
j  sun.reflect.GeneratedMethodAccessor104.invoke(Ljava/lang/Object;[Ljava/lang/Object;)Ljava/lang/Object;+36
j  sun.reflect.DelegatingMethodAccessorImpl.invoke(Ljava/lang/Object;[Ljava/lang/Object;)Ljava/lang/Object;+6
j  java.lang.reflect.Method.invoke(Ljava/lang/Object;[Ljava/lang/Object;)Ljava/lang/Object;+57
j  com.opensymphony.xwork2.DefaultActionInvocation.invokeAction(Ljava/lang/Object;Lcom/opensymphony/xwork2/config/entities/ActionConfig;)Ljava/lang/String;+228
j  com.opensymphony.xwork2.DefaultActionInvocation.invokeActionOnly()Ljava/lang/String;+14
j  com.opensymphony.xwork2.DefaultActionInvocation.invoke()Ljava/lang/String;+111
j  org.apache.struts2.interceptor.DeprecationInterceptor.intercept(Lcom/opensymphony/xwork2/ActionInvocation;)Ljava/lang/String;+30
j  com.opensymphony.xwork2.DefaultActionInvocation.invoke()Ljava/lang/String;+82
j  org.apache.struts2.interceptor.debugging.DebuggingInterceptor.intercept(Lcom/opensymphony/xwork2/ActionInvocation;)Ljava/lang/String;+342
j  com.opensymphony.xwork2.DefaultActionInvocation.invoke()Ljava/lang/String;+82
j  com.opensymphony.xwork2.interceptor.DefaultWorkflowInterceptor.doIntercept(Lcom/opensymphony/xwork2/ActionInvocation;)Ljava/lang/String;+112
j  com.opensymphony.xwork2.interceptor.MethodFilterInterceptor.intercept(Lcom/opensymphony/xwork2/ActionInvocation;)Ljava/lang/String;+10
j  com.opensymphony.xwork2.DefaultActionInvocation.invoke()Ljava/lang/String;+82
j  com.opensymphony.xwork2.validator.ValidationInterceptor.doIntercept(Lcom/opensymphony/xwork2/ActionInvocation;)Ljava/lang/String;+6
j  org.apache.struts2.interceptor.validation.AnnotationValidationInterceptor.doIntercept(Lcom/opensymphony/xwork2/ActionInvocation;)Ljava/lang/String;+202
j  com.opensymphony.xwork2.interceptor.MethodFilterInterceptor.intercept(Lcom/opensymphony/xwork2/ActionInvocation;)Ljava/lang/String;+10
j  com.opensymphony.xwork2.DefaultActionInvocation.invoke()Ljava/lang/String;+82
j  com.opensymphony.xwork2.interceptor.ConversionErrorInterceptor.intercept(Lcom/opensymphony/xwork2/ActionInvocation;)Ljava/lang/String;+200
j  com.opensymphony.xwork2.DefaultActionInvocation.invoke()Ljava/lang/String;+82
j  com.opensymphony.xwork2.interceptor.ParametersInterceptor.doIntercept(Lcom/opensymphony/xwork2/ActionInvocation;)Ljava/lang/String;+164
j  com.opensymphony.xwork2.interceptor.MethodFilterInterceptor.intercept(Lcom/opensymphony/xwork2/ActionInvocation;)Ljava/lang/String;+10
j  com.opensymphony.xwork2.DefaultActionInvocation.invoke()Ljava/lang/String;+82
j  com.opensymphony.xwork2.interceptor.ParametersInterceptor.doIntercept(Lcom/opensymphony/xwork2/ActionInvocation;)Ljava/lang/String;+164
j  com.opensymphony.xwork2.interceptor.MethodFilterInterceptor.intercept(Lcom/opensymphony/xwork2/ActionInvocation;)Ljava/lang/String;+10
j  com.opensymphony.xwork2.DefaultActionInvocation.invoke()Ljava/lang/String;+82
j  com.opensymphony.xwork2.interceptor.StaticParametersInterceptor.intercept(Lcom/opensymphony/xwork2/ActionInvocation;)Ljava/lang/String;+525
j  com.opensymphony.xwork2.DefaultActionInvocation.invoke()Ljava/lang/String;+82
j  org.apache.struts2.interceptor.MultiselectInterceptor.intercept(Lcom/opensymphony/xwork2/ActionInvocation;)Ljava/lang/String;+121
j  com.opensymphony.xwork2.DefaultActionInvocation.invoke()Ljava/lang/String;+82
j  org.apache.struts2.interceptor.CheckboxInterceptor.intercept(Lcom/opensymphony/xwork2/ActionInvocation;)Ljava/lang/String;+208
j  com.opensymphony.xwork2.DefaultActionInvocation.invoke()Ljava/lang/String;+82
j  org.apache.struts2.interceptor.FileUploadInterceptor.intercept(Lcom/opensymphony/xwork2/ActionInvocation;)Ljava/lang/String;+86
j  com.opensymphony.xwork2.DefaultActionInvocation.invoke()Ljava/lang/String;+82
j  com.opensymphony.xwork2.interceptor.ModelDrivenInterceptor.intercept(Lcom/opensymphony/xwork2/ActionInvocation;)Ljava/lang/String;+73
j  com.opensymphony.xwork2.DefaultActionInvocation.invoke()Ljava/lang/String;+82
j  com.opensymphony.xwork2.interceptor.ScopedModelDrivenInterceptor.intercept(Lcom/opensymphony/xwork2/ActionInvocation;)Ljava/lang/String;+179
j  com.opensymphony.xwork2.DefaultActionInvocation.invoke()Ljava/lang/String;+82
j  com.opensymphony.xwork2.interceptor.ChainingInterceptor.intercept(Lcom/opensymphony/xwork2/ActionInvocation;)Ljava/lang/String;+30
j  com.opensymphony.xwork2.DefaultActionInvocation.invoke()Ljava/lang/String;+82
j  com.opensymphony.xwork2.interceptor.PrepareInterceptor.doIntercept(Lcom/opensymphony/xwork2/ActionInvocation;)Ljava/lang/String;+116
j  com.opensymphony.xwork2.interceptor.MethodFilterInterceptor.intercept(Lcom/opensymphony/xwork2/ActionInvocation;)Ljava/lang/String;+10
j  com.opensymphony.xwork2.DefaultActionInvocation.invoke()Ljava/lang/String;+82
j  com.opensymphony.xwork2.interceptor.I18nInterceptor.intercept(Lcom/opensymphony/xwork2/ActionInvocation;)Ljava/lang/String;+131
j  com.opensymphony.xwork2.DefaultActionInvocation.invoke()Ljava/lang/String;+82
j  org.apache.struts2.interceptor.ServletConfigInterceptor.intercept(Lcom/opensymphony/xwork2/ActionInvocation;)Ljava/lang/String;+228
j  com.opensymphony.xwork2.DefaultActionInvocation.invoke()Ljava/lang/String;+82
j  com.opensymphony.xwork2.interceptor.AliasInterceptor.intercept(Lcom/opensymphony/xwork2/ActionInvocation;)Ljava/lang/String;+536
j  com.opensymphony.xwork2.DefaultActionInvocation.invoke()Ljava/lang/String;+82
j  com.opensymphony.xwork2.interceptor.ExceptionMappingInterceptor.intercept(Lcom/opensymphony/xwork2/ActionInvocation;)Ljava/lang/String;+1
j  com.opensymphony.xwork2.DefaultActionInvocation.invoke()Ljava/lang/String;+82
j  org.apache.struts2.impl.StrutsActionProxy.execute()Ljava/lang/String;+20
j  org.apache.struts2.dispatcher.Dispatcher.serviceAction(Ljavax/servlet/http/HttpServletRequest;Ljavax/servlet/http/HttpServletResponse;Ljavax/servlet/ServletContext;Lorg/apache/struts2/dispatcher/mapper/ActionMapping;)V+212
j  org.apache.struts2.dispatcher.ng.ExecuteOperations.executeAction(Ljavax/servlet/http/HttpServletRequest;Ljavax/servlet/http/HttpServletResponse;Lorg/apache/struts2/dispatcher/mapper/ActionMapping;)V+11
j  org.apache.struts2.dispatcher.ng.filter.StrutsPrepareAndExecuteFilter.doFilter(Ljavax/servlet/ServletRequest;Ljavax/servlet/ServletResponse;Ljavax/servlet/FilterChain;)V+149
j  org.apache.catalina.core.ApplicationFilterChain.internalDoFilter(Ljavax/servlet/ServletRequest;Ljavax/servlet/ServletResponse;)V+151
j  org.apache.catalina.core.ApplicationFilterChain.doFilter(Ljavax/servlet/ServletRequest;Ljavax/servlet/ServletResponse;)V+101
j  org.jasig.cas.client.util.HttpServletRequestWrapperFilter.doFilter(Ljavax/servlet/ServletRequest;Ljavax/servlet/ServletResponse;Ljavax/servlet/FilterChain;)V+23
j  org.apache.catalina.core.ApplicationFilterChain.internalDoFilter(Ljavax/servlet/ServletRequest;Ljavax/servlet/ServletResponse;)V+151
j  org.apache.catalina.core.ApplicationFilterChain.doFilter(Ljavax/servlet/ServletRequest;Ljavax/servlet/ServletResponse;)V+101
j  org.jasig.cas.client.validation.AbstractTicketValidationFilter.doFilter(Ljavax/servlet/ServletRequest;Ljavax/servlet/ServletResponse;Ljavax/servlet/FilterChain;)V+241
j  org.apache.catalina.core.ApplicationFilterChain.internalDoFilter(Ljavax/servlet/ServletRequest;Ljavax/servlet/ServletResponse;)V+151
j  org.apache.catalina.core.ApplicationFilterChain.doFilter(Ljavax/servlet/ServletRequest;Ljavax/servlet/ServletResponse;)V+101
j  org.jasig.cas.client.authentication.AuthenticationFilter.doFilter(Ljavax/servlet/ServletRequest;Ljavax/servlet/ServletResponse;Ljavax/servlet/FilterChain;)V+86
j  org.apache.catalina.core.ApplicationFilterChain.internalDoFilter(Ljavax/servlet/ServletRequest;Ljavax/servlet/ServletResponse;)V+151
j  org.apache.catalina.core.ApplicationFilterChain.doFilter(Ljavax/servlet/ServletRequest;Ljavax/servlet/ServletResponse;)V+101
j  org.jasig.cas.client.session.SingleSignOutFilter.doFilter(Ljavax/servlet/ServletRequest;Ljavax/servlet/ServletResponse;Ljavax/servlet/FilterChain;)V+45
j  org.apache.catalina.core.ApplicationFilterChain.internalDoFilter(Ljavax/servlet/ServletRequest;Ljavax/servlet/ServletResponse;)V+151
j  org.apache.catalina.core.ApplicationFilterChain.doFilter(Ljavax/servlet/ServletRequest;Ljavax/servlet/ServletResponse;)V+101
j  org.apache.catalina.core.StandardWrapperValve.invoke(Lorg/apache/catalina/connector/Request;Lorg/apache/catalina/connector/Response;)V+783
j  org.apache.catalina.core.StandardContextValve.invoke(Lorg/apache/catalina/connector/Request;Lorg/apache/catalina/connector/Response;)V+166
j  org.apache.catalina.authenticator.AuthenticatorBase.invoke(Lorg/apache/catalina/connector/Request;Lorg/apache/catalina/connector/Response;)V+449
j  org.apache.catalina.core.StandardHostValve.invoke(Lorg/apache/catalina/connector/Request;Lorg/apache/catalina/connector/Response;)V+158
j  org.apache.catalina.valves.ErrorReportValve.invoke(Lorg/apache/catalina/connector/Request;Lorg/apache/catalina/connector/Response;)V+6
j  org.apache.catalina.valves.AccessLogValve.invoke(Lorg/apache/catalina/connector/Request;Lorg/apache/catalina/connector/Response;)V+6
j  org.apache.catalina.core.StandardEngineValve.invoke(Lorg/apache/catalina/connector/Request;Lorg/apache/catalina/connector/Response;)V+71
j  org.apache.catalina.connector.CoyoteAdapter.service(Lorg/apache/coyote/Request;Lorg/apache/coyote/Response;)V+196
j  org.apache.coyote.http11.AbstractHttp11Processor.process(Lorg/apache/tomcat/util/net/SocketWrapper;)Lorg/apache/tomcat/util/net/AbstractEndpoint$Handler$SocketState;+632
j  org.apache.coyote.AbstractProtocol$AbstractConnectionHandler.process(Lorg/apache/tomcat/util/net/SocketWrapper;Lorg/apache/tomcat/util/net/SocketStatus;)Lorg/apache/tomcat/util/net/AbstractEndpoint$Handler$SocketState;+239
j  org.apache.tomcat.util.net.AprEndpoint$SocketProcessor.doRun()V+26
j  org.apache.tomcat.util.net.AprEndpoint$SocketProcessor.run()V+55
j  java.util.concurrent.ThreadPoolExecutor.runWorker(Ljava/util/concurrent/ThreadPoolExecutor$Worker;)V+95
j  java.util.concurrent.ThreadPoolExecutor$Worker.run()V+5
j  org.apache.tomcat.util.threads.TaskThread$WrappingRunnable.run()V+4
j  java.lang.Thread.run()V+11
v  ~StubRoutines::call_stub
V  [jvm.dll+0x1cf163]

Java frames: (J=compiled Java code, j=interpreted, Vv=VM code)
j  org.apache.tomcat.jni.Address.get(IJ)J+0
j  org.apache.coyote.http11.Http11AprProcessor.actionInternal(Lorg/apache/coyote/ActionCode;Ljava/lang/Object;)V+340
j  org.apache.coyote.http11.AbstractHttp11Processor.action(Lorg/apache/coyote/ActionCode;Ljava/lang/Object;)V+587
j  org.apache.coyote.Request.action(Lorg/apache/coyote/ActionCode;Ljava/lang/Object;)V+56
j  org.apache.catalina.connector.Request.getLocalAddr()Ljava/lang/String;+18
j  org.apache.catalina.connector.RequestFacade.getLocalAddr()Ljava/lang/String;+27
j  javax.servlet.ServletRequestWrapper.getLocalAddr()Ljava/lang/String;+4
j  javax.servlet.ServletRequestWrapper.getLocalAddr()Ljava/lang/String;+4
j  com.linewell.ccip.appcommon.utils.ClientInfoUtils.get(Ljavax/servlet/http/HttpServletRequest;)Lcom/linewell/ccip/api/logbean/bean/ClientInfo;+57
j  com.linewell.ccip.app.action.DocAction.execute(Ljavax/servlet/http/HttpServletRequest;Ljavax/servlet/http/HttpServletResponse;Ljava/lang/String;)Ljava/lang/Object;+414
j  com.linewell.ccip.struts.action.AppCommonAction.execute()Ljava/lang/String;+108
j  sun.reflect.GeneratedMethodAccessor104.invoke(Ljava/lang/Object;[Ljava/lang/Object;)Ljava/lang/Object;+36
j  sun.reflect.DelegatingMethodAccessorImpl.invoke(Ljava/lang/Object;[Ljava/lang/Object;)Ljava/lang/Object;+6
j  java.lang.reflect.Method.invoke(Ljava/lang/Object;[Ljava/lang/Object;)Ljava/lang/Object;+57
j  com.opensymphony.xwork2.DefaultActionInvocation.invokeAction(Ljava/lang/Object;Lcom/opensymphony/xwork2/config/entities/ActionConfig;)Ljava/lang/String;+228
j  com.opensymphony.xwork2.DefaultActionInvocation.invokeActionOnly()Ljava/lang/String;+14
j  com.opensymphony.xwork2.DefaultActionInvocation.invoke()Ljava/lang/String;+111
j  org.apache.struts2.interceptor.DeprecationInterceptor.intercept(Lcom/opensymphony/xwork2/ActionInvocation;)Ljava/lang/String;+30
j  com.opensymphony.xwork2.DefaultActionInvocation.invoke()Ljava/lang/String;+82
j  org.apache.struts2.interceptor.debugging.DebuggingInterceptor.intercept(Lcom/opensymphony/xwork2/ActionInvocation;)Ljava/lang/String;+342
j  com.opensymphony.xwork2.DefaultActionInvocation.invoke()Ljava/lang/String;+82
j  com.opensymphony.xwork2.interceptor.DefaultWorkflowInterceptor.doIntercept(Lcom/opensymphony/xwork2/ActionInvocation;)Ljava/lang/String;+112
j  com.opensymphony.xwork2.interceptor.MethodFilterInterceptor.intercept(Lcom/opensymphony/xwork2/ActionInvocation;)Ljava/lang/String;+10
j  com.opensymphony.xwork2.DefaultActionInvocation.invoke()Ljava/lang/String;+82
j  com.opensymphony.xwork2.validator.ValidationInterceptor.doIntercept(Lcom/opensymphony/xwork2/ActionInvocation;)Ljava/lang/String;+6
j  org.apache.struts2.interceptor.validation.AnnotationValidationInterceptor.doIntercept(Lcom/opensymphony/xwork2/ActionInvocation;)Ljava/lang/String;+202
j  com.opensymphony.xwork2.interceptor.MethodFilterInterceptor.intercept(Lcom/opensymphony/xwork2/ActionInvocation;)Ljava/lang/String;+10
j  com.opensymphony.xwork2.DefaultActionInvocation.invoke()Ljava/lang/String;+82
j  com.opensymphony.xwork2.interceptor.ConversionErrorInterceptor.intercept(Lcom/opensymphony/xwork2/ActionInvocation;)Ljava/lang/String;+200
j  com.opensymphony.xwork2.DefaultActionInvocation.invoke()Ljava/lang/String;+82
j  com.opensymphony.xwork2.interceptor.ParametersInterceptor.doIntercept(Lcom/opensymphony/xwork2/ActionInvocation;)Ljava/lang/String;+164
j  com.opensymphony.xwork2.interceptor.MethodFilterInterceptor.intercept(Lcom/opensymphony/xwork2/ActionInvocation;)Ljava/lang/String;+10
j  com.opensymphony.xwork2.DefaultActionInvocation.invoke()Ljava/lang/String;+82
j  com.opensymphony.xwork2.interceptor.ParametersInterceptor.doIntercept(Lcom/opensymphony/xwork2/ActionInvocation;)Ljava/lang/String;+164
j  com.opensymphony.xwork2.interceptor.MethodFilterInterceptor.intercept(Lcom/opensymphony/xwork2/ActionInvocation;)Ljava/lang/String;+10
j  com.opensymphony.xwork2.DefaultActionInvocation.invoke()Ljava/lang/String;+82
j  com.opensymphony.xwork2.interceptor.StaticParametersInterceptor.intercept(Lcom/opensymphony/xwork2/ActionInvocation;)Ljava/lang/String;+525
j  com.opensymphony.xwork2.DefaultActionInvocation.invoke()Ljava/lang/String;+82
j  org.apache.struts2.interceptor.MultiselectInterceptor.intercept(Lcom/opensymphony/xwork2/ActionInvocation;)Ljava/lang/String;+121
j  com.opensymphony.xwork2.DefaultActionInvocation.invoke()Ljava/lang/String;+82
j  org.apache.struts2.interceptor.CheckboxInterceptor.intercept(Lcom/opensymphony/xwork2/ActionInvocation;)Ljava/lang/String;+208
j  com.opensymphony.xwork2.DefaultActionInvocation.invoke()Ljava/lang/String;+82
j  org.apache.struts2.interceptor.FileUploadInterceptor.intercept(Lcom/opensymphony/xwork2/ActionInvocation;)Ljava/lang/String;+86
j  com.opensymphony.xwork2.DefaultActionInvocation.invoke()Ljava/lang/String;+82
j  com.opensymphony.xwork2.interceptor.ModelDrivenInterceptor.intercept(Lcom/opensymphony/xwork2/ActionInvocation;)Ljava/lang/String;+73
j  com.opensymphony.xwork2.DefaultActionInvocation.invoke()Ljava/lang/String;+82
j  com.opensymphony.xwork2.interceptor.ScopedModelDrivenInterceptor.intercept(Lcom/opensymphony/xwork2/ActionInvocation;)Ljava/lang/String;+179
j  com.opensymphony.xwork2.DefaultActionInvocation.invoke()Ljava/lang/String;+82
j  com.opensymphony.xwork2.interceptor.ChainingInterceptor.intercept(Lcom/opensymphony/xwork2/ActionInvocation;)Ljava/lang/String;+30
j  com.opensymphony.xwork2.DefaultActionInvocation.invoke()Ljava/lang/String;+82
j  com.opensymphony.xwork2.interceptor.PrepareInterceptor.doIntercept(Lcom/opensymphony/xwork2/ActionInvocation;)Ljava/lang/String;+116
j  com.opensymphony.xwork2.interceptor.MethodFilterInterceptor.intercept(Lcom/opensymphony/xwork2/ActionInvocation;)Ljava/lang/String;+10
j  com.opensymphony.xwork2.DefaultActionInvocation.invoke()Ljava/lang/String;+82
j  com.opensymphony.xwork2.interceptor.I18nInterceptor.intercept(Lcom/opensymphony/xwork2/ActionInvocation;)Ljava/lang/String;+131
j  com.opensymphony.xwork2.DefaultActionInvocation.invoke()Ljava/lang/String;+82
j  org.apache.struts2.interceptor.ServletConfigInterceptor.intercept(Lcom/opensymphony/xwork2/ActionInvocation;)Ljava/lang/String;+228
j  com.opensymphony.xwork2.DefaultActionInvocation.invoke()Ljava/lang/String;+82
j  com.opensymphony.xwork2.interceptor.AliasInterceptor.intercept(Lcom/opensymphony/xwork2/ActionInvocation;)Ljava/lang/String;+536
j  com.opensymphony.xwork2.DefaultActionInvocation.invoke()Ljava/lang/String;+82
j  com.opensymphony.xwork2.interceptor.ExceptionMappingInterceptor.intercept(Lcom/opensymphony/xwork2/ActionInvocation;)Ljava/lang/String;+1
j  com.opensymphony.xwork2.DefaultActionInvocation.invoke()Ljava/lang/String;+82
j  org.apache.struts2.impl.StrutsActionProxy.execute()Ljava/lang/String;+20
j  org.apache.struts2.dispatcher.Dispatcher.serviceAction(Ljavax/servlet/http/HttpServletRequest;Ljavax/servlet/http/HttpServletResponse;Ljavax/servlet/ServletContext;Lorg/apache/struts2/dispatcher/mapper/ActionMapping;)V+212
j  org.apache.struts2.dispatcher.ng.ExecuteOperations.executeAction(Ljavax/servlet/http/HttpServletRequest;Ljavax/servlet/http/HttpServletResponse;Lorg/apache/struts2/dispatcher/mapper/ActionMapping;)V+11
j  org.apache.struts2.dispatcher.ng.filter.StrutsPrepareAndExecuteFilter.doFilter(Ljavax/servlet/ServletRequest;Ljavax/servlet/ServletResponse;Ljavax/servlet/FilterChain;)V+149
j  org.apache.catalina.core.ApplicationFilterChain.internalDoFilter(Ljavax/servlet/ServletRequest;Ljavax/servlet/ServletResponse;)V+151
j  org.apache.catalina.core.ApplicationFilterChain.doFilter(Ljavax/servlet/ServletRequest;Ljavax/servlet/ServletResponse;)V+101
j  org.jasig.cas.client.util.HttpServletRequestWrapperFilter.doFilter(Ljavax/servlet/ServletRequest;Ljavax/servlet/ServletResponse;Ljavax/servlet/FilterChain;)V+23
j  org.apache.catalina.core.ApplicationFilterChain.internalDoFilter(Ljavax/servlet/ServletRequest;Ljavax/servlet/ServletResponse;)V+151
j  org.apache.catalina.core.ApplicationFilterChain.doFilter(Ljavax/servlet/ServletRequest;Ljavax/servlet/ServletResponse;)V+101
j  org.jasig.cas.client.validation.AbstractTicketValidationFilter.doFilter(Ljavax/servlet/ServletRequest;Ljavax/servlet/ServletResponse;Ljavax/servlet/FilterChain;)V+241
j  org.apache.catalina.core.ApplicationFilterChain.internalDoFilter(Ljavax/servlet/ServletRequest;Ljavax/servlet/ServletResponse;)V+151
j  org.apache.catalina.core.ApplicationFilterChain.doFilter(Ljavax/servlet/ServletRequest;Ljavax/servlet/ServletResponse;)V+101
j  org.jasig.cas.client.authentication.AuthenticationFilter.doFilter(Ljavax/servlet/ServletRequest;Ljavax/servlet/ServletResponse;Ljavax/servlet/FilterChain;)V+86
j  org.apache.catalina.core.ApplicationFilterChain.internalDoFilter(Ljavax/servlet/ServletRequest;Ljavax/servlet/ServletResponse;)V+151
j  org.apache.catalina.core.ApplicationFilterChain.doFilter(Ljavax/servlet/ServletRequest;Ljavax/servlet/ServletResponse;)V+101
j  org.jasig.cas.client.session.SingleSignOutFilter.doFilter(Ljavax/servlet/ServletRequest;Ljavax/servlet/ServletResponse;Ljavax/servlet/FilterChain;)V+45
j  org.apache.catalina.core.ApplicationFilterChain.internalDoFilter(Ljavax/servlet/ServletRequest;Ljavax/servlet/ServletResponse;)V+151
j  org.apache.catalina.core.ApplicationFilterChain.doFilter(Ljavax/servlet/ServletRequest;Ljavax/servlet/ServletResponse;)V+101
j  org.apache.catalina.core.StandardWrapperValve.invoke(Lorg/apache/catalina/connector/Request;Lorg/apache/catalina/connector/Response;)V+783
j  org.apache.catalina.core.StandardContextValve.invoke(Lorg/apache/catalina/connector/Request;Lorg/apache/catalina/connector/Response;)V+166
j  org.apache.catalina.authenticator.AuthenticatorBase.invoke(Lorg/apache/catalina/connector/Request;Lorg/apache/catalina/connector/Response;)V+449
j  org.apache.catalina.core.StandardHostValve.invoke(Lorg/apache/catalina/connector/Request;Lorg/apache/catalina/connector/Response;)V+158
j  org.apache.catalina.valves.ErrorReportValve.invoke(Lorg/apache/catalina/connector/Request;Lorg/apache/catalina/connector/Response;)V+6
j  org.apache.catalina.valves.AccessLogValve.invoke(Lorg/apache/catalina/connector/Request;Lorg/apache/catalina/connector/Response;)V+6
j  org.apache.catalina.core.StandardEngineValve.invoke(Lorg/apache/catalina/connector/Request;Lorg/apache/catalina/connector/Response;)V+71
j  org.apache.catalina.connector.CoyoteAdapter.service(Lorg/apache/coyote/Request;Lorg/apache/coyote/Response;)V+196
j  org.apache.coyote.http11.AbstractHttp11Processor.process(Lorg/apache/tomcat/util/net/SocketWrapper;)Lorg/apache/tomcat/util/net/AbstractEndpoint$Handler$SocketState;+632
j  org.apache.coyote.AbstractProtocol$AbstractConnectionHandler.process(Lorg/apache/tomcat/util/net/SocketWrapper;Lorg/apache/tomcat/util/net/SocketStatus;)Lorg/apache/tomcat/util/net/AbstractEndpoint$Handler$SocketState;+239
j  org.apache.tomcat.util.net.AprEndpoint$SocketProcessor.doRun()V+26
j  org.apache.tomcat.util.net.AprEndpoint$SocketProcessor.run()V+55
j  java.util.concurrent.ThreadPoolExecutor.runWorker(Ljava/util/concurrent/ThreadPoolExecutor$Worker;)V+95
j  java.util.concurrent.ThreadPoolExecutor$Worker.run()V+5
j  org.apache.tomcat.util.threads.TaskThread$WrappingRunnable.run()V+4
j  java.lang.Thread.run()V+11
v  ~StubRoutines::call_stub

---------------  P R O C E S S  ---------------

Java Threads: ( => current thread )
  0x0000000016b01000 JavaThread "HouseKeeper" daemon [_thread_blocked, id=3580, stack(0x000000000ec80000,0x000000000ed80000)]
  0x0000000016afd000 JavaThread "cluster-3-192.168.10.101:27017" daemon [_thread_blocked, id=4780, stack(0x000000000ea70000,0x000000000eb70000)]
  0x0000000016aff800 JavaThread "Thread-8" daemon [_thread_blocked, id=5656, stack(0x0000000019d90000,0x0000000019e90000)]
  0x0000000016afe800 JavaThread "cluster-2-192.168.10.101:27017" daemon [_thread_blocked, id=736, stack(0x0000000019bd0000,0x0000000019cd0000)]
  0x0000000016afe000 JavaThread "cluster-1-192.168.10.101:27017" daemon [_thread_blocked, id=4312, stack(0x0000000019a00000,0x0000000019b00000)]
=>0x000000000e2b3000 JavaThread "http-apr-8080-exec-5" daemon [_thread_in_native, id=2328, stack(0x0000000018990000,0x0000000018a90000)]
  0x000000000e2b2800 JavaThread "ajp-apr-8010-AsyncTimeout" daemon [_thread_blocked, id=7164, stack(0x0000000018c70000,0x0000000018d70000)]
  0x0000000016402000 JavaThread "Thread-3" daemon [_thread_blocked, id=7036, stack(0x0000000012820000,0x0000000012920000)]
  0x000000000e1ce800 JavaThread "FileWatchdog" daemon [_thread_blocked, id=6400, stack(0x00000000100b0000,0x00000000101b0000)]
  0x000000000d3e8800 JavaThread "GC Daemon" daemon [_thread_blocked, id=6508, stack(0x000000000e800000,0x000000000e900000)]
  0x000000000bceb800 JavaThread "Service Thread" daemon [_thread_blocked, id=6880, stack(0x000000000c8f0000,0x000000000c9f0000)]
  0x000000000bce3000 JavaThread "C2 CompilerThread1" daemon [_thread_blocked, id=6580, stack(0x000000000ccc0000,0x000000000cdc0000)]
  0x000000000bcdf000 JavaThread "C2 CompilerThread0" daemon [_thread_blocked, id=6432, stack(0x000000000cb80000,0x000000000cc80000)]
  0x000000000bccf800 JavaThread "JDWP Command Reader" daemon [_thread_blocked, id=6524, stack(0x000000000ca50000,0x000000000cb50000)]
  0x000000000bcce000 JavaThread "JDWP Event Helper Thread" daemon [_thread_blocked, id=6584, stack(0x000000000c510000,0x000000000c610000)]
  0x000000000bcc2000 JavaThread "JDWP Transport Listener: dt_socket" daemon [_thread_blocked, id=4876, stack(0x000000000c760000,0x000000000c860000)]
  0x000000000a5bf000 JavaThread "Attach Listener" daemon [_thread_blocked, id=5800, stack(0x000000000ba10000,0x000000000bb10000)]
  0x000000000a564800 JavaThread "Finalizer" daemon [_thread_blocked, id=1472, stack(0x000000000b630000,0x000000000b730000)]
  0x000000000a55d800 JavaThread "Reference Handler" daemon [_thread_blocked, id=6100, stack(0x000000000b900000,0x000000000ba00000)]

Other Threads:
  0x000000000a55a000 VMThread [stack: 0x000000000b750000,0x000000000b850000] [id=4072]

VM state:at safepoint (normal execution)

VM Mutex/Monitor currently owned by a thread:  ([mutex/lock_event])
[0x00000000021bcd00] Threads_lock - owner thread: 0x000000000a55a000
[0x00000000021bd200] Heap_lock - owner thread: 0x0000000016409000

Heap
 PSYoungGen      total 504320K, used 21264K [0x00000007d6f00000, 0x00000007f5c80000, 0x0000000800000000)
  eden space 503808K, 4% used [0x00000007d6f00000,0x00000007d83c40f0,0x00000007f5b00000)
  from space 512K, 0% used [0x00000007f5b80000,0x00000007f5b80000,0x00000007f5c00000)
  to   space 512K, 0% used [0x00000007f5c00000,0x00000007f5c00000,0x00000007f5c80000)
 ParOldGen       total 239616K, used 30496K [0x0000000784e00000, 0x0000000793800000, 0x00000007d6f00000)
  object space 239616K, 12% used [0x0000000784e00000,0x0000000786bc8330,0x0000000793800000)
 PSPermGen       total 66560K, used 66427K [0x000000077fc00000, 0x0000000783d00000, 0x0000000784e00000)
  object space 66560K, 99% used [0x000000077fc00000,0x0000000783cdeef0,0x0000000783d00000)

Card table byte_map: [0x0000000005390000,0x00000000057a0000] byte_map_base: 0x0000000001792000

Polling page: 0x0000000000120000

Code Cache  [0x0000000002390000, 0x0000000002990000, 0x0000000005390000)
 total_blobs=1941 nmethods=1473 adapters=427 free_code_cache=43155Kb largest_free_block=44079872

Compilation events (10 events):
Event: 899.472 Thread 0x000000000bcdf000 1716             org.apache.catalina.connector.MapperListener::containerEvent (691 bytes)
Event: 899.499 Thread 0x000000000bcdf000 nmethod 1716 0x0000000002982010 code [0x00000000029823c0, 0x0000000002984618]
Event: 899.721 Thread 0x000000000bce3000 1717             java.lang.ThreadLocal$ThreadLocalMap::expungeStaleEntries (46 bytes)
Event: 899.722 Thread 0x000000000bce3000 nmethod 1717 0x0000000002978f10 code [0x0000000002979060, 0x00000000029791a8]
Event: 899.725 Thread 0x000000000bce3000 1718   !         org.apache.catalina.loader.WebappClassLoader::checkThreadLocalMapForLeaks (357 bytes)
Event: 899.747 Thread 0x000000000bcdf000 1719             java.util.concurrent.CopyOnWriteArrayList$COWIterator::<init> (7 bytes)
Event: 899.747 Thread 0x000000000bcdf000 nmethod 1719 0x00000000028b6310 code [0x00000000028b6440, 0x00000000028b64b8]
Event: 899.748 Thread 0x000000000bcdf000 1720             java.util.concurrent.CopyOnWriteArrayList$COWIterator::<init> (15 bytes)
Event: 899.748 Thread 0x000000000bcdf000 nmethod 1720 0x0000000002532150 code [0x0000000002532280, 0x00000000025322f8]
Event: 899.763 Thread 0x000000000bce3000 nmethod 1718 0x000000000277ab50 code [0x000000000277af40, 0x000000000277c358]

GC Heap History (10 events):
Event: 898.006 GC heap before
{Heap before GC invocations=354 (full 171):
 PSYoungGen      total 504320K, used 508K [0x00000007d6f00000, 0x00000007f5c80000, 0x0000000800000000)
  eden space 503808K, 0% used [0x00000007d6f00000,0x00000007d6f00000,0x00000007f5b00000)
  from space 512K, 99% used [0x00000007f5b80000,0x00000007f5bff328,0x00000007f5c00000)
  to   space 512K, 0% used [0x00000007f5c00000,0x00000007f5c00000,0x00000007f5c80000)
 ParOldGen       total 239616K, used 79540K [0x0000000784e00000, 0x0000000793800000, 0x00000007d6f00000)
  object space 239616K, 33% used [0x0000000784e00000,0x0000000789bad338,0x0000000793800000)
 PSPermGen       total 67072K, used 66614K [0x000000077fc00000, 0x0000000783d80000, 0x0000000784e00000)
  object space 67072K, 99% used [0x000000077fc00000,0x0000000783d0d9d8,0x0000000783d80000)
Event: 898.239 GC heap after
Heap after GC invocations=354 (full 171):
 PSYoungGen      total 504320K, used 0K [0x00000007d6f00000, 0x00000007f5c80000, 0x0000000800000000)
  eden space 503808K, 0% used [0x00000007d6f00000,0x00000007d6f00000,0x00000007f5b00000)
  from space 512K, 0% used [0x00000007f5b80000,0x00000007f5b80000,0x00000007f5c00000)
  to   space 512K, 0% used [0x00000007f5c00000,0x00000007f5c00000,0x00000007f5c80000)
 ParOldGen       total 239616K, used 64372K [0x0000000784e00000, 0x0000000793800000, 0x00000007d6f00000)
  object space 239616K, 26% used [0x0000000784e00000,0x0000000788cdd060,0x0000000793800000)
 PSPermGen       total 67072K, used 66538K [0x000000077fc00000, 0x0000000783d80000, 0x0000000784e00000)
  object space 67072K, 99% used [0x000000077fc00000,0x0000000783cfa9c8,0x0000000783d80000)
}
Event: 899.512 GC heap before
{Heap before GC invocations=355 (full 171):
 PSYoungGen      total 504320K, used 66114K [0x00000007d6f00000, 0x00000007f5c80000, 0x0000000800000000)
  eden space 503808K, 13% used [0x00000007d6f00000,0x00000007daf90a90,0x00000007f5b00000)
  from space 512K, 0% used [0x00000007f5b80000,0x00000007f5b80000,0x00000007f5c00000)
  to   space 512K, 0% used [0x00000007f5c00000,0x00000007f5c00000,0x00000007f5c80000)
 ParOldGen       total 239616K, used 64372K [0x0000000784e00000, 0x0000000793800000, 0x00000007d6f00000)
  object space 239616K, 26% used [0x0000000784e00000,0x0000000788cdd060,0x0000000793800000)
 PSPermGen       total 67072K, used 66586K [0x000000077fc00000, 0x0000000783d80000, 0x0000000784e00000)
  object space 67072K, 99% used [0x000000077fc00000,0x0000000783d06a80,0x0000000783d80000)
Event: 899.516 GC heap after
Heap after GC invocations=355 (full 171):
 PSYoungGen      total 504320K, used 294K [0x00000007d6f00000, 0x00000007f5c80000, 0x0000000800000000)
  eden space 503808K, 0% used [0x00000007d6f00000,0x00000007d6f00000,0x00000007f5b00000)
  from space 512K, 57% used [0x00000007f5c00000,0x00000007f5c498e0,0x00000007f5c80000)
  to   space 512K, 0% used [0x00000007f5b80000,0x00000007f5b80000,0x00000007f5c00000)
 ParOldGen       total 239616K, used 64372K [0x0000000784e00000, 0x0000000793800000, 0x00000007d6f00000)
  object space 239616K, 26% used [0x0000000784e00000,0x0000000788cdd060,0x0000000793800000)
 PSPermGen       total 67072K, used 66586K [0x000000077fc00000, 0x0000000783d80000, 0x0000000784e00000)
  object space 67072K, 99% used [0x000000077fc00000,0x0000000783d06a80,0x0000000783d80000)
}
Event: 899.516 GC heap before
{Heap before GC invocations=356 (full 172):
 PSYoungGen      total 504320K, used 294K [0x00000007d6f00000, 0x00000007f5c80000, 0x0000000800000000)
  eden space 503808K, 0% used [0x00000007d6f00000,0x00000007d6f00000,0x00000007f5b00000)
  from space 512K, 57% used [0x00000007f5c00000,0x00000007f5c498e0,0x00000007f5c80000)
  to   space 512K, 0% used [0x00000007f5b80000,0x00000007f5b80000,0x00000007f5c00000)
 ParOldGen       total 239616K, used 64372K [0x0000000784e00000, 0x0000000793800000, 0x00000007d6f00000)
  object space 239616K, 26% used [0x0000000784e00000,0x0000000788cdd060,0x0000000793800000)
 PSPermGen       total 67072K, used 66586K [0x000000077fc00000, 0x0000000783d80000, 0x0000000784e00000)
  object space 67072K, 99% used [0x000000077fc00000,0x0000000783d06a80,0x0000000783d80000)
Event: 899.703 GC heap after
Heap after GC invocations=356 (full 172):
 PSYoungGen      total 504320K, used 0K [0x00000007d6f00000, 0x00000007f5c80000, 0x0000000800000000)
  eden space 503808K, 0% used [0x00000007d6f00000,0x00000007d6f00000,0x00000007f5b00000)
  from space 512K, 0% used [0x00000007f5c00000,0x00000007f5c00000,0x00000007f5c80000)
  to   space 512K, 0% used [0x00000007f5b80000,0x00000007f5b80000,0x00000007f5c00000)
 ParOldGen       total 239616K, used 47135K [0x0000000784e00000, 0x0000000793800000, 0x00000007d6f00000)
  object space 239616K, 19% used [0x0000000784e00000,0x0000000787c07e30,0x0000000793800000)
 PSPermGen       total 66560K, used 66464K [0x000000077fc00000, 0x0000000783d00000, 0x0000000784e00000)
  object space 66560K, 99% used [0x000000077fc00000,0x0000000783ce8120,0x0000000783d00000)
}
Event: 904.704 GC heap before
{Heap before GC invocations=357 (full 172):
 PSYoungGen      total 504320K, used 63982K [0x00000007d6f00000, 0x00000007f5c80000, 0x0000000800000000)
  eden space 503808K, 12% used [0x00000007d6f00000,0x00000007dad7bb08,0x00000007f5b00000)
  from space 512K, 0% used [0x00000007f5c00000,0x00000007f5c00000,0x00000007f5c80000)
  to   space 512K, 0% used [0x00000007f5b80000,0x00000007f5b80000,0x00000007f5c00000)
 ParOldGen       total 239616K, used 47135K [0x0000000784e00000, 0x0000000793800000, 0x00000007d6f00000)
  object space 239616K, 19% used [0x0000000784e00000,0x0000000787c07e30,0x0000000793800000)
 PSPermGen       total 66560K, used 66476K [0x000000077fc00000, 0x0000000783d00000, 0x0000000784e00000)
  object space 66560K, 99% used [0x000000077fc00000,0x0000000783ceb118,0x0000000783d00000)
Event: 904.717 GC heap after
Heap after GC invocations=357 (full 172):
 PSYoungGen      total 504320K, used 64K [0x00000007d6f00000, 0x00000007f5c80000, 0x0000000800000000)
  eden space 503808K, 0% used [0x00000007d6f00000,0x00000007d6f00000,0x00000007f5b00000)
  from space 512K, 12% used [0x00000007f5b80000,0x00000007f5b90000,0x00000007f5c00000)
  to   space 512K, 0% used [0x00000007f5c00000,0x00000007f5c00000,0x00000007f5c80000)
 ParOldGen       total 239616K, used 47135K [0x0000000784e00000, 0x0000000793800000, 0x00000007d6f00000)
  object space 239616K, 19% used [0x0000000784e00000,0x0000000787c07e30,0x0000000793800000)
 PSPermGen       total 66560K, used 66476K [0x000000077fc00000, 0x0000000783d00000, 0x0000000784e00000)
  object space 66560K, 99% used [0x000000077fc00000,0x0000000783ceb118,0x0000000783d00000)
}
Event: 904.717 GC heap before
{Heap before GC invocations=358 (full 173):
 PSYoungGen      total 504320K, used 64K [0x00000007d6f00000, 0x00000007f5c80000, 0x0000000800000000)
  eden space 503808K, 0% used [0x00000007d6f00000,0x00000007d6f00000,0x00000007f5b00000)
  from space 512K, 12% used [0x00000007f5b80000,0x00000007f5b90000,0x00000007f5c00000)
  to   space 512K, 0% used [0x00000007f5c00000,0x00000007f5c00000,0x00000007f5c80000)
 ParOldGen       total 239616K, used 47135K [0x0000000784e00000, 0x0000000793800000, 0x00000007d6f00000)
  object space 239616K, 19% used [0x0000000784e00000,0x0000000787c07e30,0x0000000793800000)
 PSPermGen       total 66560K, used 66476K [0x000000077fc00000, 0x0000000783d00000, 0x0000000784e00000)
  object space 66560K, 99% used [0x000000077fc00000,0x0000000783ceb118,0x0000000783d00000)
Event: 904.955 GC heap after
Heap after GC invocations=358 (full 173):
 PSYoungGen      total 504320K, used 0K [0x00000007d6f00000, 0x00000007f5c80000, 0x0000000800000000)
  eden space 503808K, 0% used [0x00000007d6f00000,0x00000007d6f00000,0x00000007f5b00000)
  from space 512K, 0% used [0x00000007f5b80000,0x00000007f5b80000,0x00000007f5c00000)
  to   space 512K, 0% used [0x00000007f5c00000,0x00000007f5c00000,0x00000007f5c80000)
 ParOldGen       total 239616K, used 30496K [0x0000000784e00000, 0x0000000793800000, 0x00000007d6f00000)
  object space 239616K, 12% used [0x0000000784e00000,0x0000000786bc8330,0x0000000793800000)
 PSPermGen       total 66560K, used 66418K [0x000000077fc00000, 0x0000000783d00000, 0x0000000784e00000)
  object space 66560K, 99% used [0x000000077fc00000,0x0000000783cdc8a0,0x0000000783d00000)
}

Deoptimization events (10 events):
Event: 899.728 Thread 0x000000000d9c5800 Uncommon trap: reason=unhandled action=none pc=0x000000000285256c method=java.net.URLClassLoader$1.run()Ljava/lang/Class; @ 72
Event: 899.728 Thread 0x000000000d9c5800 Uncommon trap: reason=unhandled action=none pc=0x00000000024e1b20 method=org.apache.naming.resources.BaseDirContext.lookup(Ljava/lang/String;)Ljava/lang/Object; @ 35
Event: 899.729 Thread 0x000000000d9c5800 Uncommon trap: reason=unhandled action=none pc=0x000000000285256c method=java.net.URLClassLoader$1.run()Ljava/lang/Class; @ 72
Event: 899.729 Thread 0x000000000d9c5800 Uncommon trap: reason=unhandled action=none pc=0x00000000024e1b20 method=org.apache.naming.resources.BaseDirContext.lookup(Ljava/lang/String;)Ljava/lang/Object; @ 35
Event: 899.729 Thread 0x000000000d9c5800 Uncommon trap: reason=unhandled action=none pc=0x000000000285256c method=java.net.URLClassLoader$1.run()Ljava/lang/Class; @ 72
Event: 899.729 Thread 0x000000000d9c5800 Uncommon trap: reason=unhandled action=none pc=0x00000000024e1b20 method=org.apache.naming.resources.BaseDirContext.lookup(Ljava/lang/String;)Ljava/lang/Object; @ 35
Event: 899.743 Thread 0x000000000d9c5800 Uncommon trap: reason=unhandled action=none pc=0x00000000024e1b20 method=org.apache.naming.resources.BaseDirContext.lookup(Ljava/lang/String;)Ljava/lang/Object; @ 35
Event: 903.239 Thread 0x0000000016b01000 Uncommon trap: reason=unhandled action=none pc=0x000000000294b458 method=java.util.ArrayList.rangeCheck(I)V @ 20
Event: 905.014 Thread 0x0000000002098000 Uncommon trap: reason=class_check action=maybe_recompile pc=0x000000000285b264 method=org.apache.catalina.core.ContainerBase.fireContainerEvent(Ljava/lang/String;Ljava/lang/Object;)V @ 53
Event: 905.014 Thread 0x0000000002098000 Uncommon trap: reason=class_check action=maybe_recompile pc=0x000000000285b264 method=org.apache.catalina.core.ContainerBase.fireContainerEvent(Ljava/lang/String;Ljava/lang/Object;)V @ 53

Internal exceptions (10 events):
Event: 899.390 Thread 0x0000000002098000 Threw 0x00000007d7e704b0 at C:\re\jdk7u75\1940\hotspot\src\share\vm\prims\jvm.cpp:1281
Event: 899.391 Thread 0x0000000002098000 Implicit null exception at 0x00000000024aa422 to 0x00000000024aaaa1
Event: 899.440 Thread 0x000000000d9c5800 Threw 0x00000007d9991218 at C:\re\jdk7u75\1940\hotspot\src\share\vm\prims\jvm.cpp:1281
Event: 899.469 Thread 0x000000000d9c5800 Threw 0x00000007d99ef420 at C:\re\jdk7u75\1940\hotspot\src\share\vm\prims\jvm.cpp:1281
Event: 899.493 Thread 0x000000000d9c5800 Threw 0x00000007da39f380 at C:\re\jdk7u75\1940\hotspot\src\share\vm\prims\jvm.cpp:1281
Event: 899.512 Thread 0x0000000016402000 Threw 0x00000007da5b9a28 at C:\re\jdk7u75\1940\hotspot\src\share\vm\prims\jvm.cpp:3002
Event: 899.728 Thread 0x000000000d9c5800 Threw 0x00000007d6f539d8 at C:\re\jdk7u75\1940\hotspot\src\share\vm\prims\jvm.cpp:1281
Event: 899.729 Thread 0x000000000d9c5800 Threw 0x00000007d6f558b8 at C:\re\jdk7u75\1940\hotspot\src\share\vm\prims\jvm.cpp:1281
Event: 899.729 Thread 0x000000000d9c5800 Threw 0x00000007d6f571d0 at C:\re\jdk7u75\1940\hotspot\src\share\vm\prims\jvm.cpp:1281
Event: 905.072 Thread 0x0000000016407800 Threw 0x00000007d7c89d58 at C:\re\jdk7u75\1940\hotspot\src\share\vm\runtime\reflection.cpp:1030

Events (10 events):
Event: 905.072 Executing VM operation: RevokeBias
Event: 905.072 Executing VM operation: RevokeBias done
Event: 905.072 Executing VM operation: RevokeBias
Event: 905.073 Executing VM operation: RevokeBias done
Event: 905.073 Executing VM operation: RevokeBias
Event: 905.073 Executing VM operation: RevokeBias done
Event: 905.073 Thread 0x0000000016407800 Thread exited: 0x0000000016407800
Event: 905.073 Thread 0x0000000016b01800 Thread exited: 0x0000000016b01800
Event: 905.073 Thread 0x0000000016409000 Thread exited: 0x0000000016409000
Event: 905.073 Thread 0x000000000a5b9800 Thread exited: 0x000000000a5b9800


Dynamic libraries:
0x000000013fbc0000 - 0x000000013fbf3000 	E:\Java\jre7\bin\javaw.exe
0x0000000077b20000 - 0x0000000077cc8000 	C:\Windows\SYSTEM32\ntdll.dll
0x0000000077900000 - 0x0000000077a1f000 	C:\Windows\system32\kernel32.dll
0x000007fefdc40000 - 0x000007fefdcac000 	C:\Windows\system32\KERNELBASE.dll
0x000007fefde30000 - 0x000007fefdf0b000 	C:\Windows\system32\ADVAPI32.dll
0x000007fefefd0000 - 0x000007feff06f000 	C:\Windows\system32\msvcrt.dll
0x000007feffb20000 - 0x000007feffb3f000 	C:\Windows\SYSTEM32\sechost.dll
0x000007fefeea0000 - 0x000007fefefcd000 	C:\Windows\system32\RPCRT4.dll
0x0000000077a20000 - 0x0000000077b1a000 	C:\Windows\system32\USER32.dll
0x000007fefdfd0000 - 0x000007fefe037000 	C:\Windows\system32\GDI32.dll
0x000007feff830000 - 0x000007feff83e000 	C:\Windows\system32\LPK.dll
0x000007feff910000 - 0x000007feff9d9000 	C:\Windows\system32\USP10.dll
0x000007fefc0f0000 - 0x000007fefc2e4000 	C:\Windows\WinSxS\amd64_microsoft.windows.common-controls_6595b64144ccf1df_6.0.7601.18837_none_fa3b1e3d17594757\COMCTL32.dll
0x000007fefe090000 - 0x000007fefe101000 	C:\Windows\system32\SHLWAPI.dll
0x000007feff840000 - 0x000007feff86e000 	C:\Windows\system32\IMM32.DLL
0x000007feffb40000 - 0x000007feffc49000 	C:\Windows\system32\MSCTF.dll
0x000007fefd9e0000 - 0x000007fefda12000 	C:\Windows\system32\nvinitx.dll
0x000007fefd9d0000 - 0x000007fefd9dc000 	C:\Windows\system32\VERSION.dll
0x000000000f000000 - 0x000000000f006000 	C:\Program Files\NVIDIA Corporation\CoProcManager\detoured.dll
0x000007fefa4f0000 - 0x000007fefa522000 	C:\Program Files\NVIDIA Corporation\CoProcManager\nvd3d9wrapx.dll
0x000007feffc50000 - 0x000007feffe27000 	C:\Windows\system32\SETUPAPI.dll
0x000007fefdd90000 - 0x000007fefddc6000 	C:\Windows\system32\CFGMGR32.dll
0x000007feff750000 - 0x000007feff827000 	C:\Windows\system32\OLEAUT32.dll
0x000007feff070000 - 0x000007feff273000 	C:\Windows\system32\ole32.dll
0x000007fefddd0000 - 0x000007fefddea000 	C:\Windows\system32\DEVOBJ.dll
0x000007fefa4c0000 - 0x000007fefa4e2000 	C:\Program Files\NVIDIA Corporation\CoProcManager\nvdxgiwrapx.dll
0x00000000629b0000 - 0x0000000062a82000 	E:\Java\jre7\bin\msvcr100.dll
0x00000000620d0000 - 0x00000000628a4000 	E:\Java\jre7\bin\server\jvm.dll
0x000007fef8170000 - 0x000007fef8179000 	C:\Windows\system32\WSOCK32.dll
0x000007fefe040000 - 0x000007fefe08d000 	C:\Windows\system32\WS2_32.dll
0x000007feffb10000 - 0x000007feffb18000 	C:\Windows\system32\NSI.dll
0x000007fefb820000 - 0x000007fefb85b000 	C:\Windows\system32\WINMM.dll
0x0000000077cf0000 - 0x0000000077cf7000 	C:\Windows\system32\PSAPI.DLL
0x0000000071aa0000 - 0x0000000071aaf000 	E:\Java\jre7\bin\verify.dll
0x000000006d800000 - 0x000000006d828000 	E:\Java\jre7\bin\java.dll
0x000000006d7c0000 - 0x000000006d7f5000 	E:\Java\jre7\bin\jdwp.dll
0x000000006d7b0000 - 0x000000006d7b8000 	E:\Java\jre7\bin\npt.dll
0x000000006d790000 - 0x000000006d7a5000 	E:\Java\jre7\bin\zip.dll
0x000000006d780000 - 0x000000006d789000 	E:\Java\jre7\bin\dt_socket.dll
0x000007fefc490000 - 0x000007fefc4a5000 	C:\Windows\system32\NLAapi.dll
0x000007fef67a0000 - 0x000007fef67b5000 	C:\Windows\system32\napinsp.dll
0x000007fef6780000 - 0x000007fef6799000 	C:\Windows\system32\pnrpnsp.dll
0x000007fefd240000 - 0x000007fefd295000 	C:\Windows\System32\mswsock.dll
0x000007fefd0c0000 - 0x000007fefd11b000 	C:\Windows\system32\DNSAPI.dll
0x000007fef6770000 - 0x000007fef677b000 	C:\Windows\System32\winrnr.dll
0x000007fef6760000 - 0x000007fef6770000 	C:\Windows\system32\wshbth.dll
0x000007fefc010000 - 0x000007fefc037000 	C:\Windows\system32\IPHLPAPI.DLL
0x000007fefc000000 - 0x000007fefc00b000 	C:\Windows\system32\WINNSI.DLL
0x000007fefb6c0000 - 0x000007fefb713000 	C:\Windows\System32\fwpuclnt.dll
0x000007fef6f10000 - 0x000007fef6f18000 	C:\Windows\system32\rasadhlp.dll
0x000007fefcbe0000 - 0x000007fefcbe7000 	C:\Windows\System32\wshtcpip.dll
0x0000000068230000 - 0x000000006823b000 	E:\Java\jre7\bin\management.dll
0x0000000062990000 - 0x00000000629a9000 	E:\Java\jre7\bin\net.dll
0x000007fefd230000 - 0x000007fefd237000 	C:\Windows\System32\wship6.dll
0x00000000620b0000 - 0x00000000620c1000 	E:\Java\jre7\bin\nio.dll
0x0000000180000000 - 0x000000018018f000 	E:\apache-tomcat-7.0.59\bin\tcnative-1.dll
0x000007fefd2a0000 - 0x000007fefd2b7000 	C:\Windows\system32\CRYPTSP.dll
0x000007fefcfa0000 - 0x000007fefcfe7000 	C:\Windows\system32\rsaenh.dll
0x000007fefd900000 - 0x000007fefd90f000 	C:\Windows\system32\CRYPTBASE.dll
0x000000006d860000 - 0x000000006d884000 	E:\Java\jre7\bin\sunec.dll
0x000000006d8b0000 - 0x000000006d8bb000 	E:\Java\jre7\bin\sunmscapi.dll
0x000000000e900000 - 0x000000000ea6c000 	C:\Windows\system32\CRYPT32.dll
0x000007fefdac0000 - 0x000007fefdacf000 	C:\Windows\system32\MSASN1.dll
0x000007fefcd20000 - 0x000007fefcd3e000 	C:\Windows\system32\USERENV.dll
0x000007fefda20000 - 0x000007fefda2f000 	C:\Windows\system32\profapi.dll
0x000007fefb690000 - 0x000007fefb6a8000 	C:\Windows\system32\dhcpcsvc.DLL
0x000007fefb670000 - 0x000007fefb681000 	C:\Windows\system32\dhcpcsvc6.DLL
0x000007fef1c20000 - 0x000007fef1d45000 	C:\Windows\system32\dbghelp.dll

VM Arguments:
jvm_args: -agentlib:jdwp=transport=dt_socket,suspend=y,address=localhost:64056 -Dcatalina.home=E:\apache-tomcat-7.0.59 -Dcatalina.base=E:\apache-tomcat-7.0.59 -Djava.endorsed.dirs=E:\apache-tomcat-7.0.59/common/endorsed -Djava.io.tmpdir=E:\apache-tomcat-7.0.59\temp -Djava.library.path=E:\Java\jre7\bin;E:\apache-tomcat-7.0.59\bin -Dsun.io.useCanonCaches=false 
java_command: org.apache.catalina.startup.Bootstrap start
Launcher Type: SUN_STANDARD

Environment Variables:
JAVA_HOME=E:\Java\jdk1.7.0_75
PATH=C:\Program Files (x86)\NVIDIA Corporation\PhysX\Common;C:\Windows\system32;C:\Windows;C:\Windows\System32\Wbem;C:\Windows\System32\WindowsPowerShell\v1.0\;C:\Program Files\Intel\WiFi\bin\;C:\Program Files\Common Files\Intel\WirelessCommon\;E:\apache-maven-3.2.5\bin;C:\Program Files\Intel\WiFi\bin\;C:\Program Files\Common Files\Intel\WirelessCommon\
USERNAME=Administrator
OS=Windows_NT
PROCESSOR_IDENTIFIER=Intel64 Family 6 Model 60 Stepping 3, GenuineIntel



---------------  S Y S T E M  ---------------

OS: Windows 7 , 64 bit Build 7601 Service Pack 1

CPU:total 4 (2 cores per cpu, 2 threads per core) family 6 model 60 stepping 3, cmov, cx8, fxsr, mmx, sse, sse2, sse3, ssse3, sse4.1, sse4.2, popcnt, avx, avx2, erms, ht, tsc, tscinvbit

Memory: 4k page, physical 8068048k(3042472k free), swap 16134244k(10380448k free)

vm_info: Java HotSpot(TM) 64-Bit Server VM (24.75-b04) for windows-amd64 JRE (1.7.0_75-b13), built on Dec 18 2014 17:15:01 by "java_re" with unknown MS VC++:1600

time: Tue Jul 21 10:44:44 2015
elapsed time: 905 seconds

