2016-05-31 09:46:34,826 - FileResourceLoader : initialization complete.
2016-05-31 09:46:34,826 - ResourceCache : initialized. (class org.apache.velocity.runtime.resource.ResourceCacheImpl)
2016-05-31 09:46:34,826 - Default ResourceManager initialization complete.
2016-05-31 09:46:34,826 - Loaded System Directive: org.apache.velocity.runtime.directive.Literal
2016-05-31 09:46:34,836 - Loaded System Directive: org.apache.velocity.runtime.directive.Macro
2016-05-31 09:46:34,836 - Loaded System Directive: org.apache.velocity.runtime.directive.Parse
2016-05-31 09:46:34,836 - Loaded System Directive: org.apache.velocity.runtime.directive.Include
2016-05-31 09:46:34,836 - Loaded System Directive: org.apache.velocity.runtime.directive.Foreach
2016-05-31 09:46:34,856 - Created: 20 parsers.
2016-05-31 09:46:34,856 - Velocimacro : initialization starting.
2016-05-31 09:46:34,856 - Velocimacro : adding VMs from VM library template : VM_global_library.vm
2016-05-31 09:46:34,856 - ResourceManager : unable to find resource 'VM_global_library.vm' in any resource loader.
2016-05-31 09:46:34,856 - Velocimacro : error using  VM library template VM_global_library.vm : org.apache.velocity.exception.ResourceNotFoundException: Unable to find resource 'VM_global_library.vm'
2016-05-31 09:46:34,856 - Velocimacro :  VM library template macro registration complete.
2016-05-31 09:46:34,856 - Velocimacro : allowInline = true : VMs can be defined inline in templates
2016-05-31 09:46:34,856 - Velocimacro : allowInlineToOverride = false : VMs defined inline may NOT replace previous VM definitions
2016-05-31 09:46:34,856 - Velocimacro : allowInlineLocal = false : VMs defined inline will be  global in scope if allowed.
2016-05-31 09:46:34,856 - Velocimacro : messages on  : VM system will output logging messages
2016-05-31 09:46:34,856 - Velocimacro : autoload off  : VM system will not automatically reload global library macros
2016-05-31 09:46:34,856 - Velocimacro : initialization complete.
2016-05-31 09:46:34,856 - Velocity successfully started.
2016-05-31 09:46:37,816 - ResourceManager : found Bean.vm with loader org.apache.velocity.runtime.resource.loader.FileResourceLoader
2016-05-31 09:46:37,826 - ResourceManager : found Action.vm with loader org.apache.velocity.runtime.resource.loader.FileResourceLoader
2016-05-31 09:46:37,826 - ResourceManager : found Manager.vm with loader org.apache.velocity.runtime.resource.loader.FileResourceLoader
2016-05-31 09:46:37,826 - ResourceManager : found Business.vm with loader org.apache.velocity.runtime.resource.loader.FileResourceLoader
2016-05-31 10:28:30,028 - SimpleLog4JLogSystem initialized using logfile 'velocity.log'
2016-05-31 10:28:30,028 - ************************************************************** 
2016-05-31 10:28:30,028 - Starting Jakarta Velocity v1.3.1
2016-05-31 10:28:30,028 - RuntimeInstance initializing.
2016-05-31 10:28:30,028 - Default Properties File: org\apache\velocity\runtime\defaults\velocity.properties
2016-05-31 10:28:30,028 - Trying to use logger class org.apache.velocity.runtime.log.AvalonLogSystem
2016-05-31 10:28:30,028 - Couldn't find class org.apache.velocity.runtime.log.AvalonLogSystem or necessary supporting classes in classpath. Exception : java.lang.NoClassDefFoundError: org/apache/log/format/Formatter
2016-05-31 10:28:30,028 - Trying to use logger class org.apache.velocity.runtime.log.SimpleLog4JLogSystem
2016-05-31 10:28:30,028 - Using logger class org.apache.velocity.runtime.log.SimpleLog4JLogSystem
2016-05-31 10:28:30,038 - Default ResourceManager initializing. (class org.apache.velocity.runtime.resource.ResourceManagerImpl)
2016-05-31 10:28:30,038 - Resource Loader Instantiated: org.apache.velocity.runtime.resource.loader.FileResourceLoader
2016-05-31 10:28:30,038 - FileResourceLoader : initialization starting.
2016-05-31 10:28:30,038 - FileResourceLoader : adding path 'E:/Workspaces/MyEclipseProfessional/odoc/WebRoot/core/gencode/template/'
2016-05-31 10:28:30,038 - FileResourceLoader : initialization complete.
2016-05-31 10:28:30,038 - ResourceCache : initialized. (class org.apache.velocity.runtime.resource.ResourceCacheImpl)
2016-05-31 10:28:30,038 - Default ResourceManager initialization complete.
2016-05-31 10:28:30,038 - Loaded System Directive: org.apache.velocity.runtime.directive.Literal
2016-05-31 10:28:30,038 - Loaded System Directive: org.apache.velocity.runtime.directive.Macro
2016-05-31 10:28:30,038 - Loaded System Directive: org.apache.velocity.runtime.directive.Parse
2016-05-31 10:28:30,048 - Loaded System Directive: org.apache.velocity.runtime.directive.Include
2016-05-31 10:28:30,048 - Loaded System Directive: org.apache.velocity.runtime.directive.Foreach
2016-05-31 10:28:30,068 - Created: 20 parsers.
2016-05-31 10:28:30,068 - Velocimacro : initialization starting.
2016-05-31 10:28:30,068 - Velocimacro : adding VMs from VM library template : VM_global_library.vm
2016-05-31 10:28:30,068 - ResourceManager : unable to find resource 'VM_global_library.vm' in any resource loader.
2016-05-31 10:28:30,068 - Velocimacro : error using  VM library template VM_global_library.vm : org.apache.velocity.exception.ResourceNotFoundException: Unable to find resource 'VM_global_library.vm'
2016-05-31 10:28:30,068 - Velocimacro :  VM library template macro registration complete.
2016-05-31 10:28:30,068 - Velocimacro : allowInline = true : VMs can be defined inline in templates
2016-05-31 10:28:30,068 - Velocimacro : allowInlineToOverride = false : VMs defined inline may NOT replace previous VM definitions
2016-05-31 10:28:30,068 - Velocimacro : allowInlineLocal = false : VMs defined inline will be  global in scope if allowed.
2016-05-31 10:28:30,068 - Velocimacro : messages on  : VM system will output logging messages
2016-05-31 10:28:30,068 - Velocimacro : autoload off  : VM system will not automatically reload global library macros
2016-05-31 10:28:30,068 - Velocimacro : initialization complete.
2016-05-31 10:28:30,068 - Velocity successfully started.
2016-05-31 10:28:33,678 - ResourceManager : found Bean.vm with loader org.apache.velocity.runtime.resource.loader.FileResourceLoader
2016-05-31 10:28:33,690 - ResourceManager : found Action.vm with loader org.apache.velocity.runtime.resource.loader.FileResourceLoader
2016-05-31 10:28:33,690 - ResourceManager : found Manager.vm with loader org.apache.velocity.runtime.resource.loader.FileResourceLoader
2016-05-31 10:28:33,690 - ResourceManager : found Business.vm with loader org.apache.velocity.runtime.resource.loader.FileResourceLoader
2016-05-31 10:28:33,700 - ResourceManager : found Edit.vm with loader org.apache.velocity.runtime.resource.loader.FileResourceLoader
2016-05-31 10:28:33,700 - org.apache.velocity.runtime.exception.ReferenceException: reference : template = Edit.vm [line 22,column 9] : ${import_theme} is not a valid reference.
2016-05-31 10:28:33,700 - org.apache.velocity.runtime.exception.ReferenceException: reference : template = Edit.vm [line 23,column 9] : ${import_jquery} is not a valid reference.
2016-05-31 10:28:33,700 - org.apache.velocity.runtime.exception.ReferenceException: reference : template = Edit.vm [line 24,column 45] : ${path} is not a valid reference.
2016-05-31 10:28:33,700 - org.apache.velocity.runtime.exception.ReferenceException: reference : template = Edit.vm [line 25,column 45] : ${path} is not a valid reference.
2016-05-31 10:28:33,700 - org.apache.velocity.runtime.exception.ReferenceException: reference : template = Edit.vm [line 45,column 89] : ${path} is not a valid reference.
